{"/Users/gokhanbirkin/Desktop/birkinapps/kayra-export-e-commerce-BE/src/db.ts": {"path":"/Users/gokhanbirkin/Desktop/birkinapps/kayra-export-e-commerce-BE/src/db.ts","statementMap":{"0":{"start":{"line":1,"column":0},"end":{"line":1,"column":46}},"1":{"start":{"line":2,"column":13},"end":{"line":2,"column":37}}},"fnMap":{},"branchMap":{},"s":{"0":2,"1":2},"f":{},"b":{}}
,"/Users/gokhanbirkin/Desktop/birkinapps/kayra-export-e-commerce-BE/src/main.ts": {"path":"/Users/gokhanbirkin/Desktop/birkinapps/kayra-export-e-commerce-BE/src/main.ts","statementMap":{"0":{"start":{"line":1,"column":0},"end":{"line":1,"column":30}},"1":{"start":{"line":2,"column":0},"end":{"line":2,"column":24}},"2":{"start":{"line":3,"column":0},"end":{"line":3,"column":28}},"3":{"start":{"line":4,"column":0},"end":{"line":4,"column":54}},"4":{"start":{"line":5,"column":0},"end":{"line":5,"column":45}},"5":{"start":{"line":6,"column":0},"end":{"line":6,"column":57}},"6":{"start":{"line":7,"column":0},"end":{"line":7,"column":43}},"7":{"start":{"line":8,"column":0},"end":{"line":8,"column":41}},"8":{"start":{"line":9,"column":0},"end":{"line":9,"column":43}},"9":{"start":{"line":12,"column":0},"end":{"line":12,"column":43}},"10":{"start":{"line":13,"column":0},"end":{"line":13,"column":47}},"11":{"start":{"line":14,"column":0},"end":{"line":14,"column":51}},"12":{"start":{"line":15,"column":0},"end":{"line":15,"column":43}},"13":{"start":{"line":16,"column":0},"end":{"line":16,"column":39}},"14":{"start":{"line":17,"column":0},"end":{"line":17,"column":43}},"15":{"start":{"line":18,"column":0},"end":{"line":18,"column":45}},"16":{"start":{"line":19,"column":0},"end":{"line":19,"column":39}},"17":{"start":{"line":21,"column":12},"end":{"line":21,"column":21}},"18":{"start":{"line":75,"column":9},"end":{"line":75,"column":12}},"19":{"start":{"line":22,"column":13},"end":{"line":22,"column":37}},"20":{"start":{"line":25,"column":0},"end":{"line":25,"column":18}},"21":{"start":{"line":26,"column":0},"end":{"line":31,"column":2}},"22":{"start":{"line":32,"column":0},"end":{"line":32,"column":20}},"23":{"start":{"line":33,"column":0},"end":{"line":33,"column":16}},"24":{"start":{"line":34,"column":0},"end":{"line":34,"column":41}},"25":{"start":{"line":35,"column":0},"end":{"line":35,"column":63}},"26":{"start":{"line":38,"column":0},"end":{"line":38,"column":52}},"27":{"start":{"line":41,"column":0},"end":{"line":41,"column":33}},"28":{"start":{"line":42,"column":0},"end":{"line":42,"column":41}},"29":{"start":{"line":43,"column":0},"end":{"line":43,"column":45}},"30":{"start":{"line":44,"column":0},"end":{"line":44,"column":37}},"31":{"start":{"line":45,"column":0},"end":{"line":45,"column":33}},"32":{"start":{"line":46,"column":0},"end":{"line":46,"column":37}},"33":{"start":{"line":47,"column":0},"end":{"line":47,"column":39}},"34":{"start":{"line":48,"column":0},"end":{"line":48,"column":33}},"35":{"start":{"line":51,"column":14},"end":{"line":51,"column":42}},"36":{"start":{"line":52,"column":0},"end":{"line":52,"column":62}},"37":{"start":{"line":55,"column":0},"end":{"line":55,"column":22}},"38":{"start":{"line":58,"column":0},"end":{"line":61,"column":3}},"39":{"start":{"line":59,"column":2},"end":{"line":59,"column":49}},"40":{"start":{"line":60,"column":2},"end":{"line":60,"column":18}},"41":{"start":{"line":63,"column":0},"end":{"line":66,"column":3}},"42":{"start":{"line":64,"column":2},"end":{"line":64,"column":48}},"43":{"start":{"line":65,"column":2},"end":{"line":65,"column":18}},"44":{"start":{"line":69,"column":0},"end":{"line":73,"column":1}},"45":{"start":{"line":70,"column":2},"end":{"line":72,"column":5}},"46":{"start":{"line":71,"column":4},"end":{"line":71,"column":58}}},"fnMap":{"0":{"name":"(anonymous_1)","decl":{"start":{"line":58,"column":22},"end":{"line":58,"column":25}},"loc":{"start":{"line":58,"column":27},"end":{"line":61,"column":1}}},"1":{"name":"(anonymous_2)","decl":{"start":{"line":63,"column":21},"end":{"line":63,"column":24}},"loc":{"start":{"line":63,"column":26},"end":{"line":66,"column":1}}},"2":{"name":"(anonymous_3)","decl":{"start":{"line":70,"column":19},"end":{"line":70,"column":22}},"loc":{"start":{"line":70,"column":24},"end":{"line":72,"column":3}}}},"branchMap":{"0":{"loc":{"start":{"line":22,"column":13},"end":{"line":22,"column":37}},"type":"binary-expr","locations":[{"start":{"line":22,"column":13},"end":{"line":22,"column":29}},{"start":{"line":22,"column":33},"end":{"line":22,"column":37}}]},"1":{"loc":{"start":{"line":28,"column":12},"end":{"line":28,"column":42}},"type":"binary-expr","locations":[{"start":{"line":28,"column":12},"end":{"line":28,"column":35}},{"start":{"line":28,"column":39},"end":{"line":28,"column":42}}]},"2":{"loc":{"start":{"line":69,"column":0},"end":{"line":73,"column":1}},"type":"if","locations":[{"start":{"line":69,"column":0},"end":{"line":73,"column":1}}]}},"s":{"0":2,"1":2,"2":2,"3":2,"4":2,"5":2,"6":2,"7":2,"8":2,"9":2,"10":2,"11":2,"12":2,"13":2,"14":2,"15":2,"16":2,"17":2,"18":2,"19":2,"20":2,"21":2,"22":2,"23":2,"24":2,"25":2,"26":2,"27":2,"28":2,"29":2,"30":2,"31":2,"32":2,"33":2,"34":2,"35":2,"36":2,"37":2,"38":2,"39":0,"40":0,"41":2,"42":0,"43":0,"44":2,"45":0,"46":0},"f":{"0":0,"1":0,"2":0},"b":{"0":[2,0],"1":[2,0],"2":[0]}}
,"/Users/gokhanbirkin/Desktop/birkinapps/kayra-export-e-commerce-BE/src/swagger.ts": {"path":"/Users/gokhanbirkin/Desktop/birkinapps/kayra-export-e-commerce-BE/src/swagger.ts","statementMap":{"0":{"start":{"line":1,"column":13},"end":{"line":28,"column":2}}},"fnMap":{},"branchMap":{},"s":{"0":2},"f":{},"b":{}}
,"/Users/gokhanbirkin/Desktop/birkinapps/kayra-export-e-commerce-BE/src/controllers/authController.ts": {"path":"/Users/gokhanbirkin/Desktop/birkinapps/kayra-export-e-commerce-BE/src/controllers/authController.ts","statementMap":{"0":{"start":{"line":2,"column":0},"end":{"line":2,"column":null}},"1":{"start":{"line":10,"column":24},"end":{"line":14,"column":1}},"2":{"start":{"line":11,"column":52},"end":{"line":11,"column":60}},"3":{"start":{"line":12,"column":15},"end":{"line":12,"column":72}},"4":{"start":{"line":13,"column":2},"end":{"line":13,"column":76}},"5":{"start":{"line":10,"column":13},"end":{"line":10,"column":24}},"6":{"start":{"line":16,"column":21},"end":{"line":20,"column":1}},"7":{"start":{"line":17,"column":30},"end":{"line":17,"column":38}},"8":{"start":{"line":18,"column":16},"end":{"line":18,"column":48}},"9":{"start":{"line":19,"column":2},"end":{"line":19,"column":22}},"10":{"start":{"line":16,"column":13},"end":{"line":16,"column":21}},"11":{"start":{"line":22,"column":26},"end":{"line":27,"column":1}},"12":{"start":{"line":23,"column":18},"end":{"line":23,"column":36}},"13":{"start":{"line":24,"column":15},"end":{"line":24,"column":43}},"14":{"start":{"line":25,"column":2},"end":{"line":25,"column":70}},"15":{"start":{"line":25,"column":13},"end":{"line":25,"column":70}},"16":{"start":{"line":26,"column":2},"end":{"line":26,"column":17}},"17":{"start":{"line":22,"column":13},"end":{"line":22,"column":26}},"18":{"start":{"line":29,"column":26},"end":{"line":33,"column":1}},"19":{"start":{"line":30,"column":18},"end":{"line":30,"column":36}},"20":{"start":{"line":31,"column":18},"end":{"line":31,"column":56}},"21":{"start":{"line":32,"column":2},"end":{"line":32,"column":32}},"22":{"start":{"line":29,"column":13},"end":{"line":29,"column":26}},"23":{"start":{"line":35,"column":27},"end":{"line":42,"column":1}},"24":{"start":{"line":36,"column":29},"end":{"line":36,"column":53}},"25":{"start":{"line":37,"column":2},"end":{"line":41,"column":5}},"26":{"start":{"line":35,"column":13},"end":{"line":35,"column":27}}},"fnMap":{"0":{"name":"(anonymous_0)","decl":{"start":{"line":10,"column":24},"end":{"line":10,"column":29}},"loc":{"start":{"line":10,"column":62},"end":{"line":14,"column":1}}},"1":{"name":"(anonymous_1)","decl":{"start":{"line":16,"column":21},"end":{"line":16,"column":26}},"loc":{"start":{"line":16,"column":59},"end":{"line":20,"column":1}}},"2":{"name":"(anonymous_2)","decl":{"start":{"line":22,"column":26},"end":{"line":22,"column":31}},"loc":{"start":{"line":22,"column":64},"end":{"line":27,"column":1}}},"3":{"name":"(anonymous_3)","decl":{"start":{"line":29,"column":26},"end":{"line":29,"column":31}},"loc":{"start":{"line":29,"column":64},"end":{"line":33,"column":1}}},"4":{"name":"(anonymous_4)","decl":{"start":{"line":35,"column":27},"end":{"line":35,"column":32}},"loc":{"start":{"line":35,"column":65},"end":{"line":42,"column":1}}}},"branchMap":{"0":{"loc":{"start":{"line":25,"column":2},"end":{"line":25,"column":70}},"type":"if","locations":[{"start":{"line":25,"column":2},"end":{"line":25,"column":70}}]}},"s":{"0":2,"1":2,"2":0,"3":0,"4":0,"5":2,"6":2,"7":0,"8":0,"9":0,"10":2,"11":2,"12":0,"13":0,"14":0,"15":0,"16":0,"17":2,"18":2,"19":0,"20":0,"21":0,"22":2,"23":2,"24":1,"25":1,"26":2},"f":{"0":0,"1":0,"2":0,"3":0,"4":1},"b":{"0":[0]}}
,"/Users/gokhanbirkin/Desktop/birkinapps/kayra-export-e-commerce-BE/src/controllers/basketController.ts": {"path":"/Users/gokhanbirkin/Desktop/birkinapps/kayra-export-e-commerce-BE/src/controllers/basketController.ts","statementMap":{"0":{"start":{"line":2,"column":0},"end":{"line":2,"column":59}},"1":{"start":{"line":4,"column":20},"end":{"line":8,"column":1}},"2":{"start":{"line":5,"column":18},"end":{"line":5,"column":36}},"3":{"start":{"line":6,"column":16},"end":{"line":6,"column":52}},"4":{"start":{"line":7,"column":2},"end":{"line":7,"column":18}},"5":{"start":{"line":4,"column":13},"end":{"line":4,"column":20}},"6":{"start":{"line":10,"column":19},"end":{"line":15,"column":1}},"7":{"start":{"line":11,"column":18},"end":{"line":11,"column":36}},"8":{"start":{"line":12,"column":34},"end":{"line":12,"column":42}},"9":{"start":{"line":13,"column":15},"end":{"line":13,"column":71}},"10":{"start":{"line":14,"column":2},"end":{"line":14,"column":29}},"11":{"start":{"line":10,"column":13},"end":{"line":10,"column":19}},"12":{"start":{"line":17,"column":22},"end":{"line":22,"column":1}},"13":{"start":{"line":18,"column":18},"end":{"line":18,"column":36}},"14":{"start":{"line":19,"column":13},"end":{"line":19,"column":34}},"15":{"start":{"line":20,"column":2},"end":{"line":20,"column":45}},"16":{"start":{"line":21,"column":2},"end":{"line":21,"column":22}},"17":{"start":{"line":17,"column":13},"end":{"line":17,"column":22}}},"fnMap":{"0":{"name":"(anonymous_9)","decl":{"start":{"line":4,"column":20},"end":{"line":4,"column":25}},"loc":{"start":{"line":4,"column":58},"end":{"line":8,"column":1}}},"1":{"name":"(anonymous_10)","decl":{"start":{"line":10,"column":19},"end":{"line":10,"column":24}},"loc":{"start":{"line":10,"column":57},"end":{"line":15,"column":1}}},"2":{"name":"(anonymous_11)","decl":{"start":{"line":17,"column":22},"end":{"line":17,"column":27}},"loc":{"start":{"line":17,"column":60},"end":{"line":22,"column":1}}}},"branchMap":{},"s":{"0":2,"1":2,"2":0,"3":0,"4":0,"5":2,"6":2,"7":0,"8":0,"9":0,"10":0,"11":2,"12":2,"13":0,"14":0,"15":0,"16":0,"17":2},"f":{"0":0,"1":0,"2":0},"b":{}}
,"/Users/gokhanbirkin/Desktop/birkinapps/kayra-export-e-commerce-BE/src/controllers/cartController.ts": {"path":"/Users/gokhanbirkin/Desktop/birkinapps/kayra-export-e-commerce-BE/src/controllers/cartController.ts","statementMap":{"0":{"start":{"line":2,"column":0},"end":{"line":2,"column":77}},"1":{"start":{"line":4,"column":23},"end":{"line":17,"column":1}},"2":{"start":{"line":5,"column":18},"end":{"line":5,"column":36}},"3":{"start":{"line":6,"column":19},"end":{"line":6,"column":38}},"4":{"start":{"line":7,"column":20},"end":{"line":7,"column":40}},"5":{"start":{"line":8,"column":34},"end":{"line":8,"column":42}},"6":{"start":{"line":10,"column":2},"end":{"line":16,"column":3}},"7":{"start":{"line":11,"column":17},"end":{"line":11,"column":68}},"8":{"start":{"line":12,"column":4},"end":{"line":12,"column":31}},"9":{"start":{"line":14,"column":17},"end":{"line":14,"column":61}},"10":{"start":{"line":15,"column":4},"end":{"line":15,"column":31}},"11":{"start":{"line":4,"column":13},"end":{"line":4,"column":23}},"12":{"start":{"line":19,"column":25},"end":{"line":31,"column":1}},"13":{"start":{"line":20,"column":18},"end":{"line":20,"column":36}},"14":{"start":{"line":21,"column":19},"end":{"line":21,"column":38}},"15":{"start":{"line":22,"column":20},"end":{"line":22,"column":40}},"16":{"start":{"line":24,"column":2},"end":{"line":30,"column":3}},"17":{"start":{"line":25,"column":18},"end":{"line":25,"column":46}},"18":{"start":{"line":26,"column":4},"end":{"line":26,"column":20}},"19":{"start":{"line":28,"column":18},"end":{"line":28,"column":39}},"20":{"start":{"line":29,"column":4},"end":{"line":29,"column":20}},"21":{"start":{"line":19,"column":13},"end":{"line":19,"column":25}},"22":{"start":{"line":33,"column":26},"end":{"line":46,"column":1}},"23":{"start":{"line":34,"column":18},"end":{"line":34,"column":36}},"24":{"start":{"line":35,"column":19},"end":{"line":35,"column":38}},"25":{"start":{"line":36,"column":20},"end":{"line":36,"column":40}},"26":{"start":{"line":37,"column":17},"end":{"line":37,"column":42}},"27":{"start":{"line":39,"column":2},"end":{"line":43,"column":3}},"28":{"start":{"line":40,"column":4},"end":{"line":40,"column":48}},"29":{"start":{"line":42,"column":4},"end":{"line":42,"column":41}},"30":{"start":{"line":45,"column":2},"end":{"line":45,"column":22}},"31":{"start":{"line":33,"column":13},"end":{"line":33,"column":26}}},"fnMap":{"0":{"name":"(anonymous_0)","decl":{"start":{"line":4,"column":23},"end":{"line":4,"column":28}},"loc":{"start":{"line":4,"column":61},"end":{"line":17,"column":1}}},"1":{"name":"(anonymous_1)","decl":{"start":{"line":19,"column":25},"end":{"line":19,"column":30}},"loc":{"start":{"line":19,"column":63},"end":{"line":31,"column":1}}},"2":{"name":"(anonymous_2)","decl":{"start":{"line":33,"column":26},"end":{"line":33,"column":31}},"loc":{"start":{"line":33,"column":64},"end":{"line":46,"column":1}}}},"branchMap":{"0":{"loc":{"start":{"line":10,"column":2},"end":{"line":16,"column":3}},"type":"if","locations":[{"start":{"line":10,"column":2},"end":{"line":16,"column":3}},{"start":{"line":13,"column":9},"end":{"line":16,"column":3}}]},"1":{"loc":{"start":{"line":24,"column":2},"end":{"line":30,"column":3}},"type":"if","locations":[{"start":{"line":24,"column":2},"end":{"line":30,"column":3}},{"start":{"line":27,"column":9},"end":{"line":30,"column":3}}]},"2":{"loc":{"start":{"line":39,"column":2},"end":{"line":43,"column":3}},"type":"if","locations":[{"start":{"line":39,"column":2},"end":{"line":43,"column":3}},{"start":{"line":41,"column":9},"end":{"line":43,"column":3}}]}},"s":{"0":2,"1":2,"2":1,"3":1,"4":1,"5":1,"6":1,"7":1,"8":1,"9":0,"10":0,"11":2,"12":2,"13":2,"14":2,"15":2,"16":2,"17":2,"18":2,"19":0,"20":0,"21":2,"22":2,"23":1,"24":1,"25":1,"26":1,"27":1,"28":1,"29":0,"30":1,"31":2},"f":{"0":1,"1":2,"2":1},"b":{"0":[1,0],"1":[2,0],"2":[1,0]}}
,"/Users/gokhanbirkin/Desktop/birkinapps/kayra-export-e-commerce-BE/src/controllers/categoryController.ts": {"path":"/Users/gokhanbirkin/Desktop/birkinapps/kayra-export-e-commerce-BE/src/controllers/categoryController.ts","statementMap":{"0":{"start":{"line":2,"column":0},"end":{"line":2,"column":46}},"1":{"start":{"line":4,"column":15},"end":{"line":4,"column":33}},"2":{"start":{"line":35,"column":32},"end":{"line":54,"column":1}},"3":{"start":{"line":36,"column":2},"end":{"line":53,"column":3}},"4":{"start":{"line":37,"column":23},"end":{"line":41,"column":6}},"5":{"start":{"line":43,"column":4},"end":{"line":46,"column":7}},"6":{"start":{"line":48,"column":4},"end":{"line":48,"column":55}},"7":{"start":{"line":49,"column":4},"end":{"line":52,"column":7}},"8":{"start":{"line":35,"column":13},"end":{"line":35,"column":32}},"9":{"start":{"line":116,"column":37},"end":{"line":164,"column":1}},"10":{"start":{"line":117,"column":2},"end":{"line":163,"column":3}},"11":{"start":{"line":118,"column":27},"end":{"line":118,"column":37}},"12":{"start":{"line":119,"column":26},"end":{"line":119,"column":46}},"13":{"start":{"line":121,"column":4},"end":{"line":126,"column":5}},"14":{"start":{"line":122,"column":6},"end":{"line":125,"column":9}},"15":{"start":{"line":129,"column":21},"end":{"line":131,"column":6}},"16":{"start":{"line":133,"column":4},"end":{"line":138,"column":5}},"17":{"start":{"line":134,"column":6},"end":{"line":137,"column":9}},"18":{"start":{"line":140,"column":21},"end":{"line":151,"column":6}},"19":{"start":{"line":153,"column":4},"end":{"line":156,"column":7}},"20":{"start":{"line":158,"column":4},"end":{"line":158,"column":65}},"21":{"start":{"line":159,"column":4},"end":{"line":162,"column":7}},"22":{"start":{"line":116,"column":13},"end":{"line":116,"column":37}}},"fnMap":{"0":{"name":"(anonymous_0)","decl":{"start":{"line":35,"column":32},"end":{"line":35,"column":37}},"loc":{"start":{"line":35,"column":70},"end":{"line":54,"column":1}}},"1":{"name":"(anonymous_1)","decl":{"start":{"line":116,"column":37},"end":{"line":116,"column":42}},"loc":{"start":{"line":116,"column":75},"end":{"line":164,"column":1}}}},"branchMap":{"0":{"loc":{"start":{"line":121,"column":4},"end":{"line":126,"column":5}},"type":"if","locations":[{"start":{"line":121,"column":4},"end":{"line":126,"column":5}}]},"1":{"loc":{"start":{"line":133,"column":4},"end":{"line":138,"column":5}},"type":"if","locations":[{"start":{"line":133,"column":4},"end":{"line":138,"column":5}}]}},"s":{"0":2,"1":2,"2":2,"3":0,"4":0,"5":0,"6":0,"7":0,"8":2,"9":2,"10":0,"11":0,"12":0,"13":0,"14":0,"15":0,"16":0,"17":0,"18":0,"19":0,"20":0,"21":0,"22":2},"f":{"0":0,"1":0},"b":{"0":[0],"1":[0]}}
,"/Users/gokhanbirkin/Desktop/birkinapps/kayra-export-e-commerce-BE/src/controllers/orderController.ts": {"path":"/Users/gokhanbirkin/Desktop/birkinapps/kayra-export-e-commerce-BE/src/controllers/orderController.ts","statementMap":{"0":{"start":{"line":2,"column":0},"end":{"line":2,"column":null}},"1":{"start":{"line":8,"column":22},"end":{"line":14,"column":1}},"2":{"start":{"line":9,"column":18},"end":{"line":9,"column":36}},"3":{"start":{"line":10,"column":24},"end":{"line":10,"column":32}},"4":{"start":{"line":12,"column":16},"end":{"line":12,"column":52}},"5":{"start":{"line":13,"column":2},"end":{"line":13,"column":30}},"6":{"start":{"line":8,"column":13},"end":{"line":8,"column":22}},"7":{"start":{"line":16,"column":23},"end":{"line":24,"column":1}},"8":{"start":{"line":17,"column":18},"end":{"line":17,"column":36}},"9":{"start":{"line":18,"column":18},"end":{"line":18,"column":39}},"10":{"start":{"line":20,"column":16},"end":{"line":20,"column":51}},"11":{"start":{"line":21,"column":2},"end":{"line":21,"column":72}},"12":{"start":{"line":21,"column":14},"end":{"line":21,"column":72}},"13":{"start":{"line":23,"column":2},"end":{"line":23,"column":18}},"14":{"start":{"line":16,"column":13},"end":{"line":16,"column":23}},"15":{"start":{"line":26,"column":35},"end":{"line":30,"column":1}},"16":{"start":{"line":27,"column":18},"end":{"line":27,"column":36}},"17":{"start":{"line":28,"column":17},"end":{"line":28,"column":44}},"18":{"start":{"line":29,"column":2},"end":{"line":29,"column":19}},"19":{"start":{"line":26,"column":13},"end":{"line":26,"column":35}}},"fnMap":{"0":{"name":"(anonymous_0)","decl":{"start":{"line":8,"column":22},"end":{"line":8,"column":27}},"loc":{"start":{"line":8,"column":60},"end":{"line":14,"column":1}}},"1":{"name":"(anonymous_1)","decl":{"start":{"line":16,"column":23},"end":{"line":16,"column":28}},"loc":{"start":{"line":16,"column":61},"end":{"line":24,"column":1}}},"2":{"name":"(anonymous_2)","decl":{"start":{"line":26,"column":35},"end":{"line":26,"column":40}},"loc":{"start":{"line":26,"column":73},"end":{"line":30,"column":1}}}},"branchMap":{"0":{"loc":{"start":{"line":21,"column":2},"end":{"line":21,"column":72}},"type":"if","locations":[{"start":{"line":21,"column":2},"end":{"line":21,"column":72}}]}},"s":{"0":2,"1":2,"2":0,"3":0,"4":0,"5":0,"6":2,"7":2,"8":0,"9":0,"10":0,"11":0,"12":0,"13":0,"14":2,"15":2,"16":0,"17":0,"18":0,"19":2},"f":{"0":0,"1":0,"2":0},"b":{"0":[0]}}
,"/Users/gokhanbirkin/Desktop/birkinapps/kayra-export-e-commerce-BE/src/controllers/productsController.ts": {"path":"/Users/gokhanbirkin/Desktop/birkinapps/kayra-export-e-commerce-BE/src/controllers/productsController.ts","statementMap":{"0":{"start":{"line":2,"column":0},"end":{"line":2,"column":65}},"1":{"start":{"line":3,"column":0},"end":{"line":3,"column":null}},"2":{"start":{"line":9,"column":20},"end":{"line":20,"column":1}},"3":{"start":{"line":10,"column":18},"end":{"line":16,"column":4}},"4":{"start":{"line":18,"column":16},"end":{"line":18,"column":45}},"5":{"start":{"line":19,"column":2},"end":{"line":19,"column":18}},"6":{"start":{"line":9,"column":13},"end":{"line":9,"column":20}},"7":{"start":{"line":22,"column":22},"end":{"line":27,"column":1}},"8":{"start":{"line":23,"column":13},"end":{"line":23,"column":34}},"9":{"start":{"line":24,"column":15},"end":{"line":24,"column":39}},"10":{"start":{"line":25,"column":2},"end":{"line":25,"column":65}},"11":{"start":{"line":25,"column":13},"end":{"line":25,"column":65}},"12":{"start":{"line":26,"column":2},"end":{"line":26,"column":17}},"13":{"start":{"line":22,"column":13},"end":{"line":22,"column":22}},"14":{"start":{"line":29,"column":24},"end":{"line":33,"column":1}},"15":{"start":{"line":30,"column":20},"end":{"line":30,"column":41}},"16":{"start":{"line":31,"column":19},"end":{"line":31,"column":54}},"17":{"start":{"line":32,"column":2},"end":{"line":32,"column":21}},"18":{"start":{"line":29,"column":13},"end":{"line":29,"column":24}},"19":{"start":{"line":35,"column":22},"end":{"line":39,"column":1}},"20":{"start":{"line":36,"column":15},"end":{"line":36,"column":23}},"21":{"start":{"line":37,"column":18},"end":{"line":37,"column":48}},"22":{"start":{"line":38,"column":2},"end":{"line":38,"column":32}},"23":{"start":{"line":35,"column":13},"end":{"line":35,"column":22}},"24":{"start":{"line":41,"column":22},"end":{"line":46,"column":1}},"25":{"start":{"line":42,"column":13},"end":{"line":42,"column":34}},"26":{"start":{"line":43,"column":15},"end":{"line":43,"column":23}},"27":{"start":{"line":44,"column":18},"end":{"line":44,"column":52}},"28":{"start":{"line":45,"column":2},"end":{"line":45,"column":20}},"29":{"start":{"line":41,"column":13},"end":{"line":41,"column":22}},"30":{"start":{"line":48,"column":22},"end":{"line":52,"column":1}},"31":{"start":{"line":49,"column":13},"end":{"line":49,"column":34}},"32":{"start":{"line":50,"column":2},"end":{"line":50,"column":31}},"33":{"start":{"line":51,"column":2},"end":{"line":51,"column":25}},"34":{"start":{"line":48,"column":13},"end":{"line":48,"column":22}}},"fnMap":{"0":{"name":"(anonymous_0)","decl":{"start":{"line":9,"column":20},"end":{"line":9,"column":25}},"loc":{"start":{"line":9,"column":58},"end":{"line":20,"column":1}}},"1":{"name":"(anonymous_1)","decl":{"start":{"line":22,"column":22},"end":{"line":22,"column":27}},"loc":{"start":{"line":22,"column":60},"end":{"line":27,"column":1}}},"2":{"name":"(anonymous_2)","decl":{"start":{"line":29,"column":24},"end":{"line":29,"column":29}},"loc":{"start":{"line":29,"column":62},"end":{"line":33,"column":1}}},"3":{"name":"(anonymous_3)","decl":{"start":{"line":35,"column":22},"end":{"line":35,"column":27}},"loc":{"start":{"line":35,"column":60},"end":{"line":39,"column":1}}},"4":{"name":"(anonymous_4)","decl":{"start":{"line":41,"column":22},"end":{"line":41,"column":27}},"loc":{"start":{"line":41,"column":60},"end":{"line":46,"column":1}}},"5":{"name":"(anonymous_5)","decl":{"start":{"line":48,"column":22},"end":{"line":48,"column":27}},"loc":{"start":{"line":48,"column":60},"end":{"line":52,"column":1}}}},"branchMap":{"0":{"loc":{"start":{"line":14,"column":10},"end":{"line":14,"column":49}},"type":"binary-expr","locations":[{"start":{"line":14,"column":10},"end":{"line":14,"column":44}},{"start":{"line":14,"column":48},"end":{"line":14,"column":49}}]},"1":{"loc":{"start":{"line":15,"column":11},"end":{"line":15,"column":52}},"type":"binary-expr","locations":[{"start":{"line":15,"column":11},"end":{"line":15,"column":46}},{"start":{"line":15,"column":50},"end":{"line":15,"column":52}}]},"2":{"loc":{"start":{"line":25,"column":2},"end":{"line":25,"column":65}},"type":"if","locations":[{"start":{"line":25,"column":2},"end":{"line":25,"column":65}}]}},"s":{"0":2,"1":2,"2":2,"3":0,"4":0,"5":0,"6":2,"7":2,"8":0,"9":0,"10":0,"11":0,"12":0,"13":2,"14":2,"15":0,"16":0,"17":0,"18":2,"19":2,"20":0,"21":0,"22":0,"23":2,"24":2,"25":0,"26":0,"27":0,"28":0,"29":2,"30":2,"31":0,"32":0,"33":0,"34":2},"f":{"0":0,"1":0,"2":0,"3":0,"4":0,"5":0},"b":{"0":[0,0],"1":[0,0],"2":[0]}}
,"/Users/gokhanbirkin/Desktop/birkinapps/kayra-export-e-commerce-BE/src/controllers/reviewController.ts": {"path":"/Users/gokhanbirkin/Desktop/birkinapps/kayra-export-e-commerce-BE/src/controllers/reviewController.ts","statementMap":{"0":{"start":{"line":2,"column":0},"end":{"line":2,"column":76}},"1":{"start":{"line":4,"column":25},"end":{"line":11,"column":1}},"2":{"start":{"line":5,"column":20},"end":{"line":5,"column":41}},"3":{"start":{"line":6,"column":18},"end":{"line":6,"column":36}},"4":{"start":{"line":7,"column":30},"end":{"line":7,"column":38}},"5":{"start":{"line":9,"column":17},"end":{"line":9,"column":71}},"6":{"start":{"line":10,"column":2},"end":{"line":10,"column":31}},"7":{"start":{"line":4,"column":13},"end":{"line":4,"column":25}},"8":{"start":{"line":13,"column":27},"end":{"line":17,"column":1}},"9":{"start":{"line":14,"column":20},"end":{"line":14,"column":41}},"10":{"start":{"line":15,"column":18},"end":{"line":15,"column":52}},"11":{"start":{"line":16,"column":2},"end":{"line":16,"column":20}},"12":{"start":{"line":13,"column":13},"end":{"line":13,"column":27}}},"fnMap":{"0":{"name":"(anonymous_0)","decl":{"start":{"line":4,"column":25},"end":{"line":4,"column":30}},"loc":{"start":{"line":4,"column":63},"end":{"line":11,"column":1}}},"1":{"name":"(anonymous_1)","decl":{"start":{"line":13,"column":27},"end":{"line":13,"column":32}},"loc":{"start":{"line":13,"column":65},"end":{"line":17,"column":1}}}},"branchMap":{},"s":{"0":2,"1":2,"2":0,"3":0,"4":0,"5":0,"6":0,"7":2,"8":2,"9":0,"10":0,"11":0,"12":2},"f":{"0":0,"1":0},"b":{}}
,"/Users/gokhanbirkin/Desktop/birkinapps/kayra-export-e-commerce-BE/src/middleware/asyncHandler.ts": {"path":"/Users/gokhanbirkin/Desktop/birkinapps/kayra-export-e-commerce-BE/src/middleware/asyncHandler.ts","statementMap":{"0":{"start":{"line":3,"column":28},"end":{"line":9,"column":1}},"1":{"start":{"line":6,"column":2},"end":{"line":8,"column":4}},"2":{"start":{"line":7,"column":4},"end":{"line":7,"column":52}},"3":{"start":{"line":3,"column":13},"end":{"line":3,"column":28}}},"fnMap":{"0":{"name":"(anonymous_0)","decl":{"start":{"line":3,"column":28},"end":{"line":3,"column":null}},"loc":{"start":{"line":5,"column":4},"end":{"line":9,"column":1}}},"1":{"name":"(anonymous_1)","decl":{"start":{"line":6,"column":9},"end":{"line":6,"column":10}},"loc":{"start":{"line":6,"column":61},"end":{"line":8,"column":3}}}},"branchMap":{},"s":{"0":2,"1":48,"2":5,"3":2},"f":{"0":48,"1":5},"b":{}}
,"/Users/gokhanbirkin/Desktop/birkinapps/kayra-export-e-commerce-BE/src/middleware/authMiddleware.ts": {"path":"/Users/gokhanbirkin/Desktop/birkinapps/kayra-export-e-commerce-BE/src/middleware/authMiddleware.ts","statementMap":{"0":{"start":{"line":7,"column":0},"end":{"line":7,"column":16}},"1":{"start":{"line":39,"column":0},"end":{"line":39,"column":16}},"2":{"start":{"line":2,"column":0},"end":{"line":2,"column":31}},"3":{"start":{"line":5,"column":19},"end":{"line":5,"column":51}},"4":{"start":{"line":12,"column":15},"end":{"line":12,"column":40}},"5":{"start":{"line":13,"column":2},"end":{"line":13,"column":63}},"6":{"start":{"line":13,"column":36},"end":{"line":13,"column":63}},"7":{"start":{"line":14,"column":16},"end":{"line":14,"column":34}},"8":{"start":{"line":16,"column":2},"end":{"line":36,"column":3}},"9":{"start":{"line":17,"column":20},"end":{"line":17,"column":null}},"10":{"start":{"line":23,"column":4},"end":{"line":31,"column":5}},"11":{"start":{"line":24,"column":7},"end":{"line":24,"column":43}},"12":{"start":{"line":25,"column":7},"end":{"line":25,"column":37}},"13":{"start":{"line":26,"column":11},"end":{"line":31,"column":5}},"14":{"start":{"line":27,"column":7},"end":{"line":27,"column":45}},"15":{"start":{"line":28,"column":7},"end":{"line":28,"column":38}},"16":{"start":{"line":30,"column":6},"end":{"line":30,"column":33}},"17":{"start":{"line":33,"column":4},"end":{"line":33,"column":11}},"18":{"start":{"line":35,"column":4},"end":{"line":35,"column":31}},"19":{"start":{"line":44,"column":15},"end":{"line":44,"column":40}},"20":{"start":{"line":45,"column":2},"end":{"line":48,"column":3}},"21":{"start":{"line":46,"column":5},"end":{"line":46,"column":40}},"22":{"start":{"line":47,"column":4},"end":{"line":47,"column":18}},"23":{"start":{"line":50,"column":16},"end":{"line":50,"column":34}},"24":{"start":{"line":52,"column":2},"end":{"line":73,"column":3}},"25":{"start":{"line":53,"column":20},"end":{"line":53,"column":null}},"26":{"start":{"line":59,"column":4},"end":{"line":67,"column":5}},"27":{"start":{"line":60,"column":7},"end":{"line":60,"column":43}},"28":{"start":{"line":61,"column":7},"end":{"line":61,"column":37}},"29":{"start":{"line":62,"column":11},"end":{"line":67,"column":5}},"30":{"start":{"line":63,"column":7},"end":{"line":63,"column":45}},"31":{"start":{"line":64,"column":7},"end":{"line":64,"column":38}},"32":{"start":{"line":66,"column":7},"end":{"line":66,"column":42}},"33":{"start":{"line":69,"column":4},"end":{"line":69,"column":11}},"34":{"start":{"line":71,"column":5},"end":{"line":71,"column":40}},"35":{"start":{"line":72,"column":4},"end":{"line":72,"column":11}}},"fnMap":{"0":{"name":"authMiddleware","decl":{"start":{"line":7,"column":16},"end":{"line":7,"column":30}},"loc":{"start":{"line":10,"column":20},"end":{"line":37,"column":1}}},"1":{"name":"optionalAuthMiddleware","decl":{"start":{"line":39,"column":16},"end":{"line":39,"column":38}},"loc":{"start":{"line":42,"column":20},"end":{"line":74,"column":1}}}},"branchMap":{"0":{"loc":{"start":{"line":13,"column":2},"end":{"line":13,"column":63}},"type":"if","locations":[{"start":{"line":13,"column":2},"end":{"line":13,"column":63}}]},"1":{"loc":{"start":{"line":23,"column":4},"end":{"line":31,"column":5}},"type":"if","locations":[{"start":{"line":23,"column":4},"end":{"line":31,"column":5}},{"start":{"line":26,"column":11},"end":{"line":31,"column":5}}]},"2":{"loc":{"start":{"line":26,"column":11},"end":{"line":31,"column":5}},"type":"if","locations":[{"start":{"line":26,"column":11},"end":{"line":31,"column":5}},{"start":{"line":29,"column":11},"end":{"line":31,"column":5}}]},"3":{"loc":{"start":{"line":26,"column":15},"end":{"line":26,"column":58}},"type":"binary-expr","locations":[{"start":{"line":26,"column":15},"end":{"line":26,"column":30}},{"start":{"line":26,"column":34},"end":{"line":26,"column":58}}]},"4":{"loc":{"start":{"line":45,"column":2},"end":{"line":48,"column":3}},"type":"if","locations":[{"start":{"line":45,"column":2},"end":{"line":48,"column":3}}]},"5":{"loc":{"start":{"line":59,"column":4},"end":{"line":67,"column":5}},"type":"if","locations":[{"start":{"line":59,"column":4},"end":{"line":67,"column":5}},{"start":{"line":62,"column":11},"end":{"line":67,"column":5}}]},"6":{"loc":{"start":{"line":62,"column":11},"end":{"line":67,"column":5}},"type":"if","locations":[{"start":{"line":62,"column":11},"end":{"line":67,"column":5}},{"start":{"line":65,"column":11},"end":{"line":67,"column":5}}]},"7":{"loc":{"start":{"line":62,"column":15},"end":{"line":62,"column":58}},"type":"binary-expr","locations":[{"start":{"line":62,"column":15},"end":{"line":62,"column":30}},{"start":{"line":62,"column":34},"end":{"line":62,"column":58}}]}},"s":{"0":2,"1":2,"2":2,"3":2,"4":5,"5":5,"6":1,"7":4,"8":4,"9":4,"10":4,"11":0,"12":0,"13":4,"14":4,"15":4,"16":0,"17":4,"18":0,"19":0,"20":0,"21":0,"22":0,"23":0,"24":0,"25":0,"26":0,"27":0,"28":0,"29":0,"30":0,"31":0,"32":0,"33":0,"34":0,"35":0},"f":{"0":5,"1":0},"b":{"0":[1],"1":[0,4],"2":[4,0],"3":[4,4],"4":[0],"5":[0,0],"6":[0,0],"7":[0,0]}}
,"/Users/gokhanbirkin/Desktop/birkinapps/kayra-export-e-commerce-BE/src/middleware/errorHandler.ts": {"path":"/Users/gokhanbirkin/Desktop/birkinapps/kayra-export-e-commerce-BE/src/middleware/errorHandler.ts","statementMap":{"0":{"start":{"line":3,"column":0},"end":{"line":3,"column":16}},"1":{"start":{"line":5,"column":2},"end":{"line":5,"column":21}},"2":{"start":{"line":6,"column":17},"end":{"line":6,"column":34}},"3":{"start":{"line":7,"column":2},"end":{"line":9,"column":80}}},"fnMap":{"0":{"name":"errorHandler","decl":{"start":{"line":3,"column":16},"end":{"line":3,"column":28}},"loc":{"start":{"line":3,"column":66},"end":{"line":10,"column":1}}}},"branchMap":{"0":{"loc":{"start":{"line":6,"column":17},"end":{"line":6,"column":34}},"type":"binary-expr","locations":[{"start":{"line":6,"column":17},"end":{"line":6,"column":27}},{"start":{"line":6,"column":31},"end":{"line":6,"column":34}}]},"1":{"loc":{"start":{"line":9,"column":38},"end":{"line":9,"column":76}},"type":"binary-expr","locations":[{"start":{"line":9,"column":38},"end":{"line":9,"column":49}},{"start":{"line":9,"column":53},"end":{"line":9,"column":76}}]}},"s":{"0":2,"1":0,"2":0,"3":0},"f":{"0":0},"b":{"0":[0,0],"1":[0,0]}}
,"/Users/gokhanbirkin/Desktop/birkinapps/kayra-export-e-commerce-BE/src/middleware/logger.ts": {"path":"/Users/gokhanbirkin/Desktop/birkinapps/kayra-export-e-commerce-BE/src/middleware/logger.ts","statementMap":{"0":{"start":{"line":1,"column":0},"end":{"line":1,"column":24}},"1":{"start":{"line":2,"column":0},"end":{"line":2,"column":33}},"2":{"start":{"line":4,"column":13},"end":{"line":6,"column":3}}},"fnMap":{},"branchMap":{"0":{"loc":{"start":{"line":5,"column":24},"end":{"line":5,"column":55}},"type":"binary-expr","locations":[{"start":{"line":5,"column":24},"end":{"line":5,"column":45}},{"start":{"line":5,"column":49},"end":{"line":5,"column":55}}]}},"s":{"0":2,"1":2,"2":2},"f":{},"b":{"0":[2,2]}}
,"/Users/gokhanbirkin/Desktop/birkinapps/kayra-export-e-commerce-BE/src/middleware/rateLimiter.ts": {"path":"/Users/gokhanbirkin/Desktop/birkinapps/kayra-export-e-commerce-BE/src/middleware/rateLimiter.ts","statementMap":{"0":{"start":{"line":1,"column":0},"end":{"line":1,"column":43}},"1":{"start":{"line":3,"column":13},"end":{"line":7,"column":3}}},"fnMap":{},"branchMap":{},"s":{"0":2,"1":2},"f":{},"b":{}}
,"/Users/gokhanbirkin/Desktop/birkinapps/kayra-export-e-commerce-BE/src/middleware/validation.ts": {"path":"/Users/gokhanbirkin/Desktop/birkinapps/kayra-export-e-commerce-BE/src/middleware/validation.ts","statementMap":{"0":{"start":{"line":5,"column":2},"end":{"line":13,"column":3}},"1":{"start":{"line":6,"column":2},"end":{"line":13,"column":3}},"2":{"start":{"line":7,"column":19},"end":{"line":7,"column":45}},"3":{"start":{"line":8,"column":4},"end":{"line":10,"column":5}},"4":{"start":{"line":9,"column":6},"end":{"line":9,"column":68}},"5":{"start":{"line":11,"column":4},"end":{"line":11,"column":27}},"6":{"start":{"line":12,"column":4},"end":{"line":12,"column":11}},"7":{"start":{"line":4,"column":13},"end":{"line":4,"column":null}}},"fnMap":{"0":{"name":"(anonymous_0)","decl":{"start":{"line":5,"column":2},"end":{"line":5,"column":3}},"loc":{"start":{"line":6,"column":2},"end":{"line":13,"column":3}}},"1":{"name":"(anonymous_1)","decl":{"start":{"line":6,"column":2},"end":{"line":6,"column":3}},"loc":{"start":{"line":6,"column":54},"end":{"line":13,"column":3}}}},"branchMap":{"0":{"loc":{"start":{"line":8,"column":4},"end":{"line":10,"column":5}},"type":"if","locations":[{"start":{"line":8,"column":4},"end":{"line":10,"column":5}}]}},"s":{"0":2,"1":16,"2":1,"3":1,"4":0,"5":1,"6":1,"7":2},"f":{"0":16,"1":1},"b":{"0":[0]}}
,"/Users/gokhanbirkin/Desktop/birkinapps/kayra-export-e-commerce-BE/src/repositories/product.repository.ts": {"path":"/Users/gokhanbirkin/Desktop/birkinapps/kayra-export-e-commerce-BE/src/repositories/product.repository.ts","statementMap":{"0":{"start":{"line":1,"column":0},"end":{"line":1,"column":46}},"1":{"start":{"line":3,"column":15},"end":{"line":3,"column":33}},"2":{"start":{"line":5,"column":13},"end":{"line":26,"column":2}},"3":{"start":{"line":6,"column":17},"end":{"line":6,"column":42}},"4":{"start":{"line":7,"column":28},"end":{"line":7,"column":72}},"5":{"start":{"line":14,"column":8},"end":{"line":14,"column":39}},"6":{"start":{"line":24,"column":7},"end":{"line":24,"column":53}},"7":{"start":{"line":25,"column":26},"end":{"line":25,"column":66}}},"fnMap":{"0":{"name":"(anonymous_0)","decl":{"start":{"line":6,"column":11},"end":{"line":6,"column":14}},"loc":{"start":{"line":6,"column":17},"end":{"line":6,"column":42}}},"1":{"name":"(anonymous_1)","decl":{"start":{"line":7,"column":12},"end":{"line":7,"column":13}},"loc":{"start":{"line":7,"column":28},"end":{"line":7,"column":72}}},"2":{"name":"(anonymous_2)","decl":{"start":{"line":8,"column":10},"end":{"line":8,"column":11}},"loc":{"start":{"line":14,"column":8},"end":{"line":14,"column":39}}},"3":{"name":"(anonymous_3)","decl":{"start":{"line":15,"column":10},"end":{"line":15,"column":null}},"loc":{"start":{"line":24,"column":7},"end":{"line":24,"column":53}}},"4":{"name":"(anonymous_4)","decl":{"start":{"line":25,"column":10},"end":{"line":25,"column":11}},"loc":{"start":{"line":25,"column":26},"end":{"line":25,"column":66}}}},"branchMap":{},"s":{"0":2,"1":2,"2":2,"3":0,"4":0,"5":0,"6":0,"7":0},"f":{"0":0,"1":0,"2":0,"3":0,"4":0},"b":{}}
,"/Users/gokhanbirkin/Desktop/birkinapps/kayra-export-e-commerce-BE/src/routes/auth.ts": {"path":"/Users/gokhanbirkin/Desktop/birkinapps/kayra-export-e-commerce-BE/src/routes/auth.ts","statementMap":{"0":{"start":{"line":1,"column":0},"end":{"line":1,"column":33}},"1":{"start":{"line":2,"column":0},"end":{"line":2,"column":64}},"2":{"start":{"line":3,"column":0},"end":{"line":3,"column":62}},"3":{"start":{"line":4,"column":0},"end":{"line":4,"column":58}},"4":{"start":{"line":5,"column":0},"end":{"line":5,"column":24}},"5":{"start":{"line":6,"column":0},"end":{"line":6,"column":56}},"6":{"start":{"line":8,"column":23},"end":{"line":24,"column":2}},"7":{"start":{"line":26,"column":20},"end":{"line":29,"column":2}},"8":{"start":{"line":31,"column":22},"end":{"line":39,"column":2}},"9":{"start":{"line":41,"column":15},"end":{"line":41,"column":23}},"10":{"start":{"line":86,"column":0},"end":{"line":90,"column":2}},"11":{"start":{"line":128,"column":0},"end":{"line":132,"column":2}},"12":{"start":{"line":151,"column":0},"end":{"line":155,"column":2}},"13":{"start":{"line":194,"column":0},"end":{"line":199,"column":2}},"14":{"start":{"line":226,"column":0},"end":{"line":226,"column":64}},"15":{"start":{"line":228,"column":0},"end":{"line":228,"column":22}}},"fnMap":{},"branchMap":{},"s":{"0":2,"1":2,"2":2,"3":2,"4":2,"5":2,"6":2,"7":2,"8":2,"9":2,"10":2,"11":2,"12":2,"13":2,"14":2,"15":2},"f":{},"b":{}}
,"/Users/gokhanbirkin/Desktop/birkinapps/kayra-export-e-commerce-BE/src/routes/basket.ts": {"path":"/Users/gokhanbirkin/Desktop/birkinapps/kayra-export-e-commerce-BE/src/routes/basket.ts","statementMap":{"0":{"start":{"line":1,"column":0},"end":{"line":1,"column":33}},"1":{"start":{"line":2,"column":0},"end":{"line":2,"column":68}},"2":{"start":{"line":3,"column":0},"end":{"line":3,"column":62}},"3":{"start":{"line":4,"column":0},"end":{"line":4,"column":58}},"4":{"start":{"line":6,"column":15},"end":{"line":6,"column":23}},"5":{"start":{"line":21,"column":0},"end":{"line":21,"column":69}},"6":{"start":{"line":47,"column":0},"end":{"line":47,"column":69}},"7":{"start":{"line":68,"column":0},"end":{"line":68,"column":77}},"8":{"start":{"line":70,"column":0},"end":{"line":70,"column":22}}},"fnMap":{},"branchMap":{},"s":{"0":2,"1":2,"2":2,"3":2,"4":2,"5":2,"6":2,"7":2,"8":2},"f":{},"b":{}}
,"/Users/gokhanbirkin/Desktop/birkinapps/kayra-export-e-commerce-BE/src/routes/cart.ts": {"path":"/Users/gokhanbirkin/Desktop/birkinapps/kayra-export-e-commerce-BE/src/routes/cart.ts","statementMap":{"0":{"start":{"line":1,"column":0},"end":{"line":1,"column":33}},"1":{"start":{"line":2,"column":0},"end":{"line":2,"column":64}},"2":{"start":{"line":3,"column":0},"end":{"line":3,"column":62}},"3":{"start":{"line":4,"column":0},"end":{"line":4,"column":58}},"4":{"start":{"line":5,"column":0},"end":{"line":5,"column":24}},"5":{"start":{"line":6,"column":0},"end":{"line":6,"column":56}},"6":{"start":{"line":8,"column":23},"end":{"line":11,"column":2}},"7":{"start":{"line":13,"column":15},"end":{"line":13,"column":23}},"8":{"start":{"line":39,"column":0},"end":{"line":44,"column":2}},"9":{"start":{"line":59,"column":0},"end":{"line":59,"column":72}},"10":{"start":{"line":80,"column":0},"end":{"line":84,"column":2}},"11":{"start":{"line":86,"column":0},"end":{"line":86,"column":22}}},"fnMap":{},"branchMap":{},"s":{"0":2,"1":2,"2":2,"3":2,"4":2,"5":2,"6":2,"7":2,"8":2,"9":2,"10":2,"11":2},"f":{},"b":{}}
,"/Users/gokhanbirkin/Desktop/birkinapps/kayra-export-e-commerce-BE/src/routes/categories.ts": {"path":"/Users/gokhanbirkin/Desktop/birkinapps/kayra-export-e-commerce-BE/src/routes/categories.ts","statementMap":{"0":{"start":{"line":1,"column":0},"end":{"line":1,"column":33}},"1":{"start":{"line":2,"column":0},"end":{"line":2,"column":72}},"2":{"start":{"line":3,"column":0},"end":{"line":3,"column":58}},"3":{"start":{"line":5,"column":15},"end":{"line":5,"column":23}},"4":{"start":{"line":14,"column":0},"end":{"line":14,"column":67}},"5":{"start":{"line":15,"column":0},"end":{"line":18,"column":2}},"6":{"start":{"line":20,"column":0},"end":{"line":20,"column":22}}},"fnMap":{},"branchMap":{},"s":{"0":2,"1":2,"2":2,"3":2,"4":2,"5":2,"6":2},"f":{},"b":{}}
,"/Users/gokhanbirkin/Desktop/birkinapps/kayra-export-e-commerce-BE/src/routes/health.ts": {"path":"/Users/gokhanbirkin/Desktop/birkinapps/kayra-export-e-commerce-BE/src/routes/health.ts","statementMap":{"0":{"start":{"line":1,"column":0},"end":{"line":1,"column":33}},"1":{"start":{"line":2,"column":15},"end":{"line":2,"column":23}},"2":{"start":{"line":3,"column":0},"end":{"line":5,"column":2}},"3":{"start":{"line":4,"column":2},"end":{"line":4,"column":54}},"4":{"start":{"line":6,"column":0},"end":{"line":6,"column":22}}},"fnMap":{"0":{"name":"(anonymous_0)","decl":{"start":{"line":3,"column":16},"end":{"line":3,"column":17}},"loc":{"start":{"line":4,"column":2},"end":{"line":4,"column":54}}}},"branchMap":{},"s":{"0":2,"1":2,"2":2,"3":1,"4":2},"f":{"0":1},"b":{}}
,"/Users/gokhanbirkin/Desktop/birkinapps/kayra-export-e-commerce-BE/src/routes/orders.ts": {"path":"/Users/gokhanbirkin/Desktop/birkinapps/kayra-export-e-commerce-BE/src/routes/orders.ts","statementMap":{"0":{"start":{"line":1,"column":0},"end":{"line":1,"column":33}},"1":{"start":{"line":2,"column":0},"end":{"line":2,"column":66}},"2":{"start":{"line":3,"column":0},"end":{"line":3,"column":62}},"3":{"start":{"line":4,"column":0},"end":{"line":4,"column":58}},"4":{"start":{"line":5,"column":0},"end":{"line":5,"column":24}},"5":{"start":{"line":6,"column":0},"end":{"line":6,"column":56}},"6":{"start":{"line":8,"column":20},"end":{"line":10,"column":2}},"7":{"start":{"line":12,"column":15},"end":{"line":12,"column":23}},"8":{"start":{"line":36,"column":0},"end":{"line":41,"column":2}},"9":{"start":{"line":64,"column":0},"end":{"line":64,"column":74}},"10":{"start":{"line":79,"column":0},"end":{"line":83,"column":2}},"11":{"start":{"line":85,"column":0},"end":{"line":85,"column":22}}},"fnMap":{},"branchMap":{},"s":{"0":2,"1":2,"2":2,"3":2,"4":2,"5":2,"6":2,"7":2,"8":2,"9":2,"10":2,"11":2},"f":{},"b":{}}
,"/Users/gokhanbirkin/Desktop/birkinapps/kayra-export-e-commerce-BE/src/routes/products.ts": {"path":"/Users/gokhanbirkin/Desktop/birkinapps/kayra-export-e-commerce-BE/src/routes/products.ts","statementMap":{"0":{"start":{"line":29,"column":0},"end":{"line":29,"column":33}},"1":{"start":{"line":30,"column":0},"end":{"line":30,"column":72}},"2":{"start":{"line":31,"column":0},"end":{"line":31,"column":58}},"3":{"start":{"line":32,"column":0},"end":{"line":32,"column":24}},"4":{"start":{"line":33,"column":0},"end":{"line":33,"column":56}},"5":{"start":{"line":35,"column":22},"end":{"line":41,"column":2}},"6":{"start":{"line":43,"column":15},"end":{"line":43,"column":23}},"7":{"start":{"line":77,"column":0},"end":{"line":77,"column":55}},"8":{"start":{"line":98,"column":0},"end":{"line":98,"column":60}},"9":{"start":{"line":117,"column":0},"end":{"line":117,"column":71}},"10":{"start":{"line":136,"column":0},"end":{"line":140,"column":2}},"11":{"start":{"line":165,"column":0},"end":{"line":169,"column":2}},"12":{"start":{"line":188,"column":0},"end":{"line":188,"column":63}},"13":{"start":{"line":190,"column":0},"end":{"line":190,"column":22}}},"fnMap":{},"branchMap":{},"s":{"0":2,"1":2,"2":2,"3":2,"4":2,"5":2,"6":2,"7":2,"8":2,"9":2,"10":2,"11":2,"12":2,"13":2},"f":{},"b":{}}
,"/Users/gokhanbirkin/Desktop/birkinapps/kayra-export-e-commerce-BE/src/routes/reviews.ts": {"path":"/Users/gokhanbirkin/Desktop/birkinapps/kayra-export-e-commerce-BE/src/routes/reviews.ts","statementMap":{"0":{"start":{"line":1,"column":0},"end":{"line":1,"column":33}},"1":{"start":{"line":2,"column":0},"end":{"line":2,"column":68}},"2":{"start":{"line":3,"column":0},"end":{"line":3,"column":62}},"3":{"start":{"line":4,"column":0},"end":{"line":4,"column":58}},"4":{"start":{"line":5,"column":0},"end":{"line":5,"column":24}},"5":{"start":{"line":6,"column":0},"end":{"line":6,"column":56}},"6":{"start":{"line":8,"column":21},"end":{"line":11,"column":2}},"7":{"start":{"line":13,"column":15},"end":{"line":13,"column":23}},"8":{"start":{"line":47,"column":0},"end":{"line":52,"column":2}},"9":{"start":{"line":71,"column":0},"end":{"line":71,"column":71}},"10":{"start":{"line":73,"column":0},"end":{"line":73,"column":22}}},"fnMap":{},"branchMap":{},"s":{"0":2,"1":2,"2":2,"3":2,"4":2,"5":2,"6":2,"7":2,"8":2,"9":2,"10":2},"f":{},"b":{}}
,"/Users/gokhanbirkin/Desktop/birkinapps/kayra-export-e-commerce-BE/src/services/authService.ts": {"path":"/Users/gokhanbirkin/Desktop/birkinapps/kayra-export-e-commerce-BE/src/services/authService.ts","statementMap":{"0":{"start":{"line":8,"column":0},"end":{"line":8,"column":7}},"1":{"start":{"line":46,"column":0},"end":{"line":46,"column":7}},"2":{"start":{"line":54,"column":0},"end":{"line":54,"column":7}},"3":{"start":{"line":63,"column":0},"end":{"line":63,"column":7}},"4":{"start":{"line":72,"column":0},"end":{"line":72,"column":7}},"5":{"start":{"line":89,"column":0},"end":{"line":89,"column":7}},"6":{"start":{"line":1,"column":0},"end":{"line":1,"column":27}},"7":{"start":{"line":2,"column":0},"end":{"line":2,"column":28}},"8":{"start":{"line":3,"column":0},"end":{"line":3,"column":31}},"9":{"start":{"line":4,"column":0},"end":{"line":4,"column":36}},"10":{"start":{"line":6,"column":19},"end":{"line":6,"column":51}},"11":{"start":{"line":15,"column":15},"end":{"line":15,"column":46}},"12":{"start":{"line":19,"column":4},"end":{"line":24,"column":19}},"13":{"start":{"line":26,"column":15},"end":{"line":41,"column":4}},"14":{"start":{"line":43,"column":2},"end":{"line":43,"column":14}},"15":{"start":{"line":47,"column":15},"end":{"line":47,"column":61}},"16":{"start":{"line":48,"column":2},"end":{"line":50,"column":3}},"17":{"start":{"line":49,"column":4},"end":{"line":49,"column":43}},"18":{"start":{"line":51,"column":2},"end":{"line":51,"column":72}},"19":{"start":{"line":55,"column":2},"end":{"line":60,"column":5}},"20":{"start":{"line":64,"column":2},"end":{"line":69,"column":5}},"21":{"start":{"line":73,"column":18},"end":{"line":73,"column":26}},"22":{"start":{"line":74,"column":16},"end":{"line":80,"column":null}},"23":{"start":{"line":83,"column":2},"end":{"line":86,"column":4}},"24":{"start":{"line":90,"column":2},"end":{"line":106,"column":3}},"25":{"start":{"line":91,"column":20},"end":{"line":91,"column":null}},"26":{"start":{"line":97,"column":4},"end":{"line":101,"column":5}},"27":{"start":{"line":98,"column":6},"end":{"line":98,"column":57}},"28":{"start":{"line":99,"column":11},"end":{"line":101,"column":5}},"29":{"start":{"line":100,"column":6},"end":{"line":100,"column":54}},"30":{"start":{"line":103,"column":4},"end":{"line":103,"column":16}},"31":{"start":{"line":105,"column":4},"end":{"line":105,"column":16}}},"fnMap":{"0":{"name":"registerUser","decl":{"start":{"line":8,"column":22},"end":{"line":8,"column":34}},"loc":{"start":{"line":13,"column":15},"end":{"line":44,"column":1}}},"1":{"name":"loginUser","decl":{"start":{"line":46,"column":22},"end":{"line":46,"column":31}},"loc":{"start":{"line":46,"column":63},"end":{"line":52,"column":1}}},"2":{"name":"getUserProfile","decl":{"start":{"line":54,"column":22},"end":{"line":54,"column":36}},"loc":{"start":{"line":54,"column":51},"end":{"line":61,"column":1}}},"3":{"name":"addUserAddress","decl":{"start":{"line":63,"column":22},"end":{"line":63,"column":36}},"loc":{"start":{"line":63,"column":69},"end":{"line":70,"column":1}}},"4":{"name":"createGuestToken","decl":{"start":{"line":72,"column":22},"end":{"line":72,"column":38}},"loc":{"start":{"line":72,"column":38},"end":{"line":87,"column":1}}},"5":{"name":"validateGuestToken","decl":{"start":{"line":89,"column":22},"end":{"line":89,"column":40}},"loc":{"start":{"line":89,"column":54},"end":{"line":107,"column":1}}}},"branchMap":{"0":{"loc":{"start":{"line":19,"column":4},"end":{"line":24,"column":19}},"type":"binary-expr","locations":[{"start":{"line":19,"column":4},"end":{"line":19,"column":11}},{"start":{"line":20,"column":4},"end":{"line":20,"column":17}},{"start":{"line":21,"column":4},"end":{"line":21,"column":17}},{"start":{"line":22,"column":4},"end":{"line":22,"column":16}},{"start":{"line":23,"column":4},"end":{"line":23,"column":18}},{"start":{"line":24,"column":4},"end":{"line":24,"column":19}}]},"1":{"loc":{"start":{"line":32,"column":17},"end":{"line":36,"column":19}},"type":"cond-expr","locations":[{"start":{"line":33,"column":10},"end":{"line":35,"column":null}},{"start":{"line":36,"column":10},"end":{"line":36,"column":19}}]},"2":{"loc":{"start":{"line":48,"column":2},"end":{"line":50,"column":3}},"type":"if","locations":[{"start":{"line":48,"column":2},"end":{"line":50,"column":3}}]},"3":{"loc":{"start":{"line":48,"column":6},"end":{"line":48,"column":67}},"type":"binary-expr","locations":[{"start":{"line":48,"column":6},"end":{"line":48,"column":11}},{"start":{"line":48,"column":15},"end":{"line":48,"column":67}}]},"4":{"loc":{"start":{"line":97,"column":4},"end":{"line":101,"column":5}},"type":"if","locations":[{"start":{"line":97,"column":4},"end":{"line":101,"column":5}},{"start":{"line":99,"column":11},"end":{"line":101,"column":5}}]},"5":{"loc":{"start":{"line":99,"column":11},"end":{"line":101,"column":5}},"type":"if","locations":[{"start":{"line":99,"column":11},"end":{"line":101,"column":5}}]}},"s":{"0":2,"1":2,"2":2,"3":2,"4":2,"5":2,"6":2,"7":2,"8":2,"9":2,"10":2,"11":0,"12":0,"13":0,"14":0,"15":0,"16":0,"17":0,"18":0,"19":0,"20":0,"21":1,"22":1,"23":1,"24":0,"25":0,"26":0,"27":0,"28":0,"29":0,"30":0,"31":0},"f":{"0":0,"1":0,"2":0,"3":0,"4":1,"5":0},"b":{"0":[0,0,0,0,0,0],"1":[0,0],"2":[0],"3":[0,0],"4":[0,0],"5":[0]}}
,"/Users/gokhanbirkin/Desktop/birkinapps/kayra-export-e-commerce-BE/src/services/basketService.ts": {"path":"/Users/gokhanbirkin/Desktop/birkinapps/kayra-export-e-commerce-BE/src/services/basketService.ts","statementMap":{"0":{"start":{"line":1,"column":0},"end":{"line":1,"column":27}},"1":{"start":{"line":3,"column":23},"end":{"line":12,"column":1}},"2":{"start":{"line":8,"column":2},"end":{"line":11,"column":5}},"3":{"start":{"line":3,"column":13},"end":{"line":3,"column":23}},"4":{"start":{"line":14,"column":24},"end":{"line":19,"column":1}},"5":{"start":{"line":15,"column":2},"end":{"line":18,"column":5}},"6":{"start":{"line":14,"column":13},"end":{"line":14,"column":24}},"7":{"start":{"line":21,"column":26},"end":{"line":25,"column":1}},"8":{"start":{"line":22,"column":2},"end":{"line":24,"column":5}},"9":{"start":{"line":21,"column":13},"end":{"line":21,"column":26}}},"fnMap":{"0":{"name":"(anonymous_0)","decl":{"start":{"line":3,"column":23},"end":{"line":3,"column":28}},"loc":{"start":{"line":7,"column":4},"end":{"line":12,"column":1}}},"1":{"name":"(anonymous_1)","decl":{"start":{"line":14,"column":24},"end":{"line":14,"column":29}},"loc":{"start":{"line":14,"column":49},"end":{"line":19,"column":1}}},"2":{"name":"(anonymous_2)","decl":{"start":{"line":21,"column":26},"end":{"line":21,"column":31}},"loc":{"start":{"line":21,"column":63},"end":{"line":25,"column":1}}}},"branchMap":{},"s":{"0":2,"1":2,"2":0,"3":2,"4":2,"5":0,"6":2,"7":2,"8":0,"9":2},"f":{"0":0,"1":0,"2":0},"b":{}}
,"/Users/gokhanbirkin/Desktop/birkinapps/kayra-export-e-commerce-BE/src/services/cartService.ts": {"path":"/Users/gokhanbirkin/Desktop/birkinapps/kayra-export-e-commerce-BE/src/services/cartService.ts","statementMap":{"0":{"start":{"line":1,"column":0},"end":{"line":1,"column":27}},"1":{"start":{"line":3,"column":25},"end":{"line":44,"column":1}},"2":{"start":{"line":10,"column":18},"end":{"line":13,"column":4}},"3":{"start":{"line":15,"column":2},"end":{"line":15,"column":53}},"4":{"start":{"line":15,"column":16},"end":{"line":15,"column":53}},"5":{"start":{"line":16,"column":2},"end":{"line":16,"column":70}},"6":{"start":{"line":16,"column":32},"end":{"line":16,"column":70}},"7":{"start":{"line":19,"column":23},"end":{"line":24,"column":4}},"8":{"start":{"line":26,"column":2},"end":{"line":43,"column":3}},"9":{"start":{"line":28,"column":4},"end":{"line":32,"column":7}},"10":{"start":{"line":35,"column":4},"end":{"line":42,"column":7}},"11":{"start":{"line":3,"column":13},"end":{"line":3,"column":25}},"12":{"start":{"line":46,"column":23},"end":{"line":55,"column":1}},"13":{"start":{"line":47,"column":2},"end":{"line":54,"column":5}},"14":{"start":{"line":46,"column":13},"end":{"line":46,"column":23}},"15":{"start":{"line":57,"column":30},"end":{"line":68,"column":1}},"16":{"start":{"line":62,"column":2},"end":{"line":67,"column":5}},"17":{"start":{"line":57,"column":13},"end":{"line":57,"column":30}},"18":{"start":{"line":70,"column":25},"end":{"line":74,"column":1}},"19":{"start":{"line":71,"column":2},"end":{"line":73,"column":5}},"20":{"start":{"line":70,"column":13},"end":{"line":70,"column":25}}},"fnMap":{"0":{"name":"(anonymous_0)","decl":{"start":{"line":3,"column":25},"end":{"line":3,"column":30}},"loc":{"start":{"line":8,"column":4},"end":{"line":44,"column":1}}},"1":{"name":"(anonymous_1)","decl":{"start":{"line":46,"column":23},"end":{"line":46,"column":28}},"loc":{"start":{"line":46,"column":73},"end":{"line":55,"column":1}}},"2":{"name":"(anonymous_2)","decl":{"start":{"line":57,"column":30},"end":{"line":57,"column":35}},"loc":{"start":{"line":61,"column":4},"end":{"line":68,"column":1}}},"3":{"name":"(anonymous_3)","decl":{"start":{"line":70,"column":25},"end":{"line":70,"column":30}},"loc":{"start":{"line":70,"column":75},"end":{"line":74,"column":1}}}},"branchMap":{"0":{"loc":{"start":{"line":15,"column":2},"end":{"line":15,"column":53}},"type":"if","locations":[{"start":{"line":15,"column":2},"end":{"line":15,"column":53}}]},"1":{"loc":{"start":{"line":16,"column":2},"end":{"line":16,"column":70}},"type":"if","locations":[{"start":{"line":16,"column":2},"end":{"line":16,"column":70}}]},"2":{"loc":{"start":{"line":21,"column":10},"end":{"line":21,"column":43}},"type":"cond-expr","locations":[{"start":{"line":21,"column":19},"end":{"line":21,"column":29}},{"start":{"line":21,"column":32},"end":{"line":21,"column":43}}]},"3":{"loc":{"start":{"line":26,"column":2},"end":{"line":43,"column":3}},"type":"if","locations":[{"start":{"line":26,"column":2},"end":{"line":43,"column":3}},{"start":{"line":33,"column":9},"end":{"line":43,"column":3}}]},"4":{"loc":{"start":{"line":37,"column":12},"end":{"line":37,"column":45}},"type":"cond-expr","locations":[{"start":{"line":37,"column":21},"end":{"line":37,"column":31}},{"start":{"line":37,"column":34},"end":{"line":37,"column":45}}]},"5":{"loc":{"start":{"line":48,"column":17},"end":{"line":48,"column":50}},"type":"cond-expr","locations":[{"start":{"line":48,"column":26},"end":{"line":48,"column":36}},{"start":{"line":48,"column":39},"end":{"line":48,"column":50}}]},"6":{"loc":{"start":{"line":65,"column":10},"end":{"line":65,"column":43}},"type":"cond-expr","locations":[{"start":{"line":65,"column":19},"end":{"line":65,"column":29}},{"start":{"line":65,"column":32},"end":{"line":65,"column":43}}]},"7":{"loc":{"start":{"line":72,"column":17},"end":{"line":72,"column":50}},"type":"cond-expr","locations":[{"start":{"line":72,"column":26},"end":{"line":72,"column":36}},{"start":{"line":72,"column":39},"end":{"line":72,"column":50}}]}},"s":{"0":2,"1":2,"2":1,"3":1,"4":0,"5":1,"6":0,"7":1,"8":1,"9":0,"10":1,"11":2,"12":2,"13":2,"14":2,"15":2,"16":1,"17":2,"18":2,"19":0,"20":2},"f":{"0":1,"1":2,"2":1,"3":0},"b":{"0":[0],"1":[0],"2":[0,1],"3":[0,1],"4":[0,1],"5":[0,2],"6":[0,1],"7":[0,0]}}
,"/Users/gokhanbirkin/Desktop/birkinapps/kayra-export-e-commerce-BE/src/services/orderService.ts": {"path":"/Users/gokhanbirkin/Desktop/birkinapps/kayra-export-e-commerce-BE/src/services/orderService.ts","statementMap":{"0":{"start":{"line":1,"column":0},"end":{"line":1,"column":27}},"1":{"start":{"line":3,"column":27},"end":{"line":56,"column":1}},"2":{"start":{"line":5,"column":20},"end":{"line":12,"column":4}},"3":{"start":{"line":14,"column":2},"end":{"line":16,"column":3}},"4":{"start":{"line":15,"column":4},"end":{"line":15,"column":37}},"5":{"start":{"line":19,"column":16},"end":{"line":22,"column":7}},"6":{"start":{"line":20,"column":22},"end":{"line":20,"column":73}},"7":{"start":{"line":21,"column":4},"end":{"line":21,"column":43}},"8":{"start":{"line":25,"column":16},"end":{"line":48,"column":4}},"9":{"start":{"line":31,"column":41},"end":{"line":35,"column":10}},"10":{"start":{"line":51,"column":2},"end":{"line":53,"column":5}},"11":{"start":{"line":55,"column":2},"end":{"line":55,"column":15}},"12":{"start":{"line":3,"column":13},"end":{"line":3,"column":27}},"13":{"start":{"line":58,"column":28},"end":{"line":75,"column":1}},"14":{"start":{"line":59,"column":2},"end":{"line":74,"column":5}},"15":{"start":{"line":58,"column":13},"end":{"line":58,"column":28}},"16":{"start":{"line":77,"column":29},"end":{"line":92,"column":1}},"17":{"start":{"line":78,"column":2},"end":{"line":91,"column":5}},"18":{"start":{"line":77,"column":13},"end":{"line":77,"column":29}}},"fnMap":{"0":{"name":"(anonymous_0)","decl":{"start":{"line":3,"column":27},"end":{"line":3,"column":32}},"loc":{"start":{"line":3,"column":71},"end":{"line":56,"column":1}}},"1":{"name":"(anonymous_1)","decl":{"start":{"line":19,"column":33},"end":{"line":19,"column":34}},"loc":{"start":{"line":19,"column":47},"end":{"line":22,"column":3}}},"2":{"name":"(anonymous_2)","decl":{"start":{"line":31,"column":30},"end":{"line":31,"column":31}},"loc":{"start":{"line":31,"column":41},"end":{"line":35,"column":10}}},"3":{"name":"(anonymous_3)","decl":{"start":{"line":58,"column":28},"end":{"line":58,"column":33}},"loc":{"start":{"line":58,"column":70},"end":{"line":75,"column":1}}},"4":{"name":"(anonymous_4)","decl":{"start":{"line":77,"column":29},"end":{"line":77,"column":34}},"loc":{"start":{"line":77,"column":54},"end":{"line":92,"column":1}}}},"branchMap":{"0":{"loc":{"start":{"line":14,"column":2},"end":{"line":16,"column":3}},"type":"if","locations":[{"start":{"line":14,"column":2},"end":{"line":16,"column":3}}]}},"s":{"0":2,"1":2,"2":0,"3":0,"4":0,"5":0,"6":0,"7":0,"8":0,"9":0,"10":0,"11":0,"12":2,"13":2,"14":0,"15":2,"16":2,"17":0,"18":2},"f":{"0":0,"1":0,"2":0,"3":0,"4":0},"b":{"0":[0]}}
,"/Users/gokhanbirkin/Desktop/birkinapps/kayra-export-e-commerce-BE/src/services/productsService.ts": {"path":"/Users/gokhanbirkin/Desktop/birkinapps/kayra-export-e-commerce-BE/src/services/productsService.ts","statementMap":{"0":{"start":{"line":1,"column":0},"end":{"line":1,"column":27}},"1":{"start":{"line":3,"column":30},"end":{"line":24,"column":1}},"2":{"start":{"line":4,"column":60},"end":{"line":4,"column":67}},"3":{"start":{"line":6,"column":21},"end":{"line":6,"column":23}},"4":{"start":{"line":7,"column":2},"end":{"line":7,"column":54}},"5":{"start":{"line":7,"column":16},"end":{"line":7,"column":54}},"6":{"start":{"line":8,"column":2},"end":{"line":8,"column":49}},"7":{"start":{"line":8,"column":14},"end":{"line":8,"column":49}},"8":{"start":{"line":9,"column":2},"end":{"line":10,"column":78}},"9":{"start":{"line":10,"column":4},"end":{"line":10,"column":78}},"10":{"start":{"line":12,"column":15},"end":{"line":12,"column":33}},"11":{"start":{"line":14,"column":2},"end":{"line":23,"column":5}},"12":{"start":{"line":3,"column":13},"end":{"line":3,"column":30}},"13":{"start":{"line":26,"column":30},"end":{"line":41,"column":1}},"14":{"start":{"line":27,"column":2},"end":{"line":40,"column":5}},"15":{"start":{"line":26,"column":13},"end":{"line":26,"column":30}},"16":{"start":{"line":43,"column":34},"end":{"line":47,"column":1}},"17":{"start":{"line":44,"column":2},"end":{"line":46,"column":5}},"18":{"start":{"line":43,"column":13},"end":{"line":43,"column":34}}},"fnMap":{"0":{"name":"(anonymous_0)","decl":{"start":{"line":3,"column":30},"end":{"line":3,"column":35}},"loc":{"start":{"line":3,"column":58},"end":{"line":24,"column":1}}},"1":{"name":"(anonymous_1)","decl":{"start":{"line":26,"column":30},"end":{"line":26,"column":35}},"loc":{"start":{"line":26,"column":51},"end":{"line":41,"column":1}}},"2":{"name":"(anonymous_2)","decl":{"start":{"line":43,"column":34},"end":{"line":43,"column":39}},"loc":{"start":{"line":43,"column":62},"end":{"line":47,"column":1}}}},"branchMap":{"0":{"loc":{"start":{"line":3,"column":37},"end":{"line":3,"column":54}},"type":"default-arg","locations":[{"start":{"line":3,"column":52},"end":{"line":3,"column":54}}]},"1":{"loc":{"start":{"line":4,"column":35},"end":{"line":4,"column":43}},"type":"default-arg","locations":[{"start":{"line":4,"column":42},"end":{"line":4,"column":43}}]},"2":{"loc":{"start":{"line":4,"column":45},"end":{"line":4,"column":55}},"type":"default-arg","locations":[{"start":{"line":4,"column":53},"end":{"line":4,"column":55}}]},"3":{"loc":{"start":{"line":7,"column":2},"end":{"line":7,"column":54}},"type":"if","locations":[{"start":{"line":7,"column":2},"end":{"line":7,"column":54}}]},"4":{"loc":{"start":{"line":8,"column":2},"end":{"line":8,"column":49}},"type":"if","locations":[{"start":{"line":8,"column":2},"end":{"line":8,"column":49}}]},"5":{"loc":{"start":{"line":9,"column":2},"end":{"line":10,"column":78}},"type":"if","locations":[{"start":{"line":9,"column":2},"end":{"line":10,"column":78}}]}},"s":{"0":2,"1":2,"2":0,"3":0,"4":0,"5":0,"6":0,"7":0,"8":0,"9":0,"10":0,"11":0,"12":2,"13":2,"14":0,"15":2,"16":2,"17":0,"18":2},"f":{"0":0,"1":0,"2":0},"b":{"0":[0],"1":[0],"2":[0],"3":[0],"4":[0],"5":[0]}}
,"/Users/gokhanbirkin/Desktop/birkinapps/kayra-export-e-commerce-BE/src/services/reviewService.ts": {"path":"/Users/gokhanbirkin/Desktop/birkinapps/kayra-export-e-commerce-BE/src/services/reviewService.ts","statementMap":{"0":{"start":{"line":1,"column":0},"end":{"line":1,"column":27}},"1":{"start":{"line":3,"column":28},"end":{"line":22,"column":1}},"2":{"start":{"line":9,"column":2},"end":{"line":21,"column":5}},"3":{"start":{"line":3,"column":13},"end":{"line":3,"column":28}},"4":{"start":{"line":24,"column":33},"end":{"line":34,"column":1}},"5":{"start":{"line":25,"column":2},"end":{"line":33,"column":5}},"6":{"start":{"line":24,"column":13},"end":{"line":24,"column":33}}},"fnMap":{"0":{"name":"(anonymous_0)","decl":{"start":{"line":3,"column":28},"end":{"line":3,"column":33}},"loc":{"start":{"line":8,"column":4},"end":{"line":22,"column":1}}},"1":{"name":"(anonymous_1)","decl":{"start":{"line":24,"column":33},"end":{"line":24,"column":38}},"loc":{"start":{"line":24,"column":61},"end":{"line":34,"column":1}}}},"branchMap":{},"s":{"0":2,"1":2,"2":0,"3":2,"4":2,"5":0,"6":2},"f":{"0":0,"1":0},"b":{}}
}
