{"/Users/gokhanbirkin/Desktop/birkinapps/kayra-export-e-commerce-BE/src/db.ts": {"path":"/Users/gokhanbirkin/Desktop/birkinapps/kayra-export-e-commerce-BE/src/db.ts","statementMap":{"0":{"start":{"line":1,"column":0},"end":{"line":1,"column":46}},"1":{"start":{"line":2,"column":13},"end":{"line":2,"column":37}}},"fnMap":{},"branchMap":{},"s":{"0":1,"1":1},"f":{},"b":{}}
,"/Users/gokhanbirkin/Desktop/birkinapps/kayra-export-e-commerce-BE/src/main.ts": {"path":"/Users/gokhanbirkin/Desktop/birkinapps/kayra-export-e-commerce-BE/src/main.ts","statementMap":{"0":{"start":{"line":1,"column":0},"end":{"line":1,"column":30}},"1":{"start":{"line":2,"column":0},"end":{"line":2,"column":24}},"2":{"start":{"line":3,"column":0},"end":{"line":3,"column":28}},"3":{"start":{"line":4,"column":0},"end":{"line":4,"column":54}},"4":{"start":{"line":5,"column":0},"end":{"line":5,"column":45}},"5":{"start":{"line":6,"column":0},"end":{"line":6,"column":57}},"6":{"start":{"line":7,"column":0},"end":{"line":7,"column":43}},"7":{"start":{"line":8,"column":0},"end":{"line":8,"column":41}},"8":{"start":{"line":9,"column":0},"end":{"line":9,"column":43}},"9":{"start":{"line":12,"column":0},"end":{"line":12,"column":43}},"10":{"start":{"line":13,"column":0},"end":{"line":13,"column":47}},"11":{"start":{"line":14,"column":0},"end":{"line":14,"column":51}},"12":{"start":{"line":15,"column":0},"end":{"line":15,"column":43}},"13":{"start":{"line":16,"column":0},"end":{"line":16,"column":39}},"14":{"start":{"line":17,"column":0},"end":{"line":17,"column":43}},"15":{"start":{"line":18,"column":0},"end":{"line":18,"column":45}},"16":{"start":{"line":19,"column":0},"end":{"line":19,"column":39}},"17":{"start":{"line":20,"column":0},"end":{"line":20,"column":41}},"18":{"start":{"line":22,"column":12},"end":{"line":22,"column":21}},"19":{"start":{"line":78,"column":9},"end":{"line":78,"column":12}},"20":{"start":{"line":23,"column":13},"end":{"line":23,"column":37}},"21":{"start":{"line":26,"column":0},"end":{"line":26,"column":18}},"22":{"start":{"line":27,"column":0},"end":{"line":32,"column":2}},"23":{"start":{"line":33,"column":0},"end":{"line":33,"column":20}},"24":{"start":{"line":34,"column":0},"end":{"line":34,"column":16}},"25":{"start":{"line":35,"column":0},"end":{"line":35,"column":41}},"26":{"start":{"line":36,"column":0},"end":{"line":36,"column":63}},"27":{"start":{"line":39,"column":0},"end":{"line":39,"column":52}},"28":{"start":{"line":40,"column":0},"end":{"line":40,"column":54}},"29":{"start":{"line":43,"column":0},"end":{"line":43,"column":33}},"30":{"start":{"line":44,"column":0},"end":{"line":44,"column":41}},"31":{"start":{"line":45,"column":0},"end":{"line":45,"column":45}},"32":{"start":{"line":46,"column":0},"end":{"line":46,"column":37}},"33":{"start":{"line":47,"column":0},"end":{"line":47,"column":33}},"34":{"start":{"line":48,"column":0},"end":{"line":48,"column":37}},"35":{"start":{"line":49,"column":0},"end":{"line":49,"column":39}},"36":{"start":{"line":50,"column":0},"end":{"line":50,"column":33}},"37":{"start":{"line":51,"column":0},"end":{"line":51,"column":35}},"38":{"start":{"line":54,"column":14},"end":{"line":54,"column":42}},"39":{"start":{"line":55,"column":0},"end":{"line":55,"column":62}},"40":{"start":{"line":58,"column":0},"end":{"line":58,"column":22}},"41":{"start":{"line":61,"column":0},"end":{"line":64,"column":3}},"42":{"start":{"line":62,"column":2},"end":{"line":62,"column":49}},"43":{"start":{"line":63,"column":2},"end":{"line":63,"column":18}},"44":{"start":{"line":66,"column":0},"end":{"line":69,"column":3}},"45":{"start":{"line":67,"column":2},"end":{"line":67,"column":48}},"46":{"start":{"line":68,"column":2},"end":{"line":68,"column":18}},"47":{"start":{"line":72,"column":0},"end":{"line":76,"column":1}},"48":{"start":{"line":73,"column":2},"end":{"line":75,"column":5}},"49":{"start":{"line":74,"column":4},"end":{"line":74,"column":58}}},"fnMap":{"0":{"name":"(anonymous_1)","decl":{"start":{"line":61,"column":22},"end":{"line":61,"column":25}},"loc":{"start":{"line":61,"column":27},"end":{"line":64,"column":1}}},"1":{"name":"(anonymous_2)","decl":{"start":{"line":66,"column":21},"end":{"line":66,"column":24}},"loc":{"start":{"line":66,"column":26},"end":{"line":69,"column":1}}},"2":{"name":"(anonymous_3)","decl":{"start":{"line":73,"column":19},"end":{"line":73,"column":22}},"loc":{"start":{"line":73,"column":24},"end":{"line":75,"column":3}}}},"branchMap":{"0":{"loc":{"start":{"line":23,"column":13},"end":{"line":23,"column":37}},"type":"binary-expr","locations":[{"start":{"line":23,"column":13},"end":{"line":23,"column":29}},{"start":{"line":23,"column":33},"end":{"line":23,"column":37}}]},"1":{"loc":{"start":{"line":29,"column":12},"end":{"line":29,"column":42}},"type":"binary-expr","locations":[{"start":{"line":29,"column":12},"end":{"line":29,"column":35}},{"start":{"line":29,"column":39},"end":{"line":29,"column":42}}]},"2":{"loc":{"start":{"line":72,"column":0},"end":{"line":76,"column":1}},"type":"if","locations":[{"start":{"line":72,"column":0},"end":{"line":76,"column":1}}]}},"s":{"0":1,"1":1,"2":1,"3":1,"4":1,"5":1,"6":1,"7":1,"8":1,"9":1,"10":1,"11":1,"12":1,"13":1,"14":1,"15":1,"16":1,"17":1,"18":1,"19":1,"20":1,"21":1,"22":1,"23":1,"24":1,"25":1,"26":1,"27":1,"28":1,"29":1,"30":1,"31":1,"32":1,"33":1,"34":1,"35":1,"36":1,"37":1,"38":1,"39":1,"40":1,"41":1,"42":0,"43":0,"44":1,"45":0,"46":0,"47":1,"48":0,"49":0},"f":{"0":0,"1":0,"2":0},"b":{"0":[1,0],"1":[1,0],"2":[0]}}
,"/Users/gokhanbirkin/Desktop/birkinapps/kayra-export-e-commerce-BE/src/swagger.ts": {"path":"/Users/gokhanbirkin/Desktop/birkinapps/kayra-export-e-commerce-BE/src/swagger.ts","statementMap":{"0":{"start":{"line":1,"column":13},"end":{"line":28,"column":2}}},"fnMap":{},"branchMap":{},"s":{"0":1},"f":{},"b":{}}
,"/Users/gokhanbirkin/Desktop/birkinapps/kayra-export-e-commerce-BE/src/controllers/authController.ts": {"path":"/Users/gokhanbirkin/Desktop/birkinapps/kayra-export-e-commerce-BE/src/controllers/authController.ts","statementMap":{"0":{"start":{"line":2,"column":0},"end":{"line":2,"column":null}},"1":{"start":{"line":16,"column":24},"end":{"line":20,"column":1}},"2":{"start":{"line":17,"column":52},"end":{"line":17,"column":60}},"3":{"start":{"line":18,"column":15},"end":{"line":18,"column":72}},"4":{"start":{"line":19,"column":2},"end":{"line":19,"column":76}},"5":{"start":{"line":16,"column":13},"end":{"line":16,"column":24}},"6":{"start":{"line":22,"column":21},"end":{"line":26,"column":1}},"7":{"start":{"line":23,"column":30},"end":{"line":23,"column":38}},"8":{"start":{"line":24,"column":16},"end":{"line":24,"column":48}},"9":{"start":{"line":25,"column":2},"end":{"line":25,"column":22}},"10":{"start":{"line":22,"column":13},"end":{"line":22,"column":21}},"11":{"start":{"line":28,"column":26},"end":{"line":33,"column":1}},"12":{"start":{"line":29,"column":18},"end":{"line":29,"column":36}},"13":{"start":{"line":30,"column":15},"end":{"line":30,"column":43}},"14":{"start":{"line":31,"column":2},"end":{"line":31,"column":70}},"15":{"start":{"line":31,"column":13},"end":{"line":31,"column":70}},"16":{"start":{"line":32,"column":2},"end":{"line":32,"column":17}},"17":{"start":{"line":28,"column":13},"end":{"line":28,"column":26}},"18":{"start":{"line":35,"column":26},"end":{"line":39,"column":1}},"19":{"start":{"line":36,"column":18},"end":{"line":36,"column":36}},"20":{"start":{"line":37,"column":18},"end":{"line":37,"column":56}},"21":{"start":{"line":38,"column":2},"end":{"line":38,"column":32}},"22":{"start":{"line":35,"column":13},"end":{"line":35,"column":26}},"23":{"start":{"line":41,"column":27},"end":{"line":44,"column":1}},"24":{"start":{"line":42,"column":20},"end":{"line":42,"column":44}},"25":{"start":{"line":43,"column":2},"end":{"line":43,"column":34}},"26":{"start":{"line":41,"column":13},"end":{"line":41,"column":27}},"27":{"start":{"line":46,"column":29},"end":{"line":65,"column":1}},"28":{"start":{"line":47,"column":18},"end":{"line":47,"column":36}},"29":{"start":{"line":48,"column":33},"end":{"line":48,"column":41}},"30":{"start":{"line":50,"column":2},"end":{"line":64,"column":3}},"31":{"start":{"line":51,"column":24},"end":{"line":51,"column":79}},"32":{"start":{"line":52,"column":4},"end":{"line":58,"column":7}},"33":{"start":{"line":60,"column":4},"end":{"line":62,"column":5}},"34":{"start":{"line":61,"column":6},"end":{"line":61,"column":69}},"35":{"start":{"line":63,"column":4},"end":{"line":63,"column":16}},"36":{"start":{"line":46,"column":13},"end":{"line":46,"column":29}},"37":{"start":{"line":67,"column":40},"end":{"line":85,"column":1}},"38":{"start":{"line":68,"column":18},"end":{"line":68,"column":36}},"39":{"start":{"line":69,"column":54},"end":{"line":69,"column":62}},"40":{"start":{"line":71,"column":2},"end":{"line":84,"column":3}},"41":{"start":{"line":72,"column":24},"end":{"line":77,"column":6}},"42":{"start":{"line":78,"column":4},"end":{"line":78,"column":26}},"43":{"start":{"line":80,"column":4},"end":{"line":82,"column":5}},"44":{"start":{"line":81,"column":6},"end":{"line":81,"column":69}},"45":{"start":{"line":83,"column":4},"end":{"line":83,"column":16}},"46":{"start":{"line":67,"column":13},"end":{"line":67,"column":40}},"47":{"start":{"line":87,"column":30},"end":{"line":107,"column":1}},"48":{"start":{"line":88,"column":18},"end":{"line":88,"column":36}},"49":{"start":{"line":89,"column":43},"end":{"line":89,"column":51}},"50":{"start":{"line":91,"column":2},"end":{"line":106,"column":3}},"51":{"start":{"line":92,"column":19},"end":{"line":95,"column":null}},"52":{"start":{"line":97,"column":4},"end":{"line":97,"column":21}},"53":{"start":{"line":99,"column":4},"end":{"line":101,"column":5}},"54":{"start":{"line":100,"column":6},"end":{"line":100,"column":78}},"55":{"start":{"line":102,"column":4},"end":{"line":104,"column":5}},"56":{"start":{"line":103,"column":6},"end":{"line":103,"column":63}},"57":{"start":{"line":105,"column":4},"end":{"line":105,"column":16}},"58":{"start":{"line":87,"column":13},"end":{"line":87,"column":30}},"59":{"start":{"line":109,"column":28},"end":{"line":130,"column":1}},"60":{"start":{"line":110,"column":18},"end":{"line":110,"column":36}},"61":{"start":{"line":112,"column":2},"end":{"line":129,"column":3}},"62":{"start":{"line":113,"column":4},"end":{"line":115,"column":5}},"63":{"start":{"line":114,"column":6},"end":{"line":114,"column":65}},"64":{"start":{"line":118,"column":22},"end":{"line":120,"column":6}},"65":{"start":{"line":122,"column":19},"end":{"line":122,"column":60}},"66":{"start":{"line":123,"column":4},"end":{"line":123,"column":21}},"67":{"start":{"line":125,"column":4},"end":{"line":127,"column":5}},"68":{"start":{"line":126,"column":6},"end":{"line":126,"column":63}},"69":{"start":{"line":128,"column":4},"end":{"line":128,"column":16}},"70":{"start":{"line":109,"column":13},"end":{"line":109,"column":28}},"71":{"start":{"line":132,"column":29},"end":{"line":151,"column":1}},"72":{"start":{"line":133,"column":18},"end":{"line":133,"column":36}},"73":{"start":{"line":134,"column":20},"end":{"line":134,"column":50}},"74":{"start":{"line":136,"column":2},"end":{"line":138,"column":3}},"75":{"start":{"line":137,"column":4},"end":{"line":137,"column":65}},"76":{"start":{"line":140,"column":2},"end":{"line":150,"column":3}},"77":{"start":{"line":141,"column":19},"end":{"line":141,"column":71}},"78":{"start":{"line":142,"column":4},"end":{"line":142,"column":21}},"79":{"start":{"line":144,"column":4},"end":{"line":148,"column":5}},"80":{"start":{"line":145,"column":6},"end":{"line":147,"column":73}},"81":{"start":{"line":149,"column":4},"end":{"line":149,"column":16}},"82":{"start":{"line":132,"column":13},"end":{"line":132,"column":29}},"83":{"start":{"line":153,"column":29},"end":{"line":172,"column":1}},"84":{"start":{"line":154,"column":18},"end":{"line":154,"column":36}},"85":{"start":{"line":155,"column":20},"end":{"line":155,"column":50}},"86":{"start":{"line":157,"column":2},"end":{"line":159,"column":3}},"87":{"start":{"line":158,"column":4},"end":{"line":158,"column":65}},"88":{"start":{"line":161,"column":2},"end":{"line":171,"column":3}},"89":{"start":{"line":162,"column":19},"end":{"line":162,"column":61}},"90":{"start":{"line":163,"column":4},"end":{"line":163,"column":21}},"91":{"start":{"line":165,"column":4},"end":{"line":169,"column":5}},"92":{"start":{"line":166,"column":6},"end":{"line":168,"column":73}},"93":{"start":{"line":170,"column":4},"end":{"line":170,"column":16}},"94":{"start":{"line":153,"column":13},"end":{"line":153,"column":29}}},"fnMap":{"0":{"name":"(anonymous_0)","decl":{"start":{"line":16,"column":24},"end":{"line":16,"column":29}},"loc":{"start":{"line":16,"column":62},"end":{"line":20,"column":1}}},"1":{"name":"(anonymous_1)","decl":{"start":{"line":22,"column":21},"end":{"line":22,"column":26}},"loc":{"start":{"line":22,"column":59},"end":{"line":26,"column":1}}},"2":{"name":"(anonymous_2)","decl":{"start":{"line":28,"column":26},"end":{"line":28,"column":31}},"loc":{"start":{"line":28,"column":64},"end":{"line":33,"column":1}}},"3":{"name":"(anonymous_3)","decl":{"start":{"line":35,"column":26},"end":{"line":35,"column":31}},"loc":{"start":{"line":35,"column":64},"end":{"line":39,"column":1}}},"4":{"name":"(anonymous_4)","decl":{"start":{"line":41,"column":27},"end":{"line":41,"column":32}},"loc":{"start":{"line":41,"column":65},"end":{"line":44,"column":1}}},"5":{"name":"(anonymous_5)","decl":{"start":{"line":46,"column":29},"end":{"line":46,"column":34}},"loc":{"start":{"line":46,"column":67},"end":{"line":65,"column":1}}},"6":{"name":"(anonymous_6)","decl":{"start":{"line":67,"column":40},"end":{"line":67,"column":45}},"loc":{"start":{"line":67,"column":78},"end":{"line":85,"column":1}}},"7":{"name":"(anonymous_7)","decl":{"start":{"line":87,"column":30},"end":{"line":87,"column":35}},"loc":{"start":{"line":87,"column":68},"end":{"line":107,"column":1}}},"8":{"name":"(anonymous_8)","decl":{"start":{"line":109,"column":28},"end":{"line":109,"column":33}},"loc":{"start":{"line":109,"column":66},"end":{"line":130,"column":1}}},"9":{"name":"(anonymous_9)","decl":{"start":{"line":132,"column":29},"end":{"line":132,"column":34}},"loc":{"start":{"line":132,"column":67},"end":{"line":151,"column":1}}},"10":{"name":"(anonymous_10)","decl":{"start":{"line":153,"column":29},"end":{"line":153,"column":34}},"loc":{"start":{"line":153,"column":67},"end":{"line":172,"column":1}}}},"branchMap":{"0":{"loc":{"start":{"line":31,"column":2},"end":{"line":31,"column":70}},"type":"if","locations":[{"start":{"line":31,"column":2},"end":{"line":31,"column":70}}]},"1":{"loc":{"start":{"line":60,"column":4},"end":{"line":62,"column":5}},"type":"if","locations":[{"start":{"line":60,"column":4},"end":{"line":62,"column":5}}]},"2":{"loc":{"start":{"line":80,"column":4},"end":{"line":82,"column":5}},"type":"if","locations":[{"start":{"line":80,"column":4},"end":{"line":82,"column":5}}]},"3":{"loc":{"start":{"line":99,"column":4},"end":{"line":101,"column":5}},"type":"if","locations":[{"start":{"line":99,"column":4},"end":{"line":101,"column":5}}]},"4":{"loc":{"start":{"line":102,"column":4},"end":{"line":104,"column":5}},"type":"if","locations":[{"start":{"line":102,"column":4},"end":{"line":104,"column":5}}]},"5":{"loc":{"start":{"line":113,"column":4},"end":{"line":115,"column":5}},"type":"if","locations":[{"start":{"line":113,"column":4},"end":{"line":115,"column":5}}]},"6":{"loc":{"start":{"line":125,"column":4},"end":{"line":127,"column":5}},"type":"if","locations":[{"start":{"line":125,"column":4},"end":{"line":127,"column":5}}]},"7":{"loc":{"start":{"line":136,"column":2},"end":{"line":138,"column":3}},"type":"if","locations":[{"start":{"line":136,"column":2},"end":{"line":138,"column":3}}]},"8":{"loc":{"start":{"line":144,"column":4},"end":{"line":148,"column":5}},"type":"if","locations":[{"start":{"line":144,"column":4},"end":{"line":148,"column":5}}]},"9":{"loc":{"start":{"line":157,"column":2},"end":{"line":159,"column":3}},"type":"if","locations":[{"start":{"line":157,"column":2},"end":{"line":159,"column":3}}]},"10":{"loc":{"start":{"line":165,"column":4},"end":{"line":169,"column":5}},"type":"if","locations":[{"start":{"line":165,"column":4},"end":{"line":169,"column":5}}]}},"s":{"0":1,"1":1,"2":0,"3":0,"4":0,"5":1,"6":1,"7":0,"8":0,"9":0,"10":1,"11":1,"12":0,"13":0,"14":0,"15":0,"16":0,"17":1,"18":1,"19":0,"20":0,"21":0,"22":1,"23":1,"24":0,"25":0,"26":1,"27":1,"28":0,"29":0,"30":0,"31":0,"32":0,"33":0,"34":0,"35":0,"36":1,"37":1,"38":0,"39":0,"40":0,"41":0,"42":0,"43":0,"44":0,"45":0,"46":1,"47":1,"48":0,"49":0,"50":0,"51":0,"52":0,"53":0,"54":0,"55":0,"56":0,"57":0,"58":1,"59":1,"60":0,"61":0,"62":0,"63":0,"64":0,"65":0,"66":0,"67":0,"68":0,"69":0,"70":1,"71":1,"72":0,"73":0,"74":0,"75":0,"76":0,"77":0,"78":0,"79":0,"80":0,"81":0,"82":1,"83":1,"84":0,"85":0,"86":0,"87":0,"88":0,"89":0,"90":0,"91":0,"92":0,"93":0,"94":1},"f":{"0":0,"1":0,"2":0,"3":0,"4":0,"5":0,"6":0,"7":0,"8":0,"9":0,"10":0},"b":{"0":[0],"1":[0],"2":[0],"3":[0],"4":[0],"5":[0],"6":[0],"7":[0],"8":[0],"9":[0],"10":[0]}}
,"/Users/gokhanbirkin/Desktop/birkinapps/kayra-export-e-commerce-BE/src/controllers/basketController.ts": {"path":"/Users/gokhanbirkin/Desktop/birkinapps/kayra-export-e-commerce-BE/src/controllers/basketController.ts","statementMap":{"0":{"start":{"line":2,"column":0},"end":{"line":2,"column":59}},"1":{"start":{"line":4,"column":20},"end":{"line":8,"column":1}},"2":{"start":{"line":5,"column":18},"end":{"line":5,"column":36}},"3":{"start":{"line":6,"column":16},"end":{"line":6,"column":52}},"4":{"start":{"line":7,"column":2},"end":{"line":7,"column":18}},"5":{"start":{"line":4,"column":13},"end":{"line":4,"column":20}},"6":{"start":{"line":10,"column":19},"end":{"line":15,"column":1}},"7":{"start":{"line":11,"column":18},"end":{"line":11,"column":36}},"8":{"start":{"line":12,"column":34},"end":{"line":12,"column":42}},"9":{"start":{"line":13,"column":15},"end":{"line":13,"column":71}},"10":{"start":{"line":14,"column":2},"end":{"line":14,"column":29}},"11":{"start":{"line":10,"column":13},"end":{"line":10,"column":19}},"12":{"start":{"line":17,"column":22},"end":{"line":22,"column":1}},"13":{"start":{"line":18,"column":18},"end":{"line":18,"column":36}},"14":{"start":{"line":19,"column":13},"end":{"line":19,"column":34}},"15":{"start":{"line":20,"column":2},"end":{"line":20,"column":45}},"16":{"start":{"line":21,"column":2},"end":{"line":21,"column":22}},"17":{"start":{"line":17,"column":13},"end":{"line":17,"column":22}},"18":{"start":{"line":24,"column":25},"end":{"line":28,"column":1}},"19":{"start":{"line":25,"column":18},"end":{"line":25,"column":36}},"20":{"start":{"line":26,"column":2},"end":{"line":26,"column":40}},"21":{"start":{"line":27,"column":2},"end":{"line":27,"column":22}},"22":{"start":{"line":24,"column":13},"end":{"line":24,"column":25}}},"fnMap":{"0":{"name":"(anonymous_9)","decl":{"start":{"line":4,"column":20},"end":{"line":4,"column":25}},"loc":{"start":{"line":4,"column":58},"end":{"line":8,"column":1}}},"1":{"name":"(anonymous_10)","decl":{"start":{"line":10,"column":19},"end":{"line":10,"column":24}},"loc":{"start":{"line":10,"column":57},"end":{"line":15,"column":1}}},"2":{"name":"(anonymous_11)","decl":{"start":{"line":17,"column":22},"end":{"line":17,"column":27}},"loc":{"start":{"line":17,"column":60},"end":{"line":22,"column":1}}},"3":{"name":"(anonymous_12)","decl":{"start":{"line":24,"column":25},"end":{"line":24,"column":30}},"loc":{"start":{"line":24,"column":63},"end":{"line":28,"column":1}}}},"branchMap":{},"s":{"0":1,"1":1,"2":0,"3":0,"4":0,"5":1,"6":1,"7":0,"8":0,"9":0,"10":0,"11":1,"12":1,"13":0,"14":0,"15":0,"16":0,"17":1,"18":1,"19":0,"20":0,"21":0,"22":1},"f":{"0":0,"1":0,"2":0,"3":0},"b":{}}
,"/Users/gokhanbirkin/Desktop/birkinapps/kayra-export-e-commerce-BE/src/controllers/cartController.ts": {"path":"/Users/gokhanbirkin/Desktop/birkinapps/kayra-export-e-commerce-BE/src/controllers/cartController.ts","statementMap":{"0":{"start":{"line":2,"column":0},"end":{"line":2,"column":null}},"1":{"start":{"line":10,"column":23},"end":{"line":39,"column":1}},"2":{"start":{"line":11,"column":18},"end":{"line":11,"column":36}},"3":{"start":{"line":12,"column":19},"end":{"line":12,"column":38}},"4":{"start":{"line":13,"column":20},"end":{"line":13,"column":40}},"5":{"start":{"line":14,"column":34},"end":{"line":14,"column":42}},"6":{"start":{"line":16,"column":2},"end":{"line":38,"column":3}},"7":{"start":{"line":18,"column":4},"end":{"line":22,"column":5}},"8":{"start":{"line":19,"column":6},"end":{"line":19,"column":65}},"9":{"start":{"line":21,"column":6},"end":{"line":21,"column":58}},"10":{"start":{"line":23,"column":4},"end":{"line":23,"column":31}},"11":{"start":{"line":25,"column":4},"end":{"line":30,"column":5}},"12":{"start":{"line":26,"column":6},"end":{"line":29,"column":9}},"13":{"start":{"line":31,"column":4},"end":{"line":36,"column":5}},"14":{"start":{"line":32,"column":6},"end":{"line":35,"column":9}},"15":{"start":{"line":37,"column":4},"end":{"line":37,"column":16}},"16":{"start":{"line":10,"column":13},"end":{"line":10,"column":23}},"17":{"start":{"line":41,"column":25},"end":{"line":53,"column":1}},"18":{"start":{"line":42,"column":18},"end":{"line":42,"column":36}},"19":{"start":{"line":43,"column":19},"end":{"line":43,"column":38}},"20":{"start":{"line":44,"column":20},"end":{"line":44,"column":40}},"21":{"start":{"line":46,"column":2},"end":{"line":52,"column":3}},"22":{"start":{"line":47,"column":18},"end":{"line":47,"column":46}},"23":{"start":{"line":48,"column":4},"end":{"line":48,"column":20}},"24":{"start":{"line":50,"column":18},"end":{"line":50,"column":39}},"25":{"start":{"line":51,"column":4},"end":{"line":51,"column":20}},"26":{"start":{"line":41,"column":13},"end":{"line":41,"column":25}},"27":{"start":{"line":55,"column":26},"end":{"line":79,"column":1}},"28":{"start":{"line":56,"column":18},"end":{"line":56,"column":36}},"29":{"start":{"line":57,"column":19},"end":{"line":57,"column":38}},"30":{"start":{"line":58,"column":20},"end":{"line":58,"column":40}},"31":{"start":{"line":59,"column":17},"end":{"line":59,"column":42}},"32":{"start":{"line":61,"column":2},"end":{"line":63,"column":3}},"33":{"start":{"line":62,"column":4},"end":{"line":62,"column":62}},"34":{"start":{"line":65,"column":2},"end":{"line":78,"column":3}},"35":{"start":{"line":66,"column":4},"end":{"line":70,"column":5}},"36":{"start":{"line":67,"column":6},"end":{"line":67,"column":50}},"37":{"start":{"line":69,"column":6},"end":{"line":69,"column":43}},"38":{"start":{"line":72,"column":4},"end":{"line":72,"column":24}},"39":{"start":{"line":74,"column":4},"end":{"line":76,"column":5}},"40":{"start":{"line":75,"column":6},"end":{"line":75,"column":68}},"41":{"start":{"line":77,"column":4},"end":{"line":77,"column":16}},"42":{"start":{"line":55,"column":13},"end":{"line":55,"column":26}},"43":{"start":{"line":81,"column":34},"end":{"line":121,"column":1}},"44":{"start":{"line":82,"column":18},"end":{"line":82,"column":36}},"45":{"start":{"line":83,"column":19},"end":{"line":83,"column":38}},"46":{"start":{"line":84,"column":20},"end":{"line":84,"column":40}},"47":{"start":{"line":85,"column":17},"end":{"line":85,"column":42}},"48":{"start":{"line":86,"column":23},"end":{"line":86,"column":31}},"49":{"start":{"line":88,"column":2},"end":{"line":90,"column":3}},"50":{"start":{"line":89,"column":4},"end":{"line":89,"column":62}},"51":{"start":{"line":92,"column":2},"end":{"line":96,"column":3}},"52":{"start":{"line":93,"column":4},"end":{"line":95,"column":61}},"53":{"start":{"line":98,"column":2},"end":{"line":120,"column":3}},"54":{"start":{"line":100,"column":4},"end":{"line":109,"column":5}},"55":{"start":{"line":101,"column":6},"end":{"line":106,"column":8}},"56":{"start":{"line":108,"column":6},"end":{"line":108,"column":75}},"57":{"start":{"line":111,"column":4},"end":{"line":111,"column":38}},"58":{"start":{"line":113,"column":4},"end":{"line":115,"column":5}},"59":{"start":{"line":114,"column":6},"end":{"line":114,"column":68}},"60":{"start":{"line":116,"column":4},"end":{"line":118,"column":5}},"61":{"start":{"line":117,"column":6},"end":{"line":117,"column":67}},"62":{"start":{"line":119,"column":4},"end":{"line":119,"column":16}},"63":{"start":{"line":81,"column":13},"end":{"line":81,"column":34}},"64":{"start":{"line":123,"column":30},"end":{"line":139,"column":1}},"65":{"start":{"line":124,"column":18},"end":{"line":124,"column":36}},"66":{"start":{"line":125,"column":19},"end":{"line":125,"column":38}},"67":{"start":{"line":126,"column":20},"end":{"line":126,"column":40}},"68":{"start":{"line":128,"column":2},"end":{"line":138,"column":3}},"69":{"start":{"line":129,"column":4},"end":{"line":133,"column":5}},"70":{"start":{"line":130,"column":6},"end":{"line":130,"column":37}},"71":{"start":{"line":132,"column":6},"end":{"line":132,"column":30}},"72":{"start":{"line":135,"column":4},"end":{"line":135,"column":24}},"73":{"start":{"line":137,"column":4},"end":{"line":137,"column":16}},"74":{"start":{"line":123,"column":13},"end":{"line":123,"column":30}}},"fnMap":{"0":{"name":"(anonymous_0)","decl":{"start":{"line":10,"column":23},"end":{"line":10,"column":28}},"loc":{"start":{"line":10,"column":61},"end":{"line":39,"column":1}}},"1":{"name":"(anonymous_1)","decl":{"start":{"line":41,"column":25},"end":{"line":41,"column":30}},"loc":{"start":{"line":41,"column":63},"end":{"line":53,"column":1}}},"2":{"name":"(anonymous_2)","decl":{"start":{"line":55,"column":26},"end":{"line":55,"column":31}},"loc":{"start":{"line":55,"column":64},"end":{"line":79,"column":1}}},"3":{"name":"(anonymous_3)","decl":{"start":{"line":81,"column":34},"end":{"line":81,"column":39}},"loc":{"start":{"line":81,"column":72},"end":{"line":121,"column":1}}},"4":{"name":"(anonymous_4)","decl":{"start":{"line":123,"column":30},"end":{"line":123,"column":35}},"loc":{"start":{"line":123,"column":68},"end":{"line":139,"column":1}}}},"branchMap":{"0":{"loc":{"start":{"line":18,"column":4},"end":{"line":22,"column":5}},"type":"if","locations":[{"start":{"line":18,"column":4},"end":{"line":22,"column":5}},{"start":{"line":20,"column":11},"end":{"line":22,"column":5}}]},"1":{"loc":{"start":{"line":25,"column":4},"end":{"line":30,"column":5}},"type":"if","locations":[{"start":{"line":25,"column":4},"end":{"line":30,"column":5}}]},"2":{"loc":{"start":{"line":31,"column":4},"end":{"line":36,"column":5}},"type":"if","locations":[{"start":{"line":31,"column":4},"end":{"line":36,"column":5}}]},"3":{"loc":{"start":{"line":46,"column":2},"end":{"line":52,"column":3}},"type":"if","locations":[{"start":{"line":46,"column":2},"end":{"line":52,"column":3}},{"start":{"line":49,"column":9},"end":{"line":52,"column":3}}]},"4":{"loc":{"start":{"line":61,"column":2},"end":{"line":63,"column":3}},"type":"if","locations":[{"start":{"line":61,"column":2},"end":{"line":63,"column":3}}]},"5":{"loc":{"start":{"line":66,"column":4},"end":{"line":70,"column":5}},"type":"if","locations":[{"start":{"line":66,"column":4},"end":{"line":70,"column":5}},{"start":{"line":68,"column":11},"end":{"line":70,"column":5}}]},"6":{"loc":{"start":{"line":74,"column":4},"end":{"line":76,"column":5}},"type":"if","locations":[{"start":{"line":74,"column":4},"end":{"line":76,"column":5}}]},"7":{"loc":{"start":{"line":88,"column":2},"end":{"line":90,"column":3}},"type":"if","locations":[{"start":{"line":88,"column":2},"end":{"line":90,"column":3}}]},"8":{"loc":{"start":{"line":92,"column":2},"end":{"line":96,"column":3}},"type":"if","locations":[{"start":{"line":92,"column":2},"end":{"line":96,"column":3}}]},"9":{"loc":{"start":{"line":92,"column":6},"end":{"line":92,"column":64}},"type":"binary-expr","locations":[{"start":{"line":92,"column":6},"end":{"line":92,"column":15}},{"start":{"line":92,"column":19},"end":{"line":92,"column":47}},{"start":{"line":92,"column":51},"end":{"line":92,"column":64}}]},"10":{"loc":{"start":{"line":100,"column":4},"end":{"line":109,"column":5}},"type":"if","locations":[{"start":{"line":100,"column":4},"end":{"line":109,"column":5}},{"start":{"line":107,"column":11},"end":{"line":109,"column":5}}]},"11":{"loc":{"start":{"line":113,"column":4},"end":{"line":115,"column":5}},"type":"if","locations":[{"start":{"line":113,"column":4},"end":{"line":115,"column":5}}]},"12":{"loc":{"start":{"line":116,"column":4},"end":{"line":118,"column":5}},"type":"if","locations":[{"start":{"line":116,"column":4},"end":{"line":118,"column":5}}]},"13":{"loc":{"start":{"line":129,"column":4},"end":{"line":133,"column":5}},"type":"if","locations":[{"start":{"line":129,"column":4},"end":{"line":133,"column":5}},{"start":{"line":131,"column":11},"end":{"line":133,"column":5}}]}},"s":{"0":1,"1":1,"2":0,"3":0,"4":0,"5":0,"6":0,"7":0,"8":0,"9":0,"10":0,"11":0,"12":0,"13":0,"14":0,"15":0,"16":1,"17":1,"18":0,"19":0,"20":0,"21":0,"22":0,"23":0,"24":0,"25":0,"26":1,"27":1,"28":0,"29":0,"30":0,"31":0,"32":0,"33":0,"34":0,"35":0,"36":0,"37":0,"38":0,"39":0,"40":0,"41":0,"42":1,"43":1,"44":0,"45":0,"46":0,"47":0,"48":0,"49":0,"50":0,"51":0,"52":0,"53":0,"54":0,"55":0,"56":0,"57":0,"58":0,"59":0,"60":0,"61":0,"62":0,"63":1,"64":1,"65":0,"66":0,"67":0,"68":0,"69":0,"70":0,"71":0,"72":0,"73":0,"74":1},"f":{"0":0,"1":0,"2":0,"3":0,"4":0},"b":{"0":[0,0],"1":[0],"2":[0],"3":[0,0],"4":[0],"5":[0,0],"6":[0],"7":[0],"8":[0],"9":[0,0,0],"10":[0,0],"11":[0],"12":[0],"13":[0,0]}}
,"/Users/gokhanbirkin/Desktop/birkinapps/kayra-export-e-commerce-BE/src/controllers/categoryController.ts": {"path":"/Users/gokhanbirkin/Desktop/birkinapps/kayra-export-e-commerce-BE/src/controllers/categoryController.ts","statementMap":{"0":{"start":{"line":2,"column":0},"end":{"line":2,"column":46}},"1":{"start":{"line":4,"column":15},"end":{"line":4,"column":33}},"2":{"start":{"line":35,"column":32},"end":{"line":54,"column":1}},"3":{"start":{"line":36,"column":2},"end":{"line":53,"column":3}},"4":{"start":{"line":37,"column":23},"end":{"line":41,"column":6}},"5":{"start":{"line":43,"column":4},"end":{"line":46,"column":7}},"6":{"start":{"line":48,"column":4},"end":{"line":48,"column":55}},"7":{"start":{"line":49,"column":4},"end":{"line":52,"column":7}},"8":{"start":{"line":35,"column":13},"end":{"line":35,"column":32}},"9":{"start":{"line":150,"column":37},"end":{"line":224,"column":1}},"10":{"start":{"line":151,"column":2},"end":{"line":223,"column":3}},"11":{"start":{"line":152,"column":27},"end":{"line":152,"column":37}},"12":{"start":{"line":153,"column":26},"end":{"line":153,"column":46}},"13":{"start":{"line":155,"column":4},"end":{"line":160,"column":5}},"14":{"start":{"line":156,"column":6},"end":{"line":159,"column":9}},"15":{"start":{"line":163,"column":21},"end":{"line":165,"column":6}},"16":{"start":{"line":167,"column":4},"end":{"line":172,"column":5}},"17":{"start":{"line":168,"column":6},"end":{"line":171,"column":9}},"18":{"start":{"line":174,"column":21},"end":{"line":196,"column":6}},"19":{"start":{"line":199,"column":32},"end":{"line":211,"column":6}},"20":{"start":{"line":201,"column":8},"end":{"line":204,"column":13}},"21":{"start":{"line":202,"column":52},"end":{"line":202,"column":71}},"22":{"start":{"line":206,"column":6},"end":{"line":210,"column":8}},"23":{"start":{"line":213,"column":4},"end":{"line":216,"column":7}},"24":{"start":{"line":218,"column":4},"end":{"line":218,"column":65}},"25":{"start":{"line":219,"column":4},"end":{"line":222,"column":7}},"26":{"start":{"line":150,"column":13},"end":{"line":150,"column":37}}},"fnMap":{"0":{"name":"(anonymous_0)","decl":{"start":{"line":35,"column":32},"end":{"line":35,"column":37}},"loc":{"start":{"line":35,"column":70},"end":{"line":54,"column":1}}},"1":{"name":"(anonymous_1)","decl":{"start":{"line":150,"column":37},"end":{"line":150,"column":42}},"loc":{"start":{"line":150,"column":75},"end":{"line":224,"column":1}}},"2":{"name":"(anonymous_2)","decl":{"start":{"line":199,"column":45},"end":{"line":199,"column":46}},"loc":{"start":{"line":199,"column":57},"end":{"line":211,"column":5}}},"3":{"name":"(anonymous_3)","decl":{"start":{"line":202,"column":35},"end":{"line":202,"column":36}},"loc":{"start":{"line":202,"column":52},"end":{"line":202,"column":71}}}},"branchMap":{"0":{"loc":{"start":{"line":155,"column":4},"end":{"line":160,"column":5}},"type":"if","locations":[{"start":{"line":155,"column":4},"end":{"line":160,"column":5}}]},"1":{"loc":{"start":{"line":167,"column":4},"end":{"line":172,"column":5}},"type":"if","locations":[{"start":{"line":167,"column":4},"end":{"line":172,"column":5}}]},"2":{"loc":{"start":{"line":201,"column":8},"end":{"line":204,"column":13}},"type":"cond-expr","locations":[{"start":{"line":202,"column":12},"end":{"line":203,"column":34}},{"start":{"line":204,"column":12},"end":{"line":204,"column":13}}]}},"s":{"0":1,"1":1,"2":1,"3":0,"4":0,"5":0,"6":0,"7":0,"8":1,"9":1,"10":0,"11":0,"12":0,"13":0,"14":0,"15":0,"16":0,"17":0,"18":0,"19":0,"20":0,"21":0,"22":0,"23":0,"24":0,"25":0,"26":1},"f":{"0":0,"1":0,"2":0,"3":0},"b":{"0":[0],"1":[0],"2":[0,0]}}
,"/Users/gokhanbirkin/Desktop/birkinapps/kayra-export-e-commerce-BE/src/controllers/orderController.ts": {"path":"/Users/gokhanbirkin/Desktop/birkinapps/kayra-export-e-commerce-BE/src/controllers/orderController.ts","statementMap":{"0":{"start":{"line":2,"column":0},"end":{"line":2,"column":null}},"1":{"start":{"line":8,"column":22},"end":{"line":39,"column":1}},"2":{"start":{"line":9,"column":18},"end":{"line":9,"column":36}},"3":{"start":{"line":10,"column":39},"end":{"line":10,"column":47}},"4":{"start":{"line":12,"column":2},"end":{"line":38,"column":3}},"5":{"start":{"line":13,"column":18},"end":{"line":13,"column":69}},"6":{"start":{"line":14,"column":4},"end":{"line":14,"column":32}},"7":{"start":{"line":16,"column":4},"end":{"line":21,"column":5}},"8":{"start":{"line":17,"column":6},"end":{"line":20,"column":9}},"9":{"start":{"line":22,"column":4},"end":{"line":30,"column":5}},"10":{"start":{"line":26,"column":6},"end":{"line":29,"column":9}},"11":{"start":{"line":31,"column":4},"end":{"line":36,"column":5}},"12":{"start":{"line":32,"column":6},"end":{"line":35,"column":9}},"13":{"start":{"line":37,"column":4},"end":{"line":37,"column":16}},"14":{"start":{"line":8,"column":13},"end":{"line":8,"column":22}},"15":{"start":{"line":41,"column":23},"end":{"line":53,"column":1}},"16":{"start":{"line":42,"column":18},"end":{"line":42,"column":36}},"17":{"start":{"line":43,"column":18},"end":{"line":43,"column":39}},"18":{"start":{"line":45,"column":2},"end":{"line":47,"column":3}},"19":{"start":{"line":46,"column":4},"end":{"line":46,"column":63}},"20":{"start":{"line":49,"column":16},"end":{"line":49,"column":51}},"21":{"start":{"line":50,"column":2},"end":{"line":50,"column":72}},"22":{"start":{"line":50,"column":14},"end":{"line":50,"column":72}},"23":{"start":{"line":52,"column":2},"end":{"line":52,"column":18}},"24":{"start":{"line":41,"column":13},"end":{"line":41,"column":23}},"25":{"start":{"line":55,"column":35},"end":{"line":59,"column":1}},"26":{"start":{"line":56,"column":18},"end":{"line":56,"column":36}},"27":{"start":{"line":57,"column":17},"end":{"line":57,"column":44}},"28":{"start":{"line":58,"column":2},"end":{"line":58,"column":19}},"29":{"start":{"line":55,"column":13},"end":{"line":55,"column":35}}},"fnMap":{"0":{"name":"(anonymous_0)","decl":{"start":{"line":8,"column":22},"end":{"line":8,"column":27}},"loc":{"start":{"line":8,"column":60},"end":{"line":39,"column":1}}},"1":{"name":"(anonymous_1)","decl":{"start":{"line":41,"column":23},"end":{"line":41,"column":28}},"loc":{"start":{"line":41,"column":61},"end":{"line":53,"column":1}}},"2":{"name":"(anonymous_2)","decl":{"start":{"line":55,"column":35},"end":{"line":55,"column":40}},"loc":{"start":{"line":55,"column":73},"end":{"line":59,"column":1}}}},"branchMap":{"0":{"loc":{"start":{"line":16,"column":4},"end":{"line":21,"column":5}},"type":"if","locations":[{"start":{"line":16,"column":4},"end":{"line":21,"column":5}}]},"1":{"loc":{"start":{"line":22,"column":4},"end":{"line":30,"column":5}},"type":"if","locations":[{"start":{"line":22,"column":4},"end":{"line":30,"column":5}}]},"2":{"loc":{"start":{"line":23,"column":6},"end":{"line":24,"column":41}},"type":"binary-expr","locations":[{"start":{"line":23,"column":6},"end":{"line":23,"column":39}},{"start":{"line":24,"column":6},"end":{"line":24,"column":41}}]},"3":{"loc":{"start":{"line":31,"column":4},"end":{"line":36,"column":5}},"type":"if","locations":[{"start":{"line":31,"column":4},"end":{"line":36,"column":5}}]},"4":{"loc":{"start":{"line":45,"column":2},"end":{"line":47,"column":3}},"type":"if","locations":[{"start":{"line":45,"column":2},"end":{"line":47,"column":3}}]},"5":{"loc":{"start":{"line":50,"column":2},"end":{"line":50,"column":72}},"type":"if","locations":[{"start":{"line":50,"column":2},"end":{"line":50,"column":72}}]}},"s":{"0":1,"1":1,"2":0,"3":0,"4":0,"5":0,"6":0,"7":0,"8":0,"9":0,"10":0,"11":0,"12":0,"13":0,"14":1,"15":1,"16":0,"17":0,"18":0,"19":0,"20":0,"21":0,"22":0,"23":0,"24":1,"25":1,"26":0,"27":0,"28":0,"29":1},"f":{"0":0,"1":0,"2":0},"b":{"0":[0],"1":[0],"2":[0,0],"3":[0],"4":[0],"5":[0]}}
,"/Users/gokhanbirkin/Desktop/birkinapps/kayra-export-e-commerce-BE/src/controllers/productsController.ts": {"path":"/Users/gokhanbirkin/Desktop/birkinapps/kayra-export-e-commerce-BE/src/controllers/productsController.ts","statementMap":{"0":{"start":{"line":2,"column":0},"end":{"line":2,"column":65}},"1":{"start":{"line":3,"column":0},"end":{"line":3,"column":null}},"2":{"start":{"line":9,"column":20},"end":{"line":20,"column":1}},"3":{"start":{"line":10,"column":18},"end":{"line":16,"column":4}},"4":{"start":{"line":18,"column":16},"end":{"line":18,"column":45}},"5":{"start":{"line":19,"column":2},"end":{"line":19,"column":18}},"6":{"start":{"line":9,"column":13},"end":{"line":9,"column":20}},"7":{"start":{"line":22,"column":22},"end":{"line":27,"column":1}},"8":{"start":{"line":23,"column":13},"end":{"line":23,"column":34}},"9":{"start":{"line":24,"column":15},"end":{"line":24,"column":39}},"10":{"start":{"line":25,"column":2},"end":{"line":25,"column":65}},"11":{"start":{"line":25,"column":13},"end":{"line":25,"column":65}},"12":{"start":{"line":26,"column":2},"end":{"line":26,"column":17}},"13":{"start":{"line":22,"column":13},"end":{"line":22,"column":22}},"14":{"start":{"line":29,"column":24},"end":{"line":33,"column":1}},"15":{"start":{"line":30,"column":20},"end":{"line":30,"column":41}},"16":{"start":{"line":31,"column":19},"end":{"line":31,"column":54}},"17":{"start":{"line":32,"column":2},"end":{"line":32,"column":21}},"18":{"start":{"line":29,"column":13},"end":{"line":29,"column":24}},"19":{"start":{"line":35,"column":22},"end":{"line":39,"column":1}},"20":{"start":{"line":36,"column":15},"end":{"line":36,"column":23}},"21":{"start":{"line":37,"column":18},"end":{"line":37,"column":48}},"22":{"start":{"line":38,"column":2},"end":{"line":38,"column":32}},"23":{"start":{"line":35,"column":13},"end":{"line":35,"column":22}},"24":{"start":{"line":41,"column":22},"end":{"line":46,"column":1}},"25":{"start":{"line":42,"column":13},"end":{"line":42,"column":34}},"26":{"start":{"line":43,"column":15},"end":{"line":43,"column":23}},"27":{"start":{"line":44,"column":18},"end":{"line":44,"column":52}},"28":{"start":{"line":45,"column":2},"end":{"line":45,"column":20}},"29":{"start":{"line":41,"column":13},"end":{"line":41,"column":22}},"30":{"start":{"line":48,"column":22},"end":{"line":52,"column":1}},"31":{"start":{"line":49,"column":13},"end":{"line":49,"column":34}},"32":{"start":{"line":50,"column":2},"end":{"line":50,"column":31}},"33":{"start":{"line":51,"column":2},"end":{"line":51,"column":25}},"34":{"start":{"line":48,"column":13},"end":{"line":48,"column":22}}},"fnMap":{"0":{"name":"(anonymous_0)","decl":{"start":{"line":9,"column":20},"end":{"line":9,"column":25}},"loc":{"start":{"line":9,"column":58},"end":{"line":20,"column":1}}},"1":{"name":"(anonymous_1)","decl":{"start":{"line":22,"column":22},"end":{"line":22,"column":27}},"loc":{"start":{"line":22,"column":60},"end":{"line":27,"column":1}}},"2":{"name":"(anonymous_2)","decl":{"start":{"line":29,"column":24},"end":{"line":29,"column":29}},"loc":{"start":{"line":29,"column":62},"end":{"line":33,"column":1}}},"3":{"name":"(anonymous_3)","decl":{"start":{"line":35,"column":22},"end":{"line":35,"column":27}},"loc":{"start":{"line":35,"column":60},"end":{"line":39,"column":1}}},"4":{"name":"(anonymous_4)","decl":{"start":{"line":41,"column":22},"end":{"line":41,"column":27}},"loc":{"start":{"line":41,"column":60},"end":{"line":46,"column":1}}},"5":{"name":"(anonymous_5)","decl":{"start":{"line":48,"column":22},"end":{"line":48,"column":27}},"loc":{"start":{"line":48,"column":60},"end":{"line":52,"column":1}}}},"branchMap":{"0":{"loc":{"start":{"line":14,"column":10},"end":{"line":14,"column":49}},"type":"binary-expr","locations":[{"start":{"line":14,"column":10},"end":{"line":14,"column":44}},{"start":{"line":14,"column":48},"end":{"line":14,"column":49}}]},"1":{"loc":{"start":{"line":15,"column":11},"end":{"line":15,"column":52}},"type":"binary-expr","locations":[{"start":{"line":15,"column":11},"end":{"line":15,"column":46}},{"start":{"line":15,"column":50},"end":{"line":15,"column":52}}]},"2":{"loc":{"start":{"line":25,"column":2},"end":{"line":25,"column":65}},"type":"if","locations":[{"start":{"line":25,"column":2},"end":{"line":25,"column":65}}]}},"s":{"0":1,"1":1,"2":1,"3":0,"4":0,"5":0,"6":1,"7":1,"8":0,"9":0,"10":0,"11":0,"12":0,"13":1,"14":1,"15":0,"16":0,"17":0,"18":1,"19":1,"20":0,"21":0,"22":0,"23":1,"24":1,"25":0,"26":0,"27":0,"28":0,"29":1,"30":1,"31":0,"32":0,"33":0,"34":1},"f":{"0":0,"1":0,"2":0,"3":0,"4":0,"5":0},"b":{"0":[0,0],"1":[0,0],"2":[0]}}
,"/Users/gokhanbirkin/Desktop/birkinapps/kayra-export-e-commerce-BE/src/controllers/reviewController.ts": {"path":"/Users/gokhanbirkin/Desktop/birkinapps/kayra-export-e-commerce-BE/src/controllers/reviewController.ts","statementMap":{"0":{"start":{"line":2,"column":0},"end":{"line":2,"column":76}},"1":{"start":{"line":4,"column":25},"end":{"line":37,"column":1}},"2":{"start":{"line":5,"column":20},"end":{"line":5,"column":41}},"3":{"start":{"line":6,"column":18},"end":{"line":6,"column":36}},"4":{"start":{"line":7,"column":45},"end":{"line":7,"column":53}},"5":{"start":{"line":9,"column":17},"end":{"line":15,"column":null}},"6":{"start":{"line":19,"column":28},"end":{"line":34,"column":4}},"7":{"start":{"line":36,"column":2},"end":{"line":36,"column":42}},"8":{"start":{"line":4,"column":13},"end":{"line":4,"column":25}},"9":{"start":{"line":39,"column":27},"end":{"line":71,"column":1}},"10":{"start":{"line":40,"column":20},"end":{"line":40,"column":41}},"11":{"start":{"line":43,"column":15},"end":{"line":43,"column":58}},"12":{"start":{"line":44,"column":16},"end":{"line":44,"column":62}},"13":{"start":{"line":45,"column":16},"end":{"line":45,"column":56}},"14":{"start":{"line":46,"column":17},"end":{"line":46,"column":61}},"15":{"start":{"line":49,"column":2},"end":{"line":51,"column":3}},"16":{"start":{"line":50,"column":4},"end":{"line":50,"column":74}},"17":{"start":{"line":52,"column":2},"end":{"line":54,"column":3}},"18":{"start":{"line":53,"column":4},"end":{"line":53,"column":78}},"19":{"start":{"line":55,"column":2},"end":{"line":57,"column":3}},"20":{"start":{"line":56,"column":4},"end":{"line":56,"column":65}},"21":{"start":{"line":58,"column":2},"end":{"line":60,"column":3}},"22":{"start":{"line":59,"column":4},"end":{"line":59,"column":76}},"23":{"start":{"line":62,"column":17},"end":{"line":68,"column":4}},"24":{"start":{"line":70,"column":2},"end":{"line":70,"column":19}},"25":{"start":{"line":39,"column":13},"end":{"line":39,"column":27}}},"fnMap":{"0":{"name":"(anonymous_0)","decl":{"start":{"line":4,"column":25},"end":{"line":4,"column":30}},"loc":{"start":{"line":4,"column":63},"end":{"line":37,"column":1}}},"1":{"name":"(anonymous_1)","decl":{"start":{"line":39,"column":27},"end":{"line":39,"column":32}},"loc":{"start":{"line":39,"column":65},"end":{"line":71,"column":1}}}},"branchMap":{"0":{"loc":{"start":{"line":23,"column":14},"end":{"line":23,"column":45}},"type":"binary-expr","locations":[{"start":{"line":23,"column":14},"end":{"line":23,"column":30}},{"start":{"line":23,"column":34},"end":{"line":23,"column":45}}]},"1":{"loc":{"start":{"line":24,"column":16},"end":{"line":24,"column":45}},"type":"binary-expr","locations":[{"start":{"line":24,"column":16},"end":{"line":24,"column":37}},{"start":{"line":24,"column":41},"end":{"line":24,"column":45}}]},"2":{"loc":{"start":{"line":28,"column":12},"end":{"line":28,"column":58}},"type":"cond-expr","locations":[{"start":{"line":28,"column":28},"end":{"line":28,"column":53}},{"start":{"line":28,"column":56},"end":{"line":28,"column":58}}]},"3":{"loc":{"start":{"line":43,"column":15},"end":{"line":43,"column":58}},"type":"cond-expr","locations":[{"start":{"line":43,"column":32},"end":{"line":43,"column":54}},{"start":{"line":43,"column":57},"end":{"line":43,"column":58}}]},"4":{"loc":{"start":{"line":44,"column":16},"end":{"line":44,"column":62}},"type":"cond-expr","locations":[{"start":{"line":44,"column":34},"end":{"line":44,"column":57}},{"start":{"line":44,"column":60},"end":{"line":44,"column":62}}]},"5":{"loc":{"start":{"line":45,"column":16},"end":{"line":45,"column":56}},"type":"binary-expr","locations":[{"start":{"line":45,"column":16},"end":{"line":45,"column":41}},{"start":{"line":45,"column":45},"end":{"line":45,"column":56}}]},"6":{"loc":{"start":{"line":46,"column":17},"end":{"line":46,"column":61}},"type":"binary-expr","locations":[{"start":{"line":46,"column":17},"end":{"line":46,"column":51}},{"start":{"line":46,"column":55},"end":{"line":46,"column":61}}]},"7":{"loc":{"start":{"line":49,"column":2},"end":{"line":51,"column":3}},"type":"if","locations":[{"start":{"line":49,"column":2},"end":{"line":51,"column":3}}]},"8":{"loc":{"start":{"line":52,"column":2},"end":{"line":54,"column":3}},"type":"if","locations":[{"start":{"line":52,"column":2},"end":{"line":54,"column":3}}]},"9":{"loc":{"start":{"line":52,"column":6},"end":{"line":52,"column":30}},"type":"binary-expr","locations":[{"start":{"line":52,"column":6},"end":{"line":52,"column":15}},{"start":{"line":52,"column":19},"end":{"line":52,"column":30}}]},"10":{"loc":{"start":{"line":55,"column":2},"end":{"line":57,"column":3}},"type":"if","locations":[{"start":{"line":55,"column":2},"end":{"line":57,"column":3}}]},"11":{"loc":{"start":{"line":58,"column":2},"end":{"line":60,"column":3}},"type":"if","locations":[{"start":{"line":58,"column":2},"end":{"line":60,"column":3}}]}},"s":{"0":1,"1":1,"2":0,"3":0,"4":0,"5":0,"6":0,"7":0,"8":1,"9":1,"10":0,"11":0,"12":0,"13":0,"14":0,"15":0,"16":0,"17":0,"18":0,"19":0,"20":0,"21":0,"22":0,"23":0,"24":0,"25":1},"f":{"0":0,"1":0},"b":{"0":[0,0],"1":[0,0],"2":[0,0],"3":[0,0],"4":[0,0],"5":[0,0],"6":[0,0],"7":[0],"8":[0],"9":[0,0],"10":[0],"11":[0]}}
,"/Users/gokhanbirkin/Desktop/birkinapps/kayra-export-e-commerce-BE/src/middleware/asyncHandler.ts": {"path":"/Users/gokhanbirkin/Desktop/birkinapps/kayra-export-e-commerce-BE/src/middleware/asyncHandler.ts","statementMap":{"0":{"start":{"line":3,"column":28},"end":{"line":9,"column":1}},"1":{"start":{"line":6,"column":2},"end":{"line":8,"column":4}},"2":{"start":{"line":7,"column":4},"end":{"line":7,"column":52}},"3":{"start":{"line":3,"column":13},"end":{"line":3,"column":28}}},"fnMap":{"0":{"name":"(anonymous_0)","decl":{"start":{"line":3,"column":28},"end":{"line":3,"column":null}},"loc":{"start":{"line":5,"column":4},"end":{"line":9,"column":1}}},"1":{"name":"(anonymous_1)","decl":{"start":{"line":6,"column":9},"end":{"line":6,"column":10}},"loc":{"start":{"line":6,"column":61},"end":{"line":8,"column":3}}}},"branchMap":{},"s":{"0":1,"1":36,"2":0,"3":1},"f":{"0":36,"1":0},"b":{}}
,"/Users/gokhanbirkin/Desktop/birkinapps/kayra-export-e-commerce-BE/src/middleware/authMiddleware.ts": {"path":"/Users/gokhanbirkin/Desktop/birkinapps/kayra-export-e-commerce-BE/src/middleware/authMiddleware.ts","statementMap":{"0":{"start":{"line":7,"column":0},"end":{"line":7,"column":16}},"1":{"start":{"line":39,"column":0},"end":{"line":39,"column":16}},"2":{"start":{"line":2,"column":0},"end":{"line":2,"column":31}},"3":{"start":{"line":5,"column":19},"end":{"line":5,"column":51}},"4":{"start":{"line":12,"column":15},"end":{"line":12,"column":40}},"5":{"start":{"line":13,"column":2},"end":{"line":13,"column":63}},"6":{"start":{"line":13,"column":36},"end":{"line":13,"column":63}},"7":{"start":{"line":14,"column":16},"end":{"line":14,"column":34}},"8":{"start":{"line":16,"column":2},"end":{"line":36,"column":3}},"9":{"start":{"line":17,"column":20},"end":{"line":17,"column":null}},"10":{"start":{"line":23,"column":4},"end":{"line":31,"column":5}},"11":{"start":{"line":24,"column":7},"end":{"line":24,"column":43}},"12":{"start":{"line":25,"column":7},"end":{"line":25,"column":37}},"13":{"start":{"line":26,"column":11},"end":{"line":31,"column":5}},"14":{"start":{"line":27,"column":7},"end":{"line":27,"column":45}},"15":{"start":{"line":28,"column":7},"end":{"line":28,"column":38}},"16":{"start":{"line":30,"column":6},"end":{"line":30,"column":33}},"17":{"start":{"line":33,"column":4},"end":{"line":33,"column":11}},"18":{"start":{"line":35,"column":4},"end":{"line":35,"column":31}},"19":{"start":{"line":44,"column":15},"end":{"line":44,"column":40}},"20":{"start":{"line":45,"column":2},"end":{"line":48,"column":3}},"21":{"start":{"line":46,"column":5},"end":{"line":46,"column":40}},"22":{"start":{"line":47,"column":4},"end":{"line":47,"column":18}},"23":{"start":{"line":50,"column":16},"end":{"line":50,"column":34}},"24":{"start":{"line":52,"column":2},"end":{"line":73,"column":3}},"25":{"start":{"line":53,"column":20},"end":{"line":53,"column":null}},"26":{"start":{"line":59,"column":4},"end":{"line":67,"column":5}},"27":{"start":{"line":60,"column":7},"end":{"line":60,"column":43}},"28":{"start":{"line":61,"column":7},"end":{"line":61,"column":37}},"29":{"start":{"line":62,"column":11},"end":{"line":67,"column":5}},"30":{"start":{"line":63,"column":7},"end":{"line":63,"column":45}},"31":{"start":{"line":64,"column":7},"end":{"line":64,"column":38}},"32":{"start":{"line":66,"column":7},"end":{"line":66,"column":42}},"33":{"start":{"line":69,"column":4},"end":{"line":69,"column":11}},"34":{"start":{"line":71,"column":5},"end":{"line":71,"column":40}},"35":{"start":{"line":72,"column":4},"end":{"line":72,"column":11}}},"fnMap":{"0":{"name":"authMiddleware","decl":{"start":{"line":7,"column":16},"end":{"line":7,"column":30}},"loc":{"start":{"line":10,"column":20},"end":{"line":37,"column":1}}},"1":{"name":"optionalAuthMiddleware","decl":{"start":{"line":39,"column":16},"end":{"line":39,"column":38}},"loc":{"start":{"line":42,"column":20},"end":{"line":74,"column":1}}}},"branchMap":{"0":{"loc":{"start":{"line":13,"column":2},"end":{"line":13,"column":63}},"type":"if","locations":[{"start":{"line":13,"column":2},"end":{"line":13,"column":63}}]},"1":{"loc":{"start":{"line":23,"column":4},"end":{"line":31,"column":5}},"type":"if","locations":[{"start":{"line":23,"column":4},"end":{"line":31,"column":5}},{"start":{"line":26,"column":11},"end":{"line":31,"column":5}}]},"2":{"loc":{"start":{"line":26,"column":11},"end":{"line":31,"column":5}},"type":"if","locations":[{"start":{"line":26,"column":11},"end":{"line":31,"column":5}},{"start":{"line":29,"column":11},"end":{"line":31,"column":5}}]},"3":{"loc":{"start":{"line":26,"column":15},"end":{"line":26,"column":58}},"type":"binary-expr","locations":[{"start":{"line":26,"column":15},"end":{"line":26,"column":30}},{"start":{"line":26,"column":34},"end":{"line":26,"column":58}}]},"4":{"loc":{"start":{"line":45,"column":2},"end":{"line":48,"column":3}},"type":"if","locations":[{"start":{"line":45,"column":2},"end":{"line":48,"column":3}}]},"5":{"loc":{"start":{"line":59,"column":4},"end":{"line":67,"column":5}},"type":"if","locations":[{"start":{"line":59,"column":4},"end":{"line":67,"column":5}},{"start":{"line":62,"column":11},"end":{"line":67,"column":5}}]},"6":{"loc":{"start":{"line":62,"column":11},"end":{"line":67,"column":5}},"type":"if","locations":[{"start":{"line":62,"column":11},"end":{"line":67,"column":5}},{"start":{"line":65,"column":11},"end":{"line":67,"column":5}}]},"7":{"loc":{"start":{"line":62,"column":15},"end":{"line":62,"column":58}},"type":"binary-expr","locations":[{"start":{"line":62,"column":15},"end":{"line":62,"column":30}},{"start":{"line":62,"column":34},"end":{"line":62,"column":58}}]}},"s":{"0":1,"1":1,"2":1,"3":1,"4":0,"5":0,"6":0,"7":0,"8":0,"9":0,"10":0,"11":0,"12":0,"13":0,"14":0,"15":0,"16":0,"17":0,"18":0,"19":0,"20":0,"21":0,"22":0,"23":0,"24":0,"25":0,"26":0,"27":0,"28":0,"29":0,"30":0,"31":0,"32":0,"33":0,"34":0,"35":0},"f":{"0":0,"1":0},"b":{"0":[0],"1":[0,0],"2":[0,0],"3":[0,0],"4":[0],"5":[0,0],"6":[0,0],"7":[0,0]}}
,"/Users/gokhanbirkin/Desktop/birkinapps/kayra-export-e-commerce-BE/src/middleware/errorHandler.ts": {"path":"/Users/gokhanbirkin/Desktop/birkinapps/kayra-export-e-commerce-BE/src/middleware/errorHandler.ts","statementMap":{"0":{"start":{"line":3,"column":0},"end":{"line":3,"column":16}},"1":{"start":{"line":10,"column":2},"end":{"line":10,"column":21}},"2":{"start":{"line":11,"column":17},"end":{"line":11,"column":34}},"3":{"start":{"line":12,"column":2},"end":{"line":14,"column":80}}},"fnMap":{"0":{"name":"errorHandler","decl":{"start":{"line":3,"column":16},"end":{"line":3,"column":28}},"loc":{"start":{"line":7,"column":20},"end":{"line":15,"column":1}}}},"branchMap":{"0":{"loc":{"start":{"line":11,"column":17},"end":{"line":11,"column":34}},"type":"binary-expr","locations":[{"start":{"line":11,"column":17},"end":{"line":11,"column":27}},{"start":{"line":11,"column":31},"end":{"line":11,"column":34}}]},"1":{"loc":{"start":{"line":14,"column":38},"end":{"line":14,"column":76}},"type":"binary-expr","locations":[{"start":{"line":14,"column":38},"end":{"line":14,"column":49}},{"start":{"line":14,"column":53},"end":{"line":14,"column":76}}]}},"s":{"0":1,"1":0,"2":0,"3":0},"f":{"0":0},"b":{"0":[0,0],"1":[0,0]}}
,"/Users/gokhanbirkin/Desktop/birkinapps/kayra-export-e-commerce-BE/src/middleware/logger.ts": {"path":"/Users/gokhanbirkin/Desktop/birkinapps/kayra-export-e-commerce-BE/src/middleware/logger.ts","statementMap":{"0":{"start":{"line":1,"column":0},"end":{"line":1,"column":24}},"1":{"start":{"line":2,"column":0},"end":{"line":2,"column":33}},"2":{"start":{"line":4,"column":13},"end":{"line":6,"column":3}}},"fnMap":{},"branchMap":{"0":{"loc":{"start":{"line":5,"column":24},"end":{"line":5,"column":55}},"type":"binary-expr","locations":[{"start":{"line":5,"column":24},"end":{"line":5,"column":45}},{"start":{"line":5,"column":49},"end":{"line":5,"column":55}}]}},"s":{"0":1,"1":1,"2":1},"f":{},"b":{"0":[1,1]}}
,"/Users/gokhanbirkin/Desktop/birkinapps/kayra-export-e-commerce-BE/src/middleware/rateLimiter.ts": {"path":"/Users/gokhanbirkin/Desktop/birkinapps/kayra-export-e-commerce-BE/src/middleware/rateLimiter.ts","statementMap":{"0":{"start":{"line":1,"column":0},"end":{"line":1,"column":43}},"1":{"start":{"line":3,"column":13},"end":{"line":7,"column":3}}},"fnMap":{},"branchMap":{},"s":{"0":1,"1":1},"f":{},"b":{}}
,"/Users/gokhanbirkin/Desktop/birkinapps/kayra-export-e-commerce-BE/src/middleware/upload.ts": {"path":"/Users/gokhanbirkin/Desktop/birkinapps/kayra-export-e-commerce-BE/src/middleware/upload.ts","statementMap":{"0":{"start":{"line":1,"column":0},"end":{"line":1,"column":28}},"1":{"start":{"line":2,"column":0},"end":{"line":2,"column":24}},"2":{"start":{"line":3,"column":0},"end":{"line":3,"column":20}},"3":{"start":{"line":6,"column":19},"end":{"line":6,"column":64}},"4":{"start":{"line":7,"column":0},"end":{"line":9,"column":1}},"5":{"start":{"line":8,"column":2},"end":{"line":8,"column":48}},"6":{"start":{"line":12,"column":16},"end":{"line":22,"column":2}},"7":{"start":{"line":14,"column":4},"end":{"line":14,"column":25}},"8":{"start":{"line":18,"column":25},"end":{"line":18,"column":75}},"9":{"start":{"line":19,"column":16},"end":{"line":19,"column":47}},"10":{"start":{"line":20,"column":4},"end":{"line":20,"column":70}},"11":{"start":{"line":25,"column":19},"end":{"line":36,"column":1}},"12":{"start":{"line":31,"column":2},"end":{"line":35,"column":3}},"13":{"start":{"line":32,"column":4},"end":{"line":32,"column":19}},"14":{"start":{"line":34,"column":4},"end":{"line":34,"column":50}},"15":{"start":{"line":39,"column":13},"end":{"line":45,"column":3}},"16":{"start":{"line":48,"column":33},"end":{"line":63,"column":1}},"17":{"start":{"line":49,"column":2},"end":{"line":56,"column":3}},"18":{"start":{"line":50,"column":4},"end":{"line":54,"column":5}},"19":{"start":{"line":51,"column":6},"end":{"line":53,"column":69}},"20":{"start":{"line":55,"column":4},"end":{"line":55,"column":64}},"21":{"start":{"line":58,"column":2},"end":{"line":60,"column":3}},"22":{"start":{"line":59,"column":4},"end":{"line":59,"column":75}},"23":{"start":{"line":62,"column":2},"end":{"line":62,"column":12}},"24":{"start":{"line":48,"column":13},"end":{"line":48,"column":33}}},"fnMap":{"0":{"name":"(anonymous_1)","decl":{"start":{"line":13,"column":15},"end":{"line":13,"column":16}},"loc":{"start":{"line":13,"column":33},"end":{"line":15,"column":3}}},"1":{"name":"(anonymous_2)","decl":{"start":{"line":16,"column":12},"end":{"line":16,"column":13}},"loc":{"start":{"line":16,"column":35},"end":{"line":21,"column":3}}},"2":{"name":"(anonymous_3)","decl":{"start":{"line":25,"column":19},"end":{"line":25,"column":null}},"loc":{"start":{"line":29,"column":4},"end":{"line":36,"column":1}}},"3":{"name":"(anonymous_4)","decl":{"start":{"line":48,"column":33},"end":{"line":48,"column":34}},"loc":{"start":{"line":48,"column":77},"end":{"line":63,"column":1}}}},"branchMap":{"0":{"loc":{"start":{"line":7,"column":0},"end":{"line":9,"column":1}},"type":"if","locations":[{"start":{"line":7,"column":0},"end":{"line":9,"column":1}}]},"1":{"loc":{"start":{"line":20,"column":21},"end":{"line":20,"column":44}},"type":"binary-expr","locations":[{"start":{"line":20,"column":21},"end":{"line":20,"column":31}},{"start":{"line":20,"column":35},"end":{"line":20,"column":44}}]},"2":{"loc":{"start":{"line":31,"column":2},"end":{"line":35,"column":3}},"type":"if","locations":[{"start":{"line":31,"column":2},"end":{"line":35,"column":3}},{"start":{"line":33,"column":9},"end":{"line":35,"column":3}}]},"3":{"loc":{"start":{"line":49,"column":2},"end":{"line":56,"column":3}},"type":"if","locations":[{"start":{"line":49,"column":2},"end":{"line":56,"column":3}}]},"4":{"loc":{"start":{"line":50,"column":4},"end":{"line":54,"column":5}},"type":"if","locations":[{"start":{"line":50,"column":4},"end":{"line":54,"column":5}}]},"5":{"loc":{"start":{"line":58,"column":2},"end":{"line":60,"column":3}},"type":"if","locations":[{"start":{"line":58,"column":2},"end":{"line":60,"column":3}}]}},"s":{"0":1,"1":1,"2":1,"3":1,"4":1,"5":0,"6":1,"7":0,"8":0,"9":0,"10":0,"11":1,"12":0,"13":0,"14":0,"15":1,"16":1,"17":0,"18":0,"19":0,"20":0,"21":0,"22":0,"23":0,"24":1},"f":{"0":0,"1":0,"2":0,"3":0},"b":{"0":[0],"1":[0,0],"2":[0,0],"3":[0],"4":[0],"5":[0]}}
,"/Users/gokhanbirkin/Desktop/birkinapps/kayra-export-e-commerce-BE/src/middleware/validation.ts": {"path":"/Users/gokhanbirkin/Desktop/birkinapps/kayra-export-e-commerce-BE/src/middleware/validation.ts","statementMap":{"0":{"start":{"line":5,"column":2},"end":{"line":13,"column":3}},"1":{"start":{"line":6,"column":2},"end":{"line":13,"column":3}},"2":{"start":{"line":7,"column":19},"end":{"line":7,"column":45}},"3":{"start":{"line":8,"column":4},"end":{"line":10,"column":5}},"4":{"start":{"line":9,"column":6},"end":{"line":9,"column":68}},"5":{"start":{"line":11,"column":4},"end":{"line":11,"column":27}},"6":{"start":{"line":12,"column":4},"end":{"line":12,"column":11}},"7":{"start":{"line":4,"column":13},"end":{"line":4,"column":null}}},"fnMap":{"0":{"name":"(anonymous_0)","decl":{"start":{"line":5,"column":2},"end":{"line":5,"column":3}},"loc":{"start":{"line":6,"column":2},"end":{"line":13,"column":3}}},"1":{"name":"(anonymous_1)","decl":{"start":{"line":6,"column":2},"end":{"line":6,"column":3}},"loc":{"start":{"line":6,"column":54},"end":{"line":13,"column":3}}}},"branchMap":{"0":{"loc":{"start":{"line":8,"column":4},"end":{"line":10,"column":5}},"type":"if","locations":[{"start":{"line":8,"column":4},"end":{"line":10,"column":5}}]}},"s":{"0":1,"1":14,"2":0,"3":0,"4":0,"5":0,"6":0,"7":1},"f":{"0":14,"1":0},"b":{"0":[0]}}
,"/Users/gokhanbirkin/Desktop/birkinapps/kayra-export-e-commerce-BE/src/repositories/product.repository.ts": {"path":"/Users/gokhanbirkin/Desktop/birkinapps/kayra-export-e-commerce-BE/src/repositories/product.repository.ts","statementMap":{"0":{"start":{"line":1,"column":0},"end":{"line":1,"column":46}},"1":{"start":{"line":3,"column":15},"end":{"line":3,"column":33}},"2":{"start":{"line":5,"column":13},"end":{"line":26,"column":2}},"3":{"start":{"line":6,"column":17},"end":{"line":6,"column":42}},"4":{"start":{"line":7,"column":28},"end":{"line":7,"column":72}},"5":{"start":{"line":14,"column":8},"end":{"line":14,"column":39}},"6":{"start":{"line":24,"column":7},"end":{"line":24,"column":53}},"7":{"start":{"line":25,"column":26},"end":{"line":25,"column":66}}},"fnMap":{"0":{"name":"(anonymous_0)","decl":{"start":{"line":6,"column":11},"end":{"line":6,"column":14}},"loc":{"start":{"line":6,"column":17},"end":{"line":6,"column":42}}},"1":{"name":"(anonymous_1)","decl":{"start":{"line":7,"column":12},"end":{"line":7,"column":13}},"loc":{"start":{"line":7,"column":28},"end":{"line":7,"column":72}}},"2":{"name":"(anonymous_2)","decl":{"start":{"line":8,"column":10},"end":{"line":8,"column":11}},"loc":{"start":{"line":14,"column":8},"end":{"line":14,"column":39}}},"3":{"name":"(anonymous_3)","decl":{"start":{"line":15,"column":10},"end":{"line":15,"column":null}},"loc":{"start":{"line":24,"column":7},"end":{"line":24,"column":53}}},"4":{"name":"(anonymous_4)","decl":{"start":{"line":25,"column":10},"end":{"line":25,"column":11}},"loc":{"start":{"line":25,"column":26},"end":{"line":25,"column":66}}}},"branchMap":{},"s":{"0":1,"1":1,"2":1,"3":0,"4":0,"5":0,"6":0,"7":0},"f":{"0":0,"1":0,"2":0,"3":0,"4":0},"b":{}}
,"/Users/gokhanbirkin/Desktop/birkinapps/kayra-export-e-commerce-BE/src/routes/auth.ts": {"path":"/Users/gokhanbirkin/Desktop/birkinapps/kayra-export-e-commerce-BE/src/routes/auth.ts","statementMap":{"0":{"start":{"line":1,"column":0},"end":{"line":1,"column":33}},"1":{"start":{"line":2,"column":0},"end":{"line":2,"column":64}},"2":{"start":{"line":3,"column":0},"end":{"line":3,"column":62}},"3":{"start":{"line":4,"column":0},"end":{"line":4,"column":58}},"4":{"start":{"line":5,"column":0},"end":{"line":5,"column":24}},"5":{"start":{"line":6,"column":0},"end":{"line":6,"column":56}},"6":{"start":{"line":7,"column":0},"end":{"line":7,"column":71}},"7":{"start":{"line":9,"column":23},"end":{"line":25,"column":2}},"8":{"start":{"line":27,"column":20},"end":{"line":30,"column":2}},"9":{"start":{"line":32,"column":22},"end":{"line":40,"column":2}},"10":{"start":{"line":42,"column":28},"end":{"line":46,"column":2}},"11":{"start":{"line":48,"column":29},"end":{"line":53,"column":2}},"12":{"start":{"line":55,"column":28},"end":{"line":73,"column":null}},"13":{"start":{"line":69,"column":6},"end":{"line":69,"column":42}},"14":{"start":{"line":76,"column":15},"end":{"line":76,"column":23}},"15":{"start":{"line":121,"column":0},"end":{"line":125,"column":2}},"16":{"start":{"line":163,"column":0},"end":{"line":167,"column":2}},"17":{"start":{"line":186,"column":0},"end":{"line":190,"column":2}},"18":{"start":{"line":229,"column":0},"end":{"line":234,"column":2}},"19":{"start":{"line":273,"column":0},"end":{"line":278,"column":2}},"20":{"start":{"line":315,"column":0},"end":{"line":320,"column":2}},"21":{"start":{"line":362,"column":0},"end":{"line":368,"column":2}},"22":{"start":{"line":458,"column":0},"end":{"line":463,"column":2}},"23":{"start":{"line":465,"column":0},"end":{"line":469,"column":2}},"24":{"start":{"line":490,"column":0},"end":{"line":490,"column":64}},"25":{"start":{"line":492,"column":0},"end":{"line":492,"column":22}}},"fnMap":{"0":{"name":"(anonymous_9)","decl":{"start":{"line":67,"column":4},"end":{"line":67,"column":5}},"loc":{"start":{"line":67,"column":13},"end":{"line":70,"column":5}}}},"branchMap":{},"s":{"0":1,"1":1,"2":1,"3":1,"4":1,"5":1,"6":1,"7":1,"8":1,"9":1,"10":1,"11":1,"12":1,"13":0,"14":1,"15":1,"16":1,"17":1,"18":1,"19":1,"20":1,"21":1,"22":1,"23":1,"24":1,"25":1},"f":{"0":0},"b":{}}
,"/Users/gokhanbirkin/Desktop/birkinapps/kayra-export-e-commerce-BE/src/routes/basket.ts": {"path":"/Users/gokhanbirkin/Desktop/birkinapps/kayra-export-e-commerce-BE/src/routes/basket.ts","statementMap":{"0":{"start":{"line":1,"column":0},"end":{"line":1,"column":33}},"1":{"start":{"line":2,"column":0},"end":{"line":2,"column":68}},"2":{"start":{"line":3,"column":0},"end":{"line":3,"column":62}},"3":{"start":{"line":4,"column":0},"end":{"line":4,"column":58}},"4":{"start":{"line":6,"column":15},"end":{"line":6,"column":23}},"5":{"start":{"line":21,"column":0},"end":{"line":21,"column":69}},"6":{"start":{"line":47,"column":0},"end":{"line":47,"column":69}},"7":{"start":{"line":62,"column":0},"end":{"line":62,"column":77}},"8":{"start":{"line":83,"column":0},"end":{"line":83,"column":77}},"9":{"start":{"line":85,"column":0},"end":{"line":85,"column":22}}},"fnMap":{},"branchMap":{},"s":{"0":1,"1":1,"2":1,"3":1,"4":1,"5":1,"6":1,"7":1,"8":1,"9":1},"f":{},"b":{}}
,"/Users/gokhanbirkin/Desktop/birkinapps/kayra-export-e-commerce-BE/src/routes/cart.ts": {"path":"/Users/gokhanbirkin/Desktop/birkinapps/kayra-export-e-commerce-BE/src/routes/cart.ts","statementMap":{"0":{"start":{"line":1,"column":0},"end":{"line":1,"column":33}},"1":{"start":{"line":2,"column":0},"end":{"line":2,"column":64}},"2":{"start":{"line":3,"column":0},"end":{"line":3,"column":62}},"3":{"start":{"line":4,"column":0},"end":{"line":4,"column":58}},"4":{"start":{"line":5,"column":0},"end":{"line":5,"column":24}},"5":{"start":{"line":6,"column":0},"end":{"line":6,"column":56}},"6":{"start":{"line":8,"column":23},"end":{"line":11,"column":2}},"7":{"start":{"line":13,"column":29},"end":{"line":15,"column":2}},"8":{"start":{"line":17,"column":15},"end":{"line":17,"column":23}},"9":{"start":{"line":73,"column":0},"end":{"line":78,"column":2}},"10":{"start":{"line":121,"column":0},"end":{"line":121,"column":72}},"11":{"start":{"line":136,"column":0},"end":{"line":136,"column":80}},"12":{"start":{"line":157,"column":0},"end":{"line":161,"column":2}},"13":{"start":{"line":222,"column":0},"end":{"line":227,"column":2}},"14":{"start":{"line":229,"column":0},"end":{"line":229,"column":22}}},"fnMap":{},"branchMap":{},"s":{"0":1,"1":1,"2":1,"3":1,"4":1,"5":1,"6":1,"7":1,"8":1,"9":1,"10":1,"11":1,"12":1,"13":1,"14":1},"f":{},"b":{}}
,"/Users/gokhanbirkin/Desktop/birkinapps/kayra-export-e-commerce-BE/src/routes/categories.ts": {"path":"/Users/gokhanbirkin/Desktop/birkinapps/kayra-export-e-commerce-BE/src/routes/categories.ts","statementMap":{"0":{"start":{"line":1,"column":0},"end":{"line":1,"column":33}},"1":{"start":{"line":2,"column":0},"end":{"line":2,"column":72}},"2":{"start":{"line":3,"column":0},"end":{"line":3,"column":58}},"3":{"start":{"line":5,"column":15},"end":{"line":5,"column":23}},"4":{"start":{"line":14,"column":0},"end":{"line":14,"column":67}},"5":{"start":{"line":15,"column":0},"end":{"line":18,"column":2}},"6":{"start":{"line":20,"column":0},"end":{"line":20,"column":22}}},"fnMap":{},"branchMap":{},"s":{"0":1,"1":1,"2":1,"3":1,"4":1,"5":1,"6":1},"f":{},"b":{}}
,"/Users/gokhanbirkin/Desktop/birkinapps/kayra-export-e-commerce-BE/src/routes/health.ts": {"path":"/Users/gokhanbirkin/Desktop/birkinapps/kayra-export-e-commerce-BE/src/routes/health.ts","statementMap":{"0":{"start":{"line":1,"column":0},"end":{"line":1,"column":33}},"1":{"start":{"line":2,"column":15},"end":{"line":2,"column":23}},"2":{"start":{"line":3,"column":0},"end":{"line":5,"column":2}},"3":{"start":{"line":4,"column":2},"end":{"line":4,"column":54}},"4":{"start":{"line":6,"column":0},"end":{"line":6,"column":22}}},"fnMap":{"0":{"name":"(anonymous_0)","decl":{"start":{"line":3,"column":16},"end":{"line":3,"column":17}},"loc":{"start":{"line":4,"column":2},"end":{"line":4,"column":54}}}},"branchMap":{},"s":{"0":1,"1":1,"2":1,"3":1,"4":1},"f":{"0":1},"b":{}}
,"/Users/gokhanbirkin/Desktop/birkinapps/kayra-export-e-commerce-BE/src/routes/orders.ts": {"path":"/Users/gokhanbirkin/Desktop/birkinapps/kayra-export-e-commerce-BE/src/routes/orders.ts","statementMap":{"0":{"start":{"line":1,"column":0},"end":{"line":1,"column":33}},"1":{"start":{"line":2,"column":0},"end":{"line":2,"column":66}},"2":{"start":{"line":3,"column":0},"end":{"line":3,"column":62}},"3":{"start":{"line":4,"column":0},"end":{"line":4,"column":58}},"4":{"start":{"line":5,"column":0},"end":{"line":5,"column":24}},"5":{"start":{"line":6,"column":0},"end":{"line":6,"column":56}},"6":{"start":{"line":8,"column":23},"end":{"line":11,"column":2}},"7":{"start":{"line":13,"column":22},"end":{"line":21,"column":2}},"8":{"start":{"line":23,"column":26},"end":{"line":28,"column":2}},"9":{"start":{"line":30,"column":20},"end":{"line":34,"column":2}},"10":{"start":{"line":36,"column":15},"end":{"line":36,"column":23}},"11":{"start":{"line":138,"column":0},"end":{"line":143,"column":2}},"12":{"start":{"line":239,"column":0},"end":{"line":239,"column":74}},"13":{"start":{"line":241,"column":0},"end":{"line":241,"column":22}}},"fnMap":{},"branchMap":{},"s":{"0":1,"1":1,"2":1,"3":1,"4":1,"5":1,"6":1,"7":1,"8":1,"9":1,"10":1,"11":1,"12":1,"13":1},"f":{},"b":{}}
,"/Users/gokhanbirkin/Desktop/birkinapps/kayra-export-e-commerce-BE/src/routes/products.ts": {"path":"/Users/gokhanbirkin/Desktop/birkinapps/kayra-export-e-commerce-BE/src/routes/products.ts","statementMap":{"0":{"start":{"line":29,"column":0},"end":{"line":29,"column":33}},"1":{"start":{"line":30,"column":0},"end":{"line":30,"column":72}},"2":{"start":{"line":31,"column":0},"end":{"line":31,"column":68}},"3":{"start":{"line":32,"column":0},"end":{"line":32,"column":58}},"4":{"start":{"line":33,"column":0},"end":{"line":33,"column":62}},"5":{"start":{"line":34,"column":0},"end":{"line":34,"column":24}},"6":{"start":{"line":35,"column":0},"end":{"line":35,"column":56}},"7":{"start":{"line":37,"column":22},"end":{"line":43,"column":2}},"8":{"start":{"line":45,"column":21},"end":{"line":50,"column":2}},"9":{"start":{"line":52,"column":15},"end":{"line":52,"column":23}},"10":{"start":{"line":86,"column":0},"end":{"line":86,"column":55}},"11":{"start":{"line":107,"column":0},"end":{"line":107,"column":60}},"12":{"start":{"line":126,"column":0},"end":{"line":126,"column":71}},"13":{"start":{"line":145,"column":0},"end":{"line":145,"column":71}},"14":{"start":{"line":245,"column":0},"end":{"line":250,"column":2}},"15":{"start":{"line":269,"column":0},"end":{"line":273,"column":2}},"16":{"start":{"line":298,"column":0},"end":{"line":302,"column":2}},"17":{"start":{"line":321,"column":0},"end":{"line":321,"column":63}},"18":{"start":{"line":323,"column":0},"end":{"line":323,"column":22}}},"fnMap":{},"branchMap":{},"s":{"0":1,"1":1,"2":1,"3":1,"4":1,"5":1,"6":1,"7":1,"8":1,"9":1,"10":1,"11":1,"12":1,"13":1,"14":1,"15":1,"16":1,"17":1,"18":1},"f":{},"b":{}}
,"/Users/gokhanbirkin/Desktop/birkinapps/kayra-export-e-commerce-BE/src/routes/reviews.ts": {"path":"/Users/gokhanbirkin/Desktop/birkinapps/kayra-export-e-commerce-BE/src/routes/reviews.ts","statementMap":{"0":{"start":{"line":1,"column":0},"end":{"line":1,"column":33}},"1":{"start":{"line":2,"column":0},"end":{"line":2,"column":68}},"2":{"start":{"line":3,"column":0},"end":{"line":3,"column":62}},"3":{"start":{"line":4,"column":0},"end":{"line":4,"column":58}},"4":{"start":{"line":5,"column":0},"end":{"line":5,"column":24}},"5":{"start":{"line":6,"column":0},"end":{"line":6,"column":56}},"6":{"start":{"line":8,"column":21},"end":{"line":11,"column":2}},"7":{"start":{"line":13,"column":15},"end":{"line":13,"column":23}},"8":{"start":{"line":47,"column":0},"end":{"line":52,"column":2}},"9":{"start":{"line":184,"column":0},"end":{"line":184,"column":71}},"10":{"start":{"line":186,"column":0},"end":{"line":186,"column":22}}},"fnMap":{},"branchMap":{},"s":{"0":1,"1":1,"2":1,"3":1,"4":1,"5":1,"6":1,"7":1,"8":1,"9":1,"10":1},"f":{},"b":{}}
,"/Users/gokhanbirkin/Desktop/birkinapps/kayra-export-e-commerce-BE/src/routes/users.ts": {"path":"/Users/gokhanbirkin/Desktop/birkinapps/kayra-export-e-commerce-BE/src/routes/users.ts","statementMap":{"0":{"start":{"line":1,"column":0},"end":{"line":1,"column":33}},"1":{"start":{"line":2,"column":0},"end":{"line":2,"column":64}},"2":{"start":{"line":3,"column":0},"end":{"line":3,"column":66}},"3":{"start":{"line":4,"column":0},"end":{"line":4,"column":62}},"4":{"start":{"line":5,"column":0},"end":{"line":5,"column":58}},"5":{"start":{"line":6,"column":0},"end":{"line":6,"column":24}},"6":{"start":{"line":7,"column":0},"end":{"line":7,"column":56}},"7":{"start":{"line":9,"column":28},"end":{"line":14,"column":2}},"8":{"start":{"line":16,"column":15},"end":{"line":16,"column":23}},"9":{"start":{"line":123,"column":0},"end":{"line":123,"column":75}},"10":{"start":{"line":125,"column":0},"end":{"line":130,"column":2}},"11":{"start":{"line":217,"column":0},"end":{"line":221,"column":2}},"12":{"start":{"line":223,"column":0},"end":{"line":223,"column":22}}},"fnMap":{},"branchMap":{},"s":{"0":1,"1":1,"2":1,"3":1,"4":1,"5":1,"6":1,"7":1,"8":1,"9":1,"10":1,"11":1,"12":1},"f":{},"b":{}}
,"/Users/gokhanbirkin/Desktop/birkinapps/kayra-export-e-commerce-BE/src/services/authService.ts": {"path":"/Users/gokhanbirkin/Desktop/birkinapps/kayra-export-e-commerce-BE/src/services/authService.ts","statementMap":{"0":{"start":{"line":8,"column":0},"end":{"line":8,"column":7}},"1":{"start":{"line":46,"column":0},"end":{"line":46,"column":7}},"2":{"start":{"line":54,"column":0},"end":{"line":54,"column":7}},"3":{"start":{"line":85,"column":0},"end":{"line":85,"column":7}},"4":{"start":{"line":94,"column":0},"end":{"line":94,"column":7}},"5":{"start":{"line":111,"column":0},"end":{"line":111,"column":7}},"6":{"start":{"line":131,"column":0},"end":{"line":131,"column":7}},"7":{"start":{"line":161,"column":0},"end":{"line":161,"column":7}},"8":{"start":{"line":233,"column":0},"end":{"line":233,"column":7}},"9":{"start":{"line":271,"column":0},"end":{"line":271,"column":7}},"10":{"start":{"line":300,"column":0},"end":{"line":300,"column":7}},"11":{"start":{"line":349,"column":0},"end":{"line":349,"column":7}},"12":{"start":{"line":1,"column":0},"end":{"line":1,"column":27}},"13":{"start":{"line":2,"column":0},"end":{"line":2,"column":28}},"14":{"start":{"line":3,"column":0},"end":{"line":3,"column":31}},"15":{"start":{"line":4,"column":0},"end":{"line":4,"column":36}},"16":{"start":{"line":6,"column":19},"end":{"line":6,"column":51}},"17":{"start":{"line":15,"column":15},"end":{"line":15,"column":46}},"18":{"start":{"line":19,"column":4},"end":{"line":24,"column":19}},"19":{"start":{"line":26,"column":15},"end":{"line":41,"column":4}},"20":{"start":{"line":43,"column":2},"end":{"line":43,"column":14}},"21":{"start":{"line":47,"column":15},"end":{"line":47,"column":61}},"22":{"start":{"line":48,"column":2},"end":{"line":50,"column":3}},"23":{"start":{"line":49,"column":4},"end":{"line":49,"column":43}},"24":{"start":{"line":51,"column":2},"end":{"line":51,"column":72}},"25":{"start":{"line":55,"column":15},"end":{"line":60,"column":4}},"26":{"start":{"line":62,"column":2},"end":{"line":64,"column":3}},"27":{"start":{"line":63,"column":4},"end":{"line":63,"column":16}},"28":{"start":{"line":67,"column":20},"end":{"line":67,"column":66}},"29":{"start":{"line":68,"column":20},"end":{"line":68,"column":38}},"30":{"start":{"line":69,"column":19},"end":{"line":69,"column":53}},"31":{"start":{"line":72,"column":2},"end":{"line":82,"column":4}},"32":{"start":{"line":86,"column":2},"end":{"line":91,"column":5}},"33":{"start":{"line":95,"column":18},"end":{"line":95,"column":26}},"34":{"start":{"line":96,"column":16},"end":{"line":102,"column":null}},"35":{"start":{"line":105,"column":2},"end":{"line":108,"column":4}},"36":{"start":{"line":112,"column":2},"end":{"line":128,"column":3}},"37":{"start":{"line":113,"column":20},"end":{"line":113,"column":null}},"38":{"start":{"line":119,"column":4},"end":{"line":123,"column":5}},"39":{"start":{"line":120,"column":6},"end":{"line":120,"column":57}},"40":{"start":{"line":121,"column":11},"end":{"line":123,"column":5}},"41":{"start":{"line":122,"column":6},"end":{"line":122,"column":54}},"42":{"start":{"line":125,"column":4},"end":{"line":125,"column":16}},"43":{"start":{"line":127,"column":4},"end":{"line":127,"column":16}},"44":{"start":{"line":140,"column":2},"end":{"line":150,"column":3}},"45":{"start":{"line":141,"column":25},"end":{"line":146,"column":6}},"46":{"start":{"line":147,"column":4},"end":{"line":149,"column":5}},"47":{"start":{"line":148,"column":6},"end":{"line":148,"column":46}},"48":{"start":{"line":152,"column":2},"end":{"line":158,"column":5}},"49":{"start":{"line":171,"column":13},"end":{"line":171,"column":22}},"50":{"start":{"line":172,"column":2},"end":{"line":191,"column":3}},"51":{"start":{"line":173,"column":24},"end":{"line":175,"column":6}},"52":{"start":{"line":177,"column":29},"end":{"line":179,"column":10}},"53":{"start":{"line":180,"column":29},"end":{"line":180,"column":54}},"54":{"start":{"line":181,"column":28},"end":{"line":181,"column":69}},"55":{"start":{"line":184,"column":6},"end":{"line":186,"column":26}},"56":{"start":{"line":188,"column":6},"end":{"line":188,"column":79}},"57":{"start":{"line":190,"column":4},"end":{"line":190,"column":51}},"58":{"start":{"line":194,"column":20},"end":{"line":194,"column":29}},"59":{"start":{"line":195,"column":2},"end":{"line":197,"column":3}},"60":{"start":{"line":196,"column":4},"end":{"line":196,"column":51}},"61":{"start":{"line":199,"column":28},"end":{"line":199,"column":30}},"62":{"start":{"line":200,"column":2},"end":{"line":200,"column":51}},"63":{"start":{"line":200,"column":26},"end":{"line":200,"column":51}},"64":{"start":{"line":201,"column":2},"end":{"line":201,"column":76}},"65":{"start":{"line":201,"column":38},"end":{"line":201,"column":76}},"66":{"start":{"line":202,"column":2},"end":{"line":202,"column":72}},"67":{"start":{"line":202,"column":33},"end":{"line":202,"column":72}},"68":{"start":{"line":204,"column":22},"end":{"line":210,"column":4}},"69":{"start":{"line":213,"column":20},"end":{"line":215,"column":8}},"70":{"start":{"line":216,"column":20},"end":{"line":216,"column":38}},"71":{"start":{"line":217,"column":19},"end":{"line":217,"column":53}},"72":{"start":{"line":219,"column":2},"end":{"line":230,"column":4}},"73":{"start":{"line":239,"column":15},"end":{"line":241,"column":4}},"74":{"start":{"line":243,"column":2},"end":{"line":245,"column":3}},"75":{"start":{"line":244,"column":4},"end":{"line":244,"column":38}},"76":{"start":{"line":248,"column":33},"end":{"line":250,"column":null}},"77":{"start":{"line":253,"column":2},"end":{"line":255,"column":3}},"78":{"start":{"line":254,"column":4},"end":{"line":254,"column":53}},"79":{"start":{"line":258,"column":26},"end":{"line":258,"column":60}},"80":{"start":{"line":261,"column":2},"end":{"line":266,"column":5}},"81":{"start":{"line":268,"column":2},"end":{"line":268,"column":54}},"82":{"start":{"line":272,"column":15},"end":{"line":274,"column":4}},"83":{"start":{"line":276,"column":2},"end":{"line":278,"column":3}},"84":{"start":{"line":277,"column":4},"end":{"line":277,"column":38}},"85":{"star
[...]
e":119,"column":38}}},"fnMap":{"0":{"name":"(anonymous_0)","decl":{"start":{"line":3,"column":25},"end":{"line":3,"column":30}},"loc":{"start":{"line":8,"column":4},"end":{"line":60,"column":1}}},"1":{"name":"(anonymous_1)","decl":{"start":{"line":62,"column":23},"end":{"line":62,"column":28}},"loc":{"start":{"line":62,"column":73},"end":{"line":87,"column":1}}},"2":{"name":"(anonymous_2)","decl":{"start":{"line":74,"column":25},"end":{"line":74,"column":26}},"loc":{"start":{"line":74,"column":36},"end":{"line":86,"column":4}}},"3":{"name":"(anonymous_3)","decl":{"start":{"line":89,"column":30},"end":{"line":89,"column":35}},"loc":{"start":{"line":93,"column":4},"end":{"line":110,"column":1}}},"4":{"name":"(anonymous_4)","decl":{"start":{"line":112,"column":25},"end":{"line":112,"column":30}},"loc":{"start":{"line":112,"column":75},"end":{"line":117,"column":1}}},"5":{"name":"(anonymous_5)","decl":{"start":{"line":119,"column":38},"end":{"line":119,"column":43}},"loc":{"start":{"line":124,"column":4},"end":{"line":165,"column":1}}}},"branchMap":{"0":{"loc":{"start":{"line":15,"column":2},"end":{"line":15,"column":53}},"type":"if","locations":[{"start":{"line":15,"column":2},"end":{"line":15,"column":53}}]},"1":{"loc":{"start":{"line":16,"column":2},"end":{"line":16,"column":70}},"type":"if","locations":[{"start":{"line":16,"column":2},"end":{"line":16,"column":70}}]},"2":{"loc":{"start":{"line":19,"column":22},"end":{"line":21,"column":38}},"type":"cond-expr","locations":[{"start":{"line":20,"column":6},"end":{"line":20,"column":27}},{"start":{"line":21,"column":6},"end":{"line":21,"column":38}}]},"3":{"loc":{"start":{"line":27,"column":2},"end":{"line":44,"column":3}},"type":"if","locations":[{"start":{"line":27,"column":2},"end":{"line":44,"column":3}},{"start":{"line":34,"column":9},"end":{"line":44,"column":3}}]},"4":{"loc":{"start":{"line":36,"column":23},"end":{"line":38,"column":50}},"type":"cond-expr","locations":[{"start":{"line":37,"column":8},"end":{"line":37,"column":39}},{"start":{"line":38,"column":8},"end":{"line":38,"column":50}}]},"5":{"loc":{"start":{"line":63,"column":22},"end":{"line":63,"column":65}},"type":"cond-expr","locations":[{"start":{"line":63,"column":31},"end":{"line":63,"column":41}},{"start":{"line":63,"column":44},"end":{"line":63,"column":65}}]},"6":{"loc":{"start":{"line":94,"column":22},"end":{"line":96,"column":39}},"type":"cond-expr","locations":[{"start":{"line":95,"column":6},"end":{"line":95,"column":28}},{"start":{"line":96,"column":6},"end":{"line":96,"column":39}}]},"7":{"loc":{"start":{"line":103,"column":2},"end":{"line":105,"column":3}},"type":"if","locations":[{"start":{"line":103,"column":2},"end":{"line":105,"column":3}}]},"8":{"loc":{"start":{"line":113,"column":22},"end":{"line":113,"column":65}},"type":"cond-expr","locations":[{"start":{"line":113,"column":31},"end":{"line":113,"column":41}},{"start":{"line":113,"column":44},"end":{"line":113,"column":65}}]},"9":{"loc":{"start":{"line":125,"column":22},"end":{"line":127,"column":39}},"type":"cond-expr","locations":[{"start":{"line":126,"column":6},"end":{"line":126,"column":28}},{"start":{"line":127,"column":6},"end":{"line":127,"column":39}}]},"10":{"loc":{"start":{"line":135,"column":2},"end":{"line":137,"column":3}},"type":"if","locations":[{"start":{"line":135,"column":2},"end":{"line":137,"column":3}}]},"11":{"loc":{"start":{"line":140,"column":2},"end":{"line":142,"column":3}},"type":"if","locations":[{"start":{"line":140,"column":2},"end":{"line":142,"column":3}}]}},"s":{"0":1,"1":1,"2":0,"3":0,"4":0,"5":0,"6":0,"7":0,"8":0,"9":0,"10":0,"11":0,"12":0,"13":0,"14":1,"15":1,"16":0,"17":0,"18":0,"19":0,"20":1,"21":1,"22":0,"23":0,"24":0,"25":0,"26":0,"27":1,"28":1,"29":0,"30":0,"31":1,"32":1,"33":0,"34":0,"35":0,"36":0,"37":0,"38":0,"39":0,"40":0,"41":1},"f":{"0":0,"1":0,"2":0,"3":0,"4":0,"5":0},"b":{"0":[0],"1":[0],"2":[0,0],"3":[0,0],"4":[0,0],"5":[0,0],"6":[0,0],"7":[0],"8":[0,0],"9":[0,0],"10":[0],"11":[0]}}
,"/Users/gokhanbirkin/Desktop/birkinapps/kayra-export-e-commerce-BE/src/services/orderService.ts": {"path":"/Users/gokhanbirkin/Desktop/birkinapps/kayra-export-e-commerce-BE/src/services/orderService.ts","statementMap":{"0":{"start":{"line":1,"column":0},"end":{"line":1,"column":27}},"1":{"start":{"line":25,"column":27},"end":{"line":157,"column":1}},"2":{"start":{"line":31,"column":2},"end":{"line":33,"column":3}},"3":{"start":{"line":32,"column":4},"end":{"line":32,"column":60}},"4":{"start":{"line":36,"column":2},"end":{"line":49,"column":3}},"5":{"start":{"line":37,"column":20},"end":{"line":40,"column":6}},"6":{"start":{"line":42,"column":4},"end":{"line":44,"column":5}},"7":{"start":{"line":43,"column":6},"end":{"line":43,"column":61}},"8":{"start":{"line":46,"column":4},"end":{"line":48,"column":5}},"9":{"start":{"line":47,"column":6},"end":{"line":47,"column":74}},"10":{"start":{"line":52,"column":14},"end":{"line":52,"column":15}},"11":{"start":{"line":53,"column":25},"end":{"line":53,"column":27}},"12":{"start":{"line":55,"column":2},"end":{"line":70,"column":3}},"13":{"start":{"line":56,"column":20},"end":{"line":59,"column":6}},"14":{"start":{"line":61,"column":22},"end":{"line":61,"column":65}},"15":{"start":{"line":62,"column":22},"end":{"line":62,"column":47}},"16":{"start":{"line":63,"column":4},"end":{"line":63,"column":23}},"17":{"start":{"line":65,"column":4},"end":{"line":69,"column":7}},"18":{"start":{"line":74,"column":26},"end":{"line":83,"column":4}},"19":{"start":{"line":85,"column":2},"end":{"line":101,"column":3}},"20":{"start":{"line":86,"column":4},"end":{"line":86,"column":35}},"21":{"start":{"line":88,"column":23},"end":{"line":99,"column":6}},"22":{"start":{"line":100,"column":4},"end":{"line":100,"column":30}},"23":{"start":{"line":104,"column":16},"end":{"line":123,"column":4}},"24":{"start":{"line":126,"column":2},"end":{"line":135,"column":3}},"25":{"start":{"line":127,"column":4},"end":{"line":134,"column":7}},"26":{"start":{"line":138,"column":2},"end":{"line":156,"column":4}},"27":{"start":{"line":140,"column":38},"end":{"line":152,"column":6}},"28":{"start":{"line":25,"column":13},"end":{"line":25,"column":27}},"29":{"start":{"line":159,"column":28},"end":{"line":216,"column":1}},"30":{"start":{"line":160,"column":16},"end":{"line":175,"column":4}},"31":{"start":{"line":177,"column":2},"end":{"line":179,"column":3}},"32":{"start":{"line":178,"column":4},"end":{"line":178,"column":16}},"33":{"start":{"line":182,"column":2},"end":{"line":215,"column":4}},"34":{"start":{"line":184,"column":38},"end":{"line":196,"column":6}},"35":{"start":{"line":159,"column":13},"end":{"line":159,"column":28}},"36":{"start":{"line":218,"column":29},"end":{"line":268,"column":1}},"37":{"start":{"line":219,"column":17},"end":{"line":232,"column":4}},"38":{"start":{"line":235,"column":2},"end":{"line":267,"column":6}},"39":{"start":{"line":235,"column":32},"end":{"line":267,"column":4}},"40":{"start":{"line":237,"column":38},"end":{"line":249,"column":6}},"41":{"start":{"line":218,"column":13},"end":{"line":218,"column":29}}},"fnMap":{"0":{"name":"(anonymous_0)","decl":{"start":{"line":25,"column":27},"end":{"line":25,"column":32}},"loc":{"start":{"line":30,"column":4},"end":{"line":157,"column":1}}},"1":{"name":"(anonymous_1)","decl":{"start":{"line":140,"column":27},"end":{"line":140,"column":28}},"loc":{"start":{"line":140,"column":38},"end":{"line":152,"column":6}}},"2":{"name":"(anonymous_2)","decl":{"start":{"line":159,"column":28},"end":{"line":159,"column":33}},"loc":{"start":{"line":159,"column":70},"end":{"line":216,"column":1}}},"3":{"name":"(anonymous_3)","decl":{"start":{"line":184,"column":27},"end":{"line":184,"column":28}},"loc":{"start":{"line":184,"column":38},"end":{"line":196,"column":6}}},"4":{"name":"(anonymous_4)","decl":{"start":{"line":218,"column":29},"end":{"line":218,"column":34}},"loc":{"start":{"line":218,"column":54},"end":{"line":268,"column":1}}},"5":{"name":"(anonymous_5)","decl":{"start":{"line":235,"column":20},"end":{"line":235,"column":21}},"loc":{"start":{"line":235,"column":32},"end":{"line":267,"column":4}}},"6":{"name":"(anonymous_6)","decl":{"start":{"line":237,"column":27},"end":{"line":237,"column":28}},"loc":{"start":{"line":237,"column":38},"end":{"line":249,"column":6}}}},"branchMap":{"0":{"loc":{"start":{"line":31,"column":2},"end":{"line":33,"column":3}},"type":"if","locations":[{"start":{"line":31,"column":2},"end":{"line":33,"column":3}}]},"1":{"loc":{"start":{"line":42,"column":4},"end":{"line":44,"column":5}},"type":"if","locations":[{"start":{"line":42,"column":4},"end":{"line":44,"column":5}}]},"2":{"loc":{"start":{"line":46,"column":4},"end":{"line":48,"column":5}},"type":"if","locations":[{"start":{"line":46,"column":4},"end":{"line":48,"column":5}}]},"3":{"loc":{"start":{"line":85,"column":2},"end":{"line":101,"column":3}},"type":"if","locations":[{"start":{"line":85,"column":2},"end":{"line":101,"column":3}},{"start":{"line":87,"column":9},"end":{"line":101,"column":3}}]},"4":{"loc":{"start":{"line":177,"column":2},"end":{"line":179,"column":3}},"type":"if","locations":[{"start":{"line":177,"column":2},"end":{"line":179,"column":3}}]},"5":{"loc":{"start":{"line":199,"column":21},"end":{"line":210,"column":12}},"type":"cond-expr","locations":[{"start":{"line":200,"column":8},"end":{"line":209,"column":null}},{"start":{"line":210,"column":8},"end":{"line":210,"column":12}}]},"6":{"loc":{"start":{"line":252,"column":21},"end":{"line":263,"column":12}},"type":"cond-expr","locations":[{"start":{"line":253,"column":8},"end":{"line":262,"column":null}},{"start":{"line":263,"column":8},"end":{"line":263,"column":12}}]}},"s":{"0":1,"1":1,"2":0,"3":0,"4":0,"5":0,"6":0,"7":0,"8":0,"9":0,"10":0,"11":0,"12":0,"13":0,"14":0,"15":0,"16":0,"17":0,"18":0,"19":0,"20":0,"21":0,"22":0,"23":0,"24":0,"25":0,"26":0,"27":0,"28":1,"29":1,"30":0,"31":0,"32":0,"33":0,"34":0,"35":1,"36":1,"37":0,"38":0,"39":0,"40":0,"41":1},"f":{"0":0,"1":0,"2":0,"3":0,"4":0,"5":0,"6":0},"b":{"0":[0],"1":[0],"2":[0],"3":[0,0],"4":[0],"5":[0,0],"6":[0,0]}}
,"/Users/gokhanbirkin/Desktop/birkinapps/kayra-export-e-commerce-BE/src/services/productsService.ts": {"path":"/Users/gokhanbirkin/Desktop/birkinapps/kayra-export-e-commerce-BE/src/services/productsService.ts","statementMap":{"0":{"start":{"line":1,"column":0},"end":{"line":1,"column":27}},"1":{"start":{"line":3,"column":30},"end":{"line":45,"column":1}},"2":{"start":{"line":4,"column":60},"end":{"line":4,"column":67}},"3":{"start":{"line":6,"column":21},"end":{"line":6,"column":23}},"4":{"start":{"line":7,"column":2},"end":{"line":7,"column":54}},"5":{"start":{"line":7,"column":16},"end":{"line":7,"column":54}},"6":{"start":{"line":8,"column":2},"end":{"line":8,"column":49}},"7":{"start":{"line":8,"column":14},"end":{"line":8,"column":49}},"8":{"start":{"line":9,"column":2},"end":{"line":10,"column":78}},"9":{"start":{"line":10,"column":4},"end":{"line":10,"column":78}},"10":{"start":{"line":12,"column":15},"end":{"line":12,"column":33}},"11":{"start":{"line":14,"column":19},"end":{"line":29,"column":4}},"12":{"start":{"line":32,"column":2},"end":{"line":44,"column":5}},"13":{"start":{"line":34,"column":6},"end":{"line":37,"column":11}},"14":{"start":{"line":35,"column":50},"end":{"line":35,"column":69}},"15":{"start":{"line":39,"column":4},"end":{"line":43,"column":6}},"16":{"start":{"line":3,"column":13},"end":{"line":3,"column":30}},"17":{"start":{"line":47,"column":30},"end":{"line":79,"column":1}},"18":{"start":{"line":48,"column":18},"end":{"line":62,"column":4}},"19":{"start":{"line":64,"column":2},"end":{"line":64,"column":28}},"20":{"start":{"line":64,"column":16},"end":{"line":64,"column":28}},"21":{"start":{"line":68,"column":4},"end":{"line":71,"column":9}},"22":{"start":{"line":69,"column":48},"end":{"line":69,"column":67}},"23":{"start":{"line":73,"column":2},"end":{"line":78,"column":4}},"24":{"start":{"line":47,"column":13},"end":{"line":47,"column":30}},"25":{"start":{"line":81,"column":34},"end":{"line":85,"column":1}},"26":{"start":{"line":82,"column":2},"end":{"line":84,"column":5}},"27":{"start":{"line":81,"column":13},"end":{"line":81,"column":34}}},"fnMap":{"0":{"name":"(anonymous_0)","decl":{"start":{"line":3,"column":30},"end":{"line":3,"column":35}},"loc":{"start":{"line":3,"column":58},"end":{"line":45,"column":1}}},"1":{"name":"(anonymous_1)","decl":{"start":{"line":32,"column":22},"end":{"line":32,"column":23}},"loc":{"start":{"line":32,"column":34},"end":{"line":44,"column":3}}},"2":{"name":"(anonymous_2)","decl":{"start":{"line":35,"column":33},"end":{"line":35,"column":34}},"loc":{"start":{"line":35,"column":50},"end":{"line":35,"column":69}}},"3":{"name":"(anonymous_3)","decl":{"start":{"line":47,"column":30},"end":{"line":47,"column":35}},"loc":{"start":{"line":47,"column":51},"end":{"line":79,"column":1}}},"4":{"name":"(anonymous_4)","decl":{"start":{"line":69,"column":31},"end":{"line":69,"column":32}},"loc":{"start":{"line":69,"column":48},"end":{"line":69,"column":67}}},"5":{"name":"(anonymous_5)","decl":{"start":{"line":81,"column":34},"end":{"line":81,"column":39}},"loc":{"start":{"line":81,"column":62},"end":{"line":85,"column":1}}}},"branchMap":{"0":{"loc":{"start":{"line":3,"column":37},"end":{"line":3,"column":54}},"type":"default-arg","locations":[{"start":{"line":3,"column":52},"end":{"line":3,"column":54}}]},"1":{"loc":{"start":{"line":4,"column":35},"end":{"line":4,"column":43}},"type":"default-arg","locations":[{"start":{"line":4,"column":42},"end":{"line":4,"column":43}}]},"2":{"loc":{"start":{"line":4,"column":45},"end":{"line":4,"column":55}},"type":"default-arg","locations":[{"start":{"line":4,"column":53},"end":{"line":4,"column":55}}]},"3":{"loc":{"start":{"line":7,"column":2},"end":{"line":7,"column":54}},"type":"if","locations":[{"start":{"line":7,"column":2},"end":{"line":7,"column":54}}]},"4":{"loc":{"start":{"line":8,"column":2},"end":{"line":8,"column":49}},"type":"if","locations":[{"start":{"line":8,"column":2},"end":{"line":8,"column":49}}]},"5":{"loc":{"start":{"line":9,"column":2},"end":{"line":10,"column":78}},"type":"if","locations":[{"start":{"line":9,"column":2},"end":{"line":10,"column":78}}]},"6":{"loc":{"start":{"line":34,"column":6},"end":{"line":37,"column":11}},"type":"cond-expr","locations":[{"start":{"line":35,"column":10},"end":{"line":36,"column":32}},{"start":{"line":37,"column":10},"end":{"line":37,"column":11}}]},"7":{"loc":{"start":{"line":64,"column":2},"end":{"line":64,"column":28}},"type":"if","locations":[{"start":{"line":64,"column":2},"end":{"line":64,"column":28}}]},"8":{"loc":{"start":{"line":68,"column":4},"end":{"line":71,"column":9}},"type":"cond-expr","locations":[{"start":{"line":69,"column":8},"end":{"line":70,"column":30}},{"start":{"line":71,"column":8},"end":{"line":71,"column":9}}]}},"s":{"0":1,"1":1,"2":0,"3":0,"4":0,"5":0,"6":0,"7":0,"8":0,"9":0,"10":0,"11":0,"12":0,"13":0,"14":0,"15":0,"16":1,"17":1,"18":0,"19":0,"20":0,"21":0,"22":0,"23":0,"24":1,"25":1,"26":0,"27":1},"f":{"0":0,"1":0,"2":0,"3":0,"4":0,"5":0},"b":{"0":[0],"1":[0],"2":[0],"3":[0],"4":[0],"5":[0],"6":[0,0],"7":[0],"8":[0,0]}}
,"/Users/gokhanbirkin/Desktop/birkinapps/kayra-export-e-commerce-BE/src/services/reviewService.ts": {"path":"/Users/gokhanbirkin/Desktop/birkinapps/kayra-export-e-commerce-BE/src/services/reviewService.ts","statementMap":{"0":{"start":{"line":1,"column":0},"end":{"line":1,"column":27}},"1":{"start":{"line":3,"column":28},"end":{"line":31,"column":1}},"2":{"start":{"line":11,"column":2},"end":{"line":30,"column":5}},"3":{"start":{"line":3,"column":13},"end":{"line":3,"column":28}},"4":{"start":{"line":41,"column":33},"end":{"line":134,"column":1}},"5":{"start":{"line":48,"column":6},"end":{"line":48,"column":12}},"6":{"start":{"line":51,"column":15},"end":{"line":51,"column":33}},"7":{"start":{"line":54,"column":16},"end":{"line":56,"column":4}},"8":{"start":{"line":59,"column":18},"end":{"line":74,"column":4}},"9":{"start":{"line":77,"column":22},"end":{"line":83,"column":4}},"10":{"start":{"line":86,"column":20},"end":{"line":91,"column":4}},"11":{"start":{"line":94,"column":29},"end":{"line":100,"column":4}},"12":{"start":{"line":102,"column":2},"end":{"line":105,"column":5}},"13":{"start":{"line":103,"column":4},"end":{"line":104,"column":25}},"14":{"start":{"line":108,"column":29},"end":{"line":123,"column":5}},"15":{"start":{"line":108,"column":54},"end":{"line":123,"column":4}},"16":{"start":{"line":125,"column":2},"end":{"line":133,"column":4}},"17":{"start":{"line":41,"column":13},"end":{"line":41,"column":33}}},"fnMap":{"0":{"name":"(anonymous_0)","decl":{"start":{"line":3,"column":28},"end":{"line":3,"column":33}},"loc":{"start":{"line":10,"column":4},"end":{"line":31,"column":1}}},"1":{"name":"(anonymous_1)","decl":{"start":{"line":41,"column":33},"end":{"line":41,"column":38}},"loc":{"start":{"line":41,"column":75},"end":{"line":134,"column":1}}},"2":{"name":"(anonymous_2)","decl":{"start":{"line":102,"column":22},"end":{"line":102,"column":23}},"loc":{"start":{"line":102,"column":31},"end":{"line":105,"column":3}}},"3":{"name":"(anonymous_3)","decl":{"start":{"line":108,"column":41},"end":{"line":108,"column":42}},"loc":{"start":{"line":108,"column":54},"end":{"line":123,"column":4}}}},"branchMap":{"0":{"loc":{"start":{"line":18,"column":14},"end":{"line":18,"column":52}},"type":"cond-expr","locations":[{"start":{"line":18,"column":23},"end":{"line":18,"column":45}},{"start":{"line":18,"column":48},"end":{"line":18,"column":52}}]},"1":{"loc":{"start":{"line":44,"column":4},"end":{"line":44,"column":12}},"type":"default-arg","locations":[{"start":{"line":44,"column":11},"end":{"line":44,"column":12}}]},"2":{"loc":{"start":{"line":45,"column":4},"end":{"line":45,"column":14}},"type":"default-arg","locations":[{"start":{"line":45,"column":12},"end":{"line":45,"column":14}}]},"3":{"loc":{"start":{"line":46,"column":4},"end":{"line":46,"column":22}},"type":"default-arg","locations":[{"start":{"line":46,"column":11},"end":{"line":46,"column":22}}]},"4":{"loc":{"start":{"line":47,"column":4},"end":{"line":47,"column":18}},"type":"default-arg","locations":[{"start":{"line":47,"column":12},"end":{"line":47,"column":18}}]},"5":{"loc":{"start":{"line":112,"column":14},"end":{"line":112,"column":45}},"type":"binary-expr","locations":[{"start":{"line":112,"column":14},"end":{"line":112,"column":30}},{"start":{"line":112,"column":34},"end":{"line":112,"column":45}}]},"6":{"loc":{"start":{"line":113,"column":16},"end":{"line":113,"column":45}},"type":"binary-expr","locations":[{"start":{"line":113,"column":16},"end":{"line":113,"column":37}},{"start":{"line":113,"column":41},"end":{"line":113,"column":45}}]},"7":{"loc":{"start":{"line":115,"column":11},"end":{"line":115,"column":31}},"type":"binary-expr","locations":[{"start":{"line":115,"column":11},"end":{"line":115,"column":23}},{"start":{"line":115,"column":27},"end":{"line":115,"column":31}}]},"8":{"loc":{"start":{"line":116,"column":13},"end":{"line":116,"column":35}},"type":"binary-expr","locations":[{"start":{"line":116,"column":13},"end":{"line":116,"column":27}},{"start":{"line":116,"column":31},"end":{"line":116,"column":35}}]},"9":{"loc":{"start":{"line":117,"column":12},"end":{"line":117,"column":58}},"type":"cond-expr","locations":[{"start":{"line":117,"column":28},"end":{"line":117,"column":53}},{"start":{"line":117,"column":56},"end":{"line":117,"column":58}}]},"10":{"loc":{"start":{"line":131,"column":19},"end":{"line":131,"column":45}},"type":"binary-expr","locations":[{"start":{"line":131,"column":19},"end":{"line":131,"column":40}},{"start":{"line":131,"column":44},"end":{"line":131,"column":45}}]}},"s":{"0":1,"1":1,"2":0,"3":1,"4":1,"5":0,"6":0,"7":0,"8":0,"9":0,"10":0,"11":0,"12":0,"13":0,"14":0,"15":0,"16":0,"17":1},"f":{"0":0,"1":0,"2":0,"3":0},"b":{"0":[0,0],"1":[0],"2":[0],"3":[0],"4":[0],"5":[0,0],"6":[0,0],"7":[0,0],"8":[0,0],"9":[0,0],"10":[0,0]}}
}
