TN:
SF:src/db.ts
FNF:0
FNH:0
DA:1,2
DA:2,2
LF:2
LH:2
BRF:0
BRH:0
end_of_record
TN:
SF:src/main.ts
FN:58,(anonymous_1)
FN:63,(anonymous_2)
FN:70,(anonymous_3)
FNF:3
FNH:0
FNDA:0,(anonymous_1)
FNDA:0,(anonymous_2)
FNDA:0,(anonymous_3)
DA:1,2
DA:2,2
DA:3,2
DA:4,2
DA:5,2
DA:6,2
DA:7,2
DA:8,2
DA:9,2
DA:12,2
DA:13,2
DA:14,2
DA:15,2
DA:16,2
DA:17,2
DA:18,2
DA:19,2
DA:21,2
DA:22,2
DA:25,2
DA:26,2
DA:32,2
DA:33,2
DA:34,2
DA:35,2
DA:38,2
DA:41,2
DA:42,2
DA:43,2
DA:44,2
DA:45,2
DA:46,2
DA:47,2
DA:48,2
DA:51,2
DA:52,2
DA:55,2
DA:58,2
DA:59,0
DA:60,0
DA:63,2
DA:64,0
DA:65,0
DA:69,2
DA:70,0
DA:71,0
DA:75,2
LF:47
LH:41
BRDA:22,0,0,2
BRDA:22,0,1,0
BRDA:28,1,0,2
BRDA:28,1,1,0
BRDA:69,2,0,0
BRF:5
BRH:2
end_of_record
TN:
SF:src/swagger.ts
FNF:0
FNH:0
DA:1,2
LF:1
LH:1
BRF:0
BRH:0
end_of_record
TN:
SF:src/controllers/authController.ts
FN:10,(anonymous_0)
FN:16,(anonymous_1)
FN:22,(anonymous_2)
FN:29,(anonymous_3)
FN:35,(anonymous_4)
FNF:5
FNH:1
FNDA:0,(anonymous_0)
FNDA:0,(anonymous_1)
FNDA:0,(anonymous_2)
FNDA:0,(anonymous_3)
FNDA:1,(anonymous_4)
DA:2,2
DA:10,2
DA:11,0
DA:12,0
DA:13,0
DA:16,2
DA:17,0
DA:18,0
DA:19,0
DA:22,2
DA:23,0
DA:24,0
DA:25,0
DA:26,0
DA:29,2
DA:30,0
DA:31,0
DA:32,0
DA:35,2
DA:36,1
DA:37,1
LF:21
LH:8
BRDA:25,0,0,0
BRF:1
BRH:0
end_of_record
TN:
SF:src/controllers/basketController.ts
FN:4,(anonymous_9)
FN:10,(anonymous_10)
FN:17,(anonymous_11)
FNF:3
FNH:0
FNDA:0,(anonymous_9)
FNDA:0,(anonymous_10)
FNDA:0,(anonymous_11)
DA:2,2
DA:4,2
DA:5,0
DA:6,0
DA:7,0
DA:10,2
DA:11,0
DA:12,0
DA:13,0
DA:14,0
DA:17,2
DA:18,0
DA:19,0
DA:20,0
DA:21,0
LF:15
LH:4
BRF:0
BRH:0
end_of_record
TN:
SF:src/controllers/cartController.ts
FN:4,(anonymous_0)
FN:19,(anonymous_1)
FN:33,(anonymous_2)
FNF:3
FNH:3
FNDA:1,(anonymous_0)
FNDA:2,(anonymous_1)
FNDA:1,(anonymous_2)
DA:2,2
DA:4,2
DA:5,1
DA:6,1
DA:7,1
DA:8,1
DA:10,1
DA:11,1
DA:12,1
DA:14,0
DA:15,0
DA:19,2
DA:20,2
DA:21,2
DA:22,2
DA:24,2
DA:25,2
DA:26,2
DA:28,0
DA:29,0
DA:33,2
DA:34,1
DA:35,1
DA:36,1
DA:37,1
DA:39,1
DA:40,1
DA:42,0
DA:45,1
LF:29
LH:24
BRDA:10,0,0,1
BRDA:10,0,1,0
BRDA:24,1,0,2
BRDA:24,1,1,0
BRDA:39,2,0,1
BRDA:39,2,1,0
BRF:6
BRH:3
end_of_record
TN:
SF:src/controllers/categoryController.ts
FN:35,(anonymous_0)
FN:116,(anonymous_1)
FNF:2
FNH:0
FNDA:0,(anonymous_0)
FNDA:0,(anonymous_1)
DA:2,2
DA:4,2
DA:35,2
DA:36,0
DA:37,0
DA:43,0
DA:48,0
DA:49,0
DA:116,2
DA:117,0
DA:118,0
DA:119,0
DA:121,0
DA:122,0
DA:129,0
DA:133,0
DA:134,0
DA:140,0
DA:153,0
DA:158,0
DA:159,0
LF:21
LH:4
BRDA:121,0,0,0
BRDA:133,1,0,0
BRF:2
BRH:0
end_of_record
TN:
SF:src/controllers/orderController.ts
FN:8,(anonymous_0)
FN:16,(anonymous_1)
FN:26,(anonymous_2)
FNF:3
FNH:0
FNDA:0,(anonymous_0)
FNDA:0,(anonymous_1)
FNDA:0,(anonymous_2)
DA:2,2
DA:8,2
DA:9,0
DA:10,0
DA:12,0
DA:13,0
DA:16,2
DA:17,0
DA:18,0
DA:20,0
DA:21,0
DA:23,0
DA:26,2
DA:27,0
DA:28,0
DA:29,0
LF:16
LH:4
BRDA:21,0,0,0
BRF:1
BRH:0
end_of_record
TN:
SF:src/controllers/productsController.ts
FN:9,(anonymous_0)
FN:22,(anonymous_1)
FN:29,(anonymous_2)
FN:35,(anonymous_3)
FN:41,(anonymous_4)
FN:48,(anonymous_5)
FNF:6
FNH:0
FNDA:0,(anonymous_0)
FNDA:0,(anonymous_1)
FNDA:0,(anonymous_2)
FNDA:0,(anonymous_3)
FNDA:0,(anonymous_4)
FNDA:0,(anonymous_5)
DA:2,2
DA:3,2
DA:9,2
DA:10,0
DA:18,0
DA:19,0
DA:22,2
DA:23,0
DA:24,0
DA:25,0
DA:26,0
DA:29,2
DA:30,0
DA:31,0
DA:32,0
DA:35,2
DA:36,0
DA:37,0
DA:38,0
DA:41,2
DA:42,0
DA:43,0
DA:44,0
DA:45,0
DA:48,2
DA:49,0
DA:50,0
DA:51,0
LF:28
LH:8
BRDA:14,0,0,0
BRDA:14,0,1,0
BRDA:15,1,0,0
BRDA:15,1,1,0
BRDA:25,2,0,0
BRF:5
BRH:0
end_of_record
TN:
SF:src/controllers/reviewController.ts
FN:4,(anonymous_0)
FN:13,(anonymous_1)
FNF:2
FNH:0
FNDA:0,(anonymous_0)
FNDA:0,(anonymous_1)
DA:2,2
DA:4,2
DA:5,0
DA:6,0
DA:7,0
DA:9,0
DA:10,0
DA:13,2
DA:14,0
DA:15,0
DA:16,0
LF:11
LH:3
BRF:0
BRH:0
end_of_record
TN:
SF:src/middleware/asyncHandler.ts
FN:3,(anonymous_0)
FN:6,(anonymous_1)
FNF:2
FNH:2
FNDA:48,(anonymous_0)
FNDA:5,(anonymous_1)
DA:3,2
DA:6,48
DA:7,5
LF:3
LH:3
BRF:0
BRH:0
end_of_record
TN:
SF:src/middleware/authMiddleware.ts
FN:7,authMiddleware
FN:39,optionalAuthMiddleware
FNF:2
FNH:1
FNDA:5,authMiddleware
FNDA:0,optionalAuthMiddleware
DA:2,2
DA:5,2
DA:7,2
DA:12,5
DA:13,5
DA:14,4
DA:16,4
DA:17,4
DA:23,4
DA:24,0
DA:25,0
DA:26,4
DA:27,4
DA:28,4
DA:30,0
DA:33,4
DA:35,0
DA:39,2
DA:44,0
DA:45,0
DA:46,0
DA:47,0
DA:50,0
DA:52,0
DA:53,0
DA:59,0
DA:60,0
DA:61,0
DA:62,0
DA:63,0
DA:64,0
DA:66,0
DA:69,0
DA:71,0
DA:72,0
LF:35
LH:14
BRDA:13,0,0,1
BRDA:23,1,0,0
BRDA:23,1,1,4
BRDA:26,2,0,4
BRDA:26,2,1,0
BRDA:26,3,0,4
BRDA:26,3,1,4
BRDA:45,4,0,0
BRDA:59,5,0,0
BRDA:59,5,1,0
BRDA:62,6,0,0
BRDA:62,6,1,0
BRDA:62,7,0,0
BRDA:62,7,1,0
BRF:14
BRH:5
end_of_record
TN:
SF:src/middleware/errorHandler.ts
FN:3,errorHandler
FNF:1
FNH:0
FNDA:0,errorHandler
DA:3,2
DA:5,0
DA:6,0
DA:7,0
LF:4
LH:1
BRDA:6,0,0,0
BRDA:6,0,1,0
BRDA:9,1,0,0
BRDA:9,1,1,0
BRF:4
BRH:0
end_of_record
TN:
SF:src/middleware/logger.ts
FNF:0
FNH:0
DA:1,2
DA:2,2
DA:4,2
LF:3
LH:3
BRDA:5,0,0,2
BRDA:5,0,1,2
BRF:2
BRH:2
end_of_record
TN:
SF:src/middleware/rateLimiter.ts
FNF:0
FNH:0
DA:1,2
DA:3,2
LF:2
LH:2
BRF:0
BRH:0
end_of_record
TN:
SF:src/middleware/validation.ts
FN:5,(anonymous_0)
FN:6,(anonymous_1)
FNF:2
FNH:2
FNDA:16,(anonymous_0)
FNDA:1,(anonymous_1)
DA:4,2
DA:5,2
DA:6,16
DA:7,1
DA:8,1
DA:9,0
DA:11,1
DA:12,1
LF:8
LH:7
BRDA:8,0,0,0
BRF:1
BRH:0
end_of_record
TN:
SF:src/repositories/product.repository.ts
FN:6,(anonymous_0)
FN:7,(anonymous_1)
FN:8,(anonymous_2)
FN:15,(anonymous_3)
FN:25,(anonymous_4)
FNF:5
FNH:0
FNDA:0,(anonymous_0)
FNDA:0,(anonymous_1)
FNDA:0,(anonymous_2)
FNDA:0,(anonymous_3)
FNDA:0,(anonymous_4)
DA:1,2
DA:3,2
DA:5,2
DA:6,0
DA:7,0
DA:14,0
DA:24,0
DA:25,0
LF:8
LH:3
BRF:0
BRH:0
end_of_record
TN:
SF:src/routes/auth.ts
FNF:0
FNH:0
DA:1,2
DA:2,2
DA:3,2
DA:4,2
DA:5,2
DA:6,2
DA:8,2
DA:26,2
DA:31,2
DA:41,2
DA:86,2
DA:128,2
DA:151,2
DA:194,2
DA:226,2
DA:228,2
LF:16
LH:16
BRF:0
BRH:0
end_of_record
TN:
SF:src/routes/basket.ts
FNF:0
FNH:0
DA:1,2
DA:2,2
DA:3,2
DA:4,2
DA:6,2
DA:21,2
DA:47,2
DA:68,2
DA:70,2
LF:9
LH:9
BRF:0
BRH:0
end_of_record
TN:
SF:src/routes/cart.ts
FNF:0
FNH:0
DA:1,2
DA:2,2
DA:3,2
DA:4,2
DA:5,2
DA:6,2
DA:8,2
DA:13,2
DA:39,2
DA:59,2
DA:80,2
DA:86,2
LF:12
LH:12
BRF:0
BRH:0
end_of_record
TN:
SF:src/routes/categories.ts
FNF:0
FNH:0
DA:1,2
DA:2,2
DA:3,2
DA:5,2
DA:14,2
DA:15,2
DA:20,2
LF:7
LH:7
BRF:0
BRH:0
end_of_record
TN:
SF:src/routes/health.ts
FN:3,(anonymous_0)
FNF:1
FNH:1
FNDA:1,(anonymous_0)
DA:1,2
DA:2,2
DA:3,2
DA:4,1
DA:6,2
LF:5
LH:5
BRF:0
BRH:0
end_of_record
TN:
SF:src/routes/orders.ts
FNF:0
FNH:0
DA:1,2
DA:2,2
DA:3,2
DA:4,2
DA:5,2
DA:6,2
DA:8,2
DA:12,2
DA:36,2
DA:64,2
DA:79,2
DA:85,2
LF:12
LH:12
BRF:0
BRH:0
end_of_record
TN:
SF:src/routes/products.ts
FNF:0
FNH:0
DA:29,2
DA:30,2
DA:31,2
DA:32,2
DA:33,2
DA:35,2
DA:43,2
DA:77,2
DA:98,2
DA:117,2
DA:136,2
DA:165,2
DA:188,2
DA:190,2
LF:14
LH:14
BRF:0
BRH:0
end_of_record
TN:
SF:src/routes/reviews.ts
FNF:0
FNH:0
DA:1,2
DA:2,2
DA:3,2
DA:4,2
DA:5,2
DA:6,2
DA:8,2
DA:13,2
DA:47,2
DA:71,2
DA:73,2
LF:11
LH:11
BRF:0
BRH:0
end_of_record
TN:
SF:src/services/authService.ts
FN:8,registerUser
FN:46,loginUser
FN:54,getUserProfile
FN:63,addUserAddress
FN:72,createGuestToken
FN:89,validateGuestToken
FNF:6
FNH:1
FNDA:0,registerUser
FNDA:0,loginUser
FNDA:0,getUserProfile
FNDA:0,addUserAddress
FNDA:1,createGuestToken
FNDA:0,validateGuestToken
DA:1,2
DA:2,2
DA:3,2
DA:4,2
DA:6,2
DA:8,2
DA:15,0
DA:19,0
DA:26,0
DA:43,0
DA:46,2
DA:47,0
DA:48,0
DA:49,0
DA:51,0
DA:54,2
DA:55,0
DA:63,2
DA:64,0
DA:72,2
DA:73,1
DA:74,1
DA:83,1
DA:89,2
DA:90,0
DA:91,0
DA:97,0
DA:98,0
DA:99,0
DA:100,0
DA:103,0
DA:105,0
LF:32
LH:14
BRDA:19,0,0,0
BRDA:19,0,1,0
BRDA:19,0,2,0
BRDA:19,0,3,0
BRDA:19,0,4,0
BRDA:19,0,5,0
BRDA:32,1,0,0
BRDA:32,1,1,0
BRDA:48,2,0,0
BRDA:48,3,0,0
BRDA:48,3,1,0
BRDA:97,4,0,0
BRDA:97,4,1,0
BRDA:99,5,0,0
BRF:14
BRH:0
end_of_record
TN:
SF:src/services/basketService.ts
FN:3,(anonymous_0)
FN:14,(anonymous_1)
FN:21,(anonymous_2)
FNF:3
FNH:0
FNDA:0,(anonymous_0)
FNDA:0,(anonymous_1)
FNDA:0,(anonymous_2)
DA:1,2
DA:3,2
DA:8,0
DA:14,2
DA:15,0
DA:21,2
DA:22,0
LF:7
LH:4
BRF:0
BRH:0
end_of_record
TN:
SF:src/services/cartService.ts
FN:3,(anonymous_0)
FN:46,(anonymous_1)
FN:57,(anonymous_2)
FN:70,(anonymous_3)
FNF:4
FNH:3
FNDA:1,(anonymous_0)
FNDA:2,(anonymous_1)
FNDA:1,(anonymous_2)
FNDA:0,(anonymous_3)
DA:1,2
DA:3,2
DA:10,1
DA:15,1
DA:16,1
DA:19,1
DA:26,1
DA:28,0
DA:35,1
DA:46,2
DA:47,2
DA:57,2
DA:62,1
DA:70,2
DA:71,0
LF:15
LH:13
BRDA:15,0,0,0
BRDA:16,1,0,0
BRDA:21,2,0,0
BRDA:21,2,1,1
BRDA:26,3,0,0
BRDA:26,3,1,1
BRDA:37,4,0,0
BRDA:37,4,1,1
BRDA:48,5,0,0
BRDA:48,5,1,2
BRDA:65,6,0,0
BRDA:65,6,1,1
BRDA:72,7,0,0
BRDA:72,7,1,0
BRF:14
BRH:5
end_of_record
TN:
SF:src/services/orderService.ts
FN:3,(anonymous_0)
FN:19,(anonymous_1)
FN:31,(anonymous_2)
FN:58,(anonymous_3)
FN:77,(anonymous_4)
FNF:5
FNH:0
FNDA:0,(anonymous_0)
FNDA:0,(anonymous_1)
FNDA:0,(anonymous_2)
FNDA:0,(anonymous_3)
FNDA:0,(anonymous_4)
DA:1,2
DA:3,2
DA:5,0
DA:14,0
DA:15,0
DA:19,0
DA:20,0
DA:21,0
DA:25,0
DA:31,0
DA:51,0
DA:55,0
DA:58,2
DA:59,0
DA:77,2
DA:78,0
LF:16
LH:4
BRDA:14,0,0,0
BRF:1
BRH:0
end_of_record
TN:
SF:src/services/productsService.ts
FN:3,(anonymous_0)
FN:26,(anonymous_1)
FN:43,(anonymous_2)
FNF:3
FNH:0
FNDA:0,(anonymous_0)
FNDA:0,(anonymous_1)
FNDA:0,(anonymous_2)
DA:1,2
DA:3,2
DA:4,0
DA:6,0
DA:7,0
DA:8,0
DA:9,0
DA:10,0
DA:12,0
DA:14,0
DA:26,2
DA:27,0
DA:43,2
DA:44,0
LF:14
LH:4
BRDA:3,0,0,0
BRDA:4,1,0,0
BRDA:4,2,0,0
BRDA:7,3,0,0
BRDA:8,4,0,0
BRDA:9,5,0,0
BRF:6
BRH:0
end_of_record
TN:
SF:src/services/reviewService.ts
FN:3,(anonymous_0)
FN:24,(anonymous_1)
FNF:2
FNH:0
FNDA:0,(anonymous_0)
FNDA:0,(anonymous_1)
DA:1,2
DA:3,2
DA:9,0
DA:24,2
DA:25,0
LF:5
LH:3
BRF:0
BRH:0
end_of_record
