TN:
SF:src/db.ts
FNF:0
FNH:0
DA:1,1
DA:2,1
LF:2
LH:2
BRF:0
BRH:0
end_of_record
TN:
SF:src/main.ts
FN:61,(anonymous_1)
FN:66,(anonymous_2)
FN:73,(anonymous_3)
FNF:3
FNH:0
FNDA:0,(anonymous_1)
FNDA:0,(anonymous_2)
FNDA:0,(anonymous_3)
DA:1,1
DA:2,1
DA:3,1
DA:4,1
DA:5,1
DA:6,1
DA:7,1
DA:8,1
DA:9,1
DA:12,1
DA:13,1
DA:14,1
DA:15,1
DA:16,1
DA:17,1
DA:18,1
DA:19,1
DA:20,1
DA:22,1
DA:23,1
DA:26,1
DA:27,1
DA:33,1
DA:34,1
DA:35,1
DA:36,1
DA:39,1
DA:40,1
DA:43,1
DA:44,1
DA:45,1
DA:46,1
DA:47,1
DA:48,1
DA:49,1
DA:50,1
DA:51,1
DA:54,1
DA:55,1
DA:58,1
DA:61,1
DA:62,0
DA:63,0
DA:66,1
DA:67,0
DA:68,0
DA:72,1
DA:73,0
DA:74,0
DA:78,1
LF:50
LH:44
BRDA:23,0,0,1
BRDA:23,0,1,0
BRDA:29,1,0,1
BRDA:29,1,1,0
BRDA:72,2,0,0
BRF:5
BRH:2
end_of_record
TN:
SF:src/swagger.ts
FNF:0
FNH:0
DA:1,1
LF:1
LH:1
BRF:0
BRH:0
end_of_record
TN:
SF:src/controllers/authController.ts
FN:16,(anonymous_0)
FN:22,(anonymous_1)
FN:28,(anonymous_2)
FN:35,(anonymous_3)
FN:41,(anonymous_4)
FN:46,(anonymous_5)
FN:67,(anonymous_6)
FN:87,(anonymous_7)
FN:109,(anonymous_8)
FN:132,(anonymous_9)
FN:153,(anonymous_10)
FNF:11
FNH:0
FNDA:0,(anonymous_0)
FNDA:0,(anonymous_1)
FNDA:0,(anonymous_2)
FNDA:0,(anonymous_3)
FNDA:0,(anonymous_4)
FNDA:0,(anonymous_5)
FNDA:0,(anonymous_6)
FNDA:0,(anonymous_7)
FNDA:0,(anonymous_8)
FNDA:0,(anonymous_9)
FNDA:0,(anonymous_10)
DA:2,1
DA:16,1
DA:17,0
DA:18,0
DA:19,0
DA:22,1
DA:23,0
DA:24,0
DA:25,0
DA:28,1
DA:29,0
DA:30,0
DA:31,0
DA:32,0
DA:35,1
DA:36,0
DA:37,0
DA:38,0
DA:41,1
DA:42,0
DA:43,0
DA:46,1
DA:47,0
DA:48,0
DA:50,0
DA:51,0
DA:52,0
DA:60,0
DA:61,0
DA:63,0
DA:67,1
DA:68,0
DA:69,0
DA:71,0
DA:72,0
DA:78,0
DA:80,0
DA:81,0
DA:83,0
DA:87,1
DA:88,0
DA:89,0
DA:91,0
DA:92,0
DA:97,0
DA:99,0
DA:100,0
DA:102,0
DA:103,0
DA:105,0
DA:109,1
DA:110,0
DA:112,0
DA:113,0
DA:114,0
DA:118,0
DA:122,0
DA:123,0
DA:125,0
DA:126,0
DA:128,0
DA:132,1
DA:133,0
DA:134,0
DA:136,0
DA:137,0
DA:140,0
DA:141,0
DA:142,0
DA:144,0
DA:145,0
DA:149,0
DA:153,1
DA:154,0
DA:155,0
DA:157,0
DA:158,0
DA:161,0
DA:162,0
DA:163,0
DA:165,0
DA:166,0
DA:170,0
LF:83
LH:12
BRDA:31,0,0,0
BRDA:60,1,0,0
BRDA:80,2,0,0
BRDA:99,3,0,0
BRDA:102,4,0,0
BRDA:113,5,0,0
BRDA:125,6,0,0
BRDA:136,7,0,0
BRDA:144,8,0,0
BRDA:157,9,0,0
BRDA:165,10,0,0
BRF:11
BRH:0
end_of_record
TN:
SF:src/controllers/basketController.ts
FN:4,(anonymous_9)
FN:10,(anonymous_10)
FN:17,(anonymous_11)
FN:24,(anonymous_12)
FNF:4
FNH:0
FNDA:0,(anonymous_9)
FNDA:0,(anonymous_10)
FNDA:0,(anonymous_11)
FNDA:0,(anonymous_12)
DA:2,1
DA:4,1
DA:5,0
DA:6,0
DA:7,0
DA:10,1
DA:11,0
DA:12,0
DA:13,0
DA:14,0
DA:17,1
DA:18,0
DA:19,0
DA:20,0
DA:21,0
DA:24,1
DA:25,0
DA:26,0
DA:27,0
LF:19
LH:5
BRF:0
BRH:0
end_of_record
TN:
SF:src/controllers/cartController.ts
FN:10,(anonymous_0)
FN:41,(anonymous_1)
FN:55,(anonymous_2)
FN:81,(anonymous_3)
FN:123,(anonymous_4)
FNF:5
FNH:0
FNDA:0,(anonymous_0)
FNDA:0,(anonymous_1)
FNDA:0,(anonymous_2)
FNDA:0,(anonymous_3)
FNDA:0,(anonymous_4)
DA:2,1
DA:10,1
DA:11,0
DA:12,0
DA:13,0
DA:14,0
DA:16,0
DA:18,0
DA:19,0
DA:21,0
DA:23,0
DA:25,0
DA:26,0
DA:31,0
DA:32,0
DA:37,0
DA:41,1
DA:42,0
DA:43,0
DA:44,0
DA:46,0
DA:47,0
DA:48,0
DA:50,0
DA:51,0
DA:55,1
DA:56,0
DA:57,0
DA:58,0
DA:59,0
DA:61,0
DA:62,0
DA:65,0
DA:66,0
DA:67,0
DA:69,0
DA:72,0
DA:74,0
DA:75,0
DA:77,0
DA:81,1
DA:82,0
DA:83,0
DA:84,0
DA:85,0
DA:86,0
DA:88,0
DA:89,0
DA:92,0
DA:93,0
DA:98,0
DA:100,0
DA:101,0
DA:108,0
DA:111,0
DA:113,0
DA:114,0
DA:116,0
DA:117,0
DA:119,0
DA:123,1
DA:124,0
DA:125,0
DA:126,0
DA:128,0
DA:129,0
DA:130,0
DA:132,0
DA:135,0
DA:137,0
LF:70
LH:6
BRDA:18,0,0,0
BRDA:18,0,1,0
BRDA:25,1,0,0
BRDA:31,2,0,0
BRDA:46,3,0,0
BRDA:46,3,1,0
BRDA:61,4,0,0
BRDA:66,5,0,0
BRDA:66,5,1,0
BRDA:74,6,0,0
BRDA:88,7,0,0
BRDA:92,8,0,0
BRDA:92,9,0,0
BRDA:92,9,1,0
BRDA:92,9,2,0
BRDA:100,10,0,0
BRDA:100,10,1,0
BRDA:113,11,0,0
BRDA:116,12,0,0
BRDA:129,13,0,0
BRDA:129,13,1,0
BRF:21
BRH:0
end_of_record
TN:
SF:src/controllers/categoryController.ts
FN:35,(anonymous_0)
FN:150,(anonymous_1)
FN:199,(anonymous_2)
FN:202,(anonymous_3)
FNF:4
FNH:0
FNDA:0,(anonymous_0)
FNDA:0,(anonymous_1)
FNDA:0,(anonymous_2)
FNDA:0,(anonymous_3)
DA:2,1
DA:4,1
DA:35,1
DA:36,0
DA:37,0
DA:43,0
DA:48,0
DA:49,0
DA:150,1
DA:151,0
DA:152,0
DA:153,0
DA:155,0
DA:156,0
DA:163,0
DA:167,0
DA:168,0
DA:174,0
DA:199,0
DA:201,0
DA:202,0
DA:206,0
DA:213,0
DA:218,0
DA:219,0
LF:25
LH:4
BRDA:155,0,0,0
BRDA:167,1,0,0
BRDA:201,2,0,0
BRDA:201,2,1,0
BRF:4
BRH:0
end_of_record
TN:
SF:src/controllers/orderController.ts
FN:8,(anonymous_0)
FN:41,(anonymous_1)
FN:55,(anonymous_2)
FNF:3
FNH:0
FNDA:0,(anonymous_0)
FNDA:0,(anonymous_1)
FNDA:0,(anonymous_2)
DA:2,1
DA:8,1
DA:9,0
DA:10,0
DA:12,0
DA:13,0
DA:14,0
DA:16,0
DA:17,0
DA:22,0
DA:26,0
DA:31,0
DA:32,0
DA:37,0
DA:41,1
DA:42,0
DA:43,0
DA:45,0
DA:46,0
DA:49,0
DA:50,0
DA:52,0
DA:55,1
DA:56,0
DA:57,0
DA:58,0
LF:26
LH:4
BRDA:16,0,0,0
BRDA:22,1,0,0
BRDA:23,2,0,0
BRDA:23,2,1,0
BRDA:31,3,0,0
BRDA:45,4,0,0
BRDA:50,5,0,0
BRF:7
BRH:0
end_of_record
TN:
SF:src/controllers/productsController.ts
FN:9,(anonymous_0)
FN:22,(anonymous_1)
FN:29,(anonymous_2)
FN:35,(anonymous_3)
FN:41,(anonymous_4)
FN:48,(anonymous_5)
FNF:6
FNH:0
FNDA:0,(anonymous_0)
FNDA:0,(anonymous_1)
FNDA:0,(anonymous_2)
FNDA:0,(anonymous_3)
FNDA:0,(anonymous_4)
FNDA:0,(anonymous_5)
DA:2,1
DA:3,1
DA:9,1
DA:10,0
DA:18,0
DA:19,0
DA:22,1
DA:23,0
DA:24,0
DA:25,0
DA:26,0
DA:29,1
DA:30,0
DA:31,0
DA:32,0
DA:35,1
DA:36,0
DA:37,0
DA:38,0
DA:41,1
DA:42,0
DA:43,0
DA:44,0
DA:45,0
DA:48,1
DA:49,0
DA:50,0
DA:51,0
LF:28
LH:8
BRDA:14,0,0,0
BRDA:14,0,1,0
BRDA:15,1,0,0
BRDA:15,1,1,0
BRDA:25,2,0,0
BRF:5
BRH:0
end_of_record
TN:
SF:src/controllers/reviewController.ts
FN:4,(anonymous_0)
FN:39,(anonymous_1)
FNF:2
FNH:0
FNDA:0,(anonymous_0)
FNDA:0,(anonymous_1)
DA:2,1
DA:4,1
DA:5,0
DA:6,0
DA:7,0
DA:9,0
DA:19,0
DA:36,0
DA:39,1
DA:40,0
DA:43,0
DA:44,0
DA:45,0
DA:46,0
DA:49,0
DA:50,0
DA:52,0
DA:53,0
DA:55,0
DA:56,0
DA:58,0
DA:59,0
DA:62,0
DA:70,0
LF:24
LH:3
BRDA:23,0,0,0
BRDA:23,0,1,0
BRDA:24,1,0,0
BRDA:24,1,1,0
BRDA:28,2,0,0
BRDA:28,2,1,0
BRDA:43,3,0,0
BRDA:43,3,1,0
BRDA:44,4,0,0
BRDA:44,4,1,0
BRDA:45,5,0,0
BRDA:45,5,1,0
BRDA:46,6,0,0
BRDA:46,6,1,0
BRDA:49,7,0,0
BRDA:52,8,0,0
BRDA:52,9,0,0
BRDA:52,9,1,0
BRDA:55,10,0,0
BRDA:58,11,0,0
BRF:20
BRH:0
end_of_record
TN:
SF:src/middleware/asyncHandler.ts
FN:3,(anonymous_0)
FN:6,(anonymous_1)
FNF:2
FNH:1
FNDA:36,(anonymous_0)
FNDA:0,(anonymous_1)
DA:3,1
DA:6,36
DA:7,0
LF:3
LH:2
BRF:0
BRH:0
end_of_record
TN:
SF:src/middleware/authMiddleware.ts
FN:7,authMiddleware
FN:39,optionalAuthMiddleware
FNF:2
FNH:0
FNDA:0,authMiddleware
FNDA:0,optionalAuthMiddleware
DA:2,1
DA:5,1
DA:7,1
DA:12,0
DA:13,0
DA:14,0
DA:16,0
DA:17,0
DA:23,0
DA:24,0
DA:25,0
DA:26,0
DA:27,0
DA:28,0
DA:30,0
DA:33,0
DA:35,0
DA:39,1
DA:44,0
DA:45,0
DA:46,0
DA:47,0
DA:50,0
DA:52,0
DA:53,0
DA:59,0
DA:60,0
DA:61,0
DA:62,0
DA:63,0
DA:64,0
DA:66,0
DA:69,0
DA:71,0
DA:72,0
LF:35
LH:4
BRDA:13,0,0,0
BRDA:23,1,0,0
BRDA:23,1,1,0
BRDA:26,2,0,0
BRDA:26,2,1,0
BRDA:26,3,0,0
BRDA:26,3,1,0
BRDA:45,4,0,0
BRDA:59,5,0,0
BRDA:59,5,1,0
BRDA:62,6,0,0
BRDA:62,6,1,0
BRDA:62,7,0,0
BRDA:62,7,1,0
BRF:14
BRH:0
end_of_record
TN:
SF:src/middleware/errorHandler.ts
FN:3,errorHandler
FNF:1
FNH:0
FNDA:0,errorHandler
DA:3,1
DA:10,0
DA:11,0
DA:12,0
LF:4
LH:1
BRDA:11,0,0,0
BRDA:11,0,1,0
BRDA:14,1,0,0
BRDA:14,1,1,0
BRF:4
BRH:0
end_of_record
TN:
SF:src/middleware/logger.ts
FNF:0
FNH:0
DA:1,1
DA:2,1
DA:4,1
LF:3
LH:3
BRDA:5,0,0,1
BRDA:5,0,1,1
BRF:2
BRH:2
end_of_record
TN:
SF:src/middleware/rateLimiter.ts
FNF:0
FNH:0
DA:1,1
DA:3,1
LF:2
LH:2
BRF:0
BRH:0
end_of_record
TN:
SF:src/middleware/upload.ts
FN:13,(anonymous_1)
FN:16,(anonymous_2)
FN:25,(anonymous_3)
FN:48,(anonymous_4)
FNF:4
FNH:0
FNDA:0,(anonymous_1)
FNDA:0,(anonymous_2)
FNDA:0,(anonymous_3)
FNDA:0,(anonymous_4)
DA:1,1
DA:2,1
DA:3,1
DA:6,1
DA:7,1
DA:8,0
DA:12,1
DA:14,0
DA:18,0
DA:19,0
DA:20,0
DA:25,1
DA:31,0
DA:32,0
DA:34,0
DA:39,1
DA:48,1
DA:49,0
DA:50,0
DA:51,0
DA:55,0
DA:58,0
DA:59,0
DA:62,0
LF:24
LH:9
BRDA:7,0,0,0
BRDA:20,1,0,0
BRDA:20,1,1,0
BRDA:31,2,0,0
BRDA:31,2,1,0
BRDA:49,3,0,0
BRDA:50,4,0,0
BRDA:58,5,0,0
BRF:8
BRH:0
end_of_record
TN:
SF:src/middleware/validation.ts
FN:5,(anonymous_0)
FN:6,(anonymous_1)
FNF:2
FNH:1
FNDA:14,(anonymous_0)
FNDA:0,(anonymous_1)
DA:4,1
DA:5,1
DA:6,14
DA:7,0
DA:8,0
DA:9,0
DA:11,0
DA:12,0
LF:8
LH:3
BRDA:8,0,0,0
BRF:1
BRH:0
end_of_record
TN:
SF:src/repositories/product.repository.ts
FN:6,(anonymous_0)
FN:7,(anonymous_1)
FN:8,(anonymous_2)
FN:15,(anonymous_3)
FN:25,(anonymous_4)
FNF:5
FNH:0
FNDA:0,(anonymous_0)
FNDA:0,(anonymous_1)
FNDA:0,(anonymous_2)
FNDA:0,(anonymous_3)
FNDA:0,(anonymous_4)
DA:1,1
DA:3,1
DA:5,1
DA:6,0
DA:7,0
DA:14,0
DA:24,0
DA:25,0
LF:8
LH:3
BRF:0
BRH:0
end_of_record
TN:
SF:src/routes/auth.ts
FN:67,(anonymous_9)
FNF:1
FNH:0
FNDA:0,(anonymous_9)
DA:1,1
DA:2,1
DA:3,1
DA:4,1
DA:5,1
DA:6,1
DA:7,1
DA:9,1
DA:27,1
DA:32,1
DA:42,1
DA:48,1
DA:55,1
DA:69,0
DA:76,1
DA:121,1
DA:163,1
DA:186,1
DA:229,1
DA:273,1
DA:315,1
DA:362,1
DA:458,1
DA:465,1
DA:490,1
DA:492,1
LF:26
LH:25
BRF:0
BRH:0
end_of_record
TN:
SF:src/routes/basket.ts
FNF:0
FNH:0
DA:1,1
DA:2,1
DA:3,1
DA:4,1
DA:6,1
DA:21,1
DA:47,1
DA:62,1
DA:83,1
DA:85,1
LF:10
LH:10
BRF:0
BRH:0
end_of_record
TN:
SF:src/routes/cart.ts
FNF:0
FNH:0
DA:1,1
DA:2,1
DA:3,1
DA:4,1
DA:5,1
DA:6,1
DA:8,1
DA:13,1
DA:17,1
DA:73,1
DA:121,1
DA:136,1
DA:157,1
DA:222,1
DA:229,1
LF:15
LH:15
BRF:0
BRH:0
end_of_record
TN:
SF:src/routes/categories.ts
FNF:0
FNH:0
DA:1,1
DA:2,1
DA:3,1
DA:5,1
DA:14,1
DA:15,1
DA:20,1
LF:7
LH:7
BRF:0
BRH:0
end_of_record
TN:
SF:src/routes/health.ts
FN:3,(anonymous_0)
FNF:1
FNH:1
FNDA:1,(anonymous_0)
DA:1,1
DA:2,1
DA:3,1
DA:4,1
DA:6,1
LF:5
LH:5
BRF:0
BRH:0
end_of_record
TN:
SF:src/routes/orders.ts
FNF:0
FNH:0
DA:1,1
DA:2,1
DA:3,1
DA:4,1
DA:5,1
DA:6,1
DA:8,1
DA:13,1
DA:23,1
DA:30,1
DA:36,1
DA:138,1
DA:239,1
DA:241,1
LF:14
LH:14
BRF:0
BRH:0
end_of_record
TN:
SF:src/routes/products.ts
FNF:0
FNH:0
DA:29,1
DA:30,1
DA:31,1
DA:32,1
DA:33,1
DA:34,1
DA:35,1
DA:37,1
DA:45,1
DA:52,1
DA:86,1
DA:107,1
DA:126,1
DA:145,1
DA:245,1
DA:269,1
DA:298,1
DA:321,1
DA:323,1
LF:19
LH:19
BRF:0
BRH:0
end_of_record
TN:
SF:src/routes/reviews.ts
FNF:0
FNH:0
DA:1,1
DA:2,1
DA:3,1
DA:4,1
DA:5,1
DA:6,1
DA:8,1
DA:13,1
DA:47,1
DA:184,1
DA:186,1
LF:11
LH:11
BRF:0
BRH:0
end_of_record
TN:
SF:src/routes/users.ts
FNF:0
FNH:0
DA:1,1
DA:2,1
DA:3,1
DA:4,1
DA:5,1
DA:6,1
DA:7,1
DA:9,1
DA:16,1
DA:123,1
DA:125,1
DA:217,1
DA:223,1
LF:13
LH:13
BRF:0
BRH:0
end_of_record
TN:
SF:src/services/authService.ts
FN:8,registerUser
FN:46,loginUser
FN:54,getUserProfile
FN:85,addUserAddress
FN:94,createGuestToken
FN:111,validateGuestToken
FN:131,updateUserProfile
FN:161,updateUserProfileWithDetails
FN:233,updateUserPassword
FN:271,updateUserAvatar
FN:300,updateUserAddress
FN:327,(anonymous_12)
FN:349,deleteUserAddress
FNF:13
FNH:0
FNDA:0,registerUser
FNDA:0,loginUser
FNDA:0,getUserProfile
FNDA:0,addUserAddress
FNDA:0,createGuestToken
FNDA:0,validateGuestToken
FNDA:0,updateUserProfile
FNDA:0,updateUserProfileWithDetails
FNDA:0,updateUserPassword
FNDA:0,updateUserAvatar
FNDA:0,updateUserAddress
FNDA:0,(anonymous_12)
FNDA:0,deleteUserAddress
DA:1,1
DA:2,1
DA:3,1
DA:4,1
DA:6,1
DA:8,1
DA:15,0
DA:19,0
DA:26,0
DA:43,0
DA:46,1
DA:47,0
DA:48,0
DA:49,0
DA:51,0
DA:54,1
DA:55,0
DA:62,0
DA:63,0
DA:67,0
DA:68,0
DA:69,0
DA:72,0
DA:85,1
DA:86,0
DA:94,1
DA:95,0
DA:96,0
DA:105,0
DA:111,1
DA:112,0
DA:113,0
DA:119,0
DA:120,0
DA:121,0
DA:122,0
DA:125,0
DA:127,0
DA:131,1
DA:140,0
DA:141,0
DA:147,0
DA:148,0
DA:152,0
DA:161,1
DA:171,0
DA:172,0
DA:173,0
DA:177,0
DA:180,0
DA:181,0
DA:184,0
DA:188,0
DA:190,0
DA:194,0
DA:195,0
DA:196,0
DA:199,0
DA:200,0
DA:201,0
DA:202,0
DA:204,0
DA:213,0
DA:216,0
DA:217,0
DA:219,0
DA:233,1
DA:239,0
DA:243,0
DA:244,0
DA:248,0
DA:253,0
DA:254,0
DA:258,0
DA:261,0
DA:268,0
DA:271,1
DA:272,0
DA:276,0
DA:277,0
DA:281,0
DA:291,0
DA:300,1
DA:314,0
DA:321,0
DA:322,0
DA:326,0
DA:327,0
DA:331,0
DA:336,0
DA:349,1
DA:351,0
DA:358,0
DA:359,0
DA:363,0
DA:367,0
LF:96
LH:17
BRDA:19,0,0,0
BRDA:19,0,1,0
BRDA:19,0,2,0
BRDA:19,0,3,0
BRDA:19,0,4,0
BRDA:19,0,5,0
BRDA:32,1,0,0
BRDA:32,1,1,0
BRDA:48,2,0,0
BRDA:48,3,0,0
BRDA:48,3,1,0
BRDA:62,4,0,0
BRDA:67,5,0,0
BRDA:67,5,1,0
BRDA:68,6,0,0
BRDA:68,6,1,0
BRDA:69,7,0,0
BRDA:69,7,1,0
BRDA:77,8,0,0
BRDA:77,8,1,0
BRDA:78,9,0,0
BRDA:78,9,1,0
BRDA:79,10,0,0
BRDA:79,10,1,0
BRDA:119,11,0,0
BRDA:119,11,1,0
BRDA:121,12,0,0
BRDA:140,13,0,0
BRDA:147,14,0,0
BRDA:172,15,0,0
BRDA:172,16,0,0
BRDA:172,16,1,0
BRDA:177,17,0,0
BRDA:177,17,1,0
BRDA:180,18,0,0
BRDA:180,18,1,0
BRDA:181,19,0,0
BRDA:181,19,1,0
BRDA:184,20,0,0
BRDA:184,20,1,0
BRDA:188,21,0,0
BRDA:188,21,1,0
BRDA:195,22,0,0
BRDA:200,23,0,0
BRDA:201,24,0,0
BRDA:202,25,0,0
BRDA:213,26,0,0
BRDA:213,26,1,0
BRDA:216,27,0,0
BRDA:216,27,1,0
BRDA:217,28,0,0
BRDA:217,28,1,0
BRDA:224,29,0,0
BRDA:224,29,1,0
BRDA:225,30,0,0
BRDA:225,30,1,0
BRDA:226,31,0,0
BRDA:226,31,1,0
BRDA:243,32,0,0
BRDA:253,33,0,0
BRDA:276,34,0,0
BRDA:321,35,0,0
BRDA:358,36,0,0
BRF:63
BRH:0
end_of_record
TN:
SF:src/services/basketService.ts
FN:3,(anonymous_0)
FN:14,(anonymous_1)
FN:21,(anonymous_2)
FN:27,(anonymous_3)
FNF:4
FNH:0
FNDA:0,(anonymous_0)
FNDA:0,(anonymous_1)
FNDA:0,(anonymous_2)
FNDA:0,(anonymous_3)
DA:1,1
DA:3,1
DA:8,0
DA:14,1
DA:15,0
DA:21,1
DA:22,0
DA:27,1
DA:28,0
LF:9
LH:5
BRF:0
BRH:0
end_of_record
TN:
SF:src/services/cartService.ts
FN:3,(anonymous_0)
FN:62,(anonymous_1)
FN:74,(anonymous_2)
FN:89,(anonymous_3)
FN:112,(anonymous_4)
FN:119,(anonymous_5)
FNF:6
FNH:0
FNDA:0,(anonymous_0)
FNDA:0,(anonymous_1)
FNDA:0,(anonymous_2)
FNDA:0,(anonymous_3)
FNDA:0,(anonymous_4)
FNDA:0,(anonymous_5)
DA:1,1
DA:3,1
DA:10,0
DA:15,0
DA:16,0
DA:19,0
DA:22,0
DA:27,0
DA:29,0
DA:36,0
DA:40,0
DA:47,0
DA:62,1
DA:63,0
DA:64,0
DA:74,0
DA:89,1
DA:94,0
DA:99,0
DA:103,0
DA:104,0
DA:107,0
DA:112,1
DA:113,0
DA:114,0
DA:119,1
DA:125,0
DA:130,0
DA:135,0
DA:136,0
DA:140,0
DA:141,0
DA:145,0
DA:152,0
LF:34
LH:6
BRDA:15,0,0,0
BRDA:16,1,0,0
BRDA:19,2,0,0
BRDA:19,2,1,0
BRDA:27,3,0,0
BRDA:27,3,1,0
BRDA:36,4,0,0
BRDA:36,4,1,0
BRDA:63,5,0,0
BRDA:63,5,1,0
BRDA:94,6,0,0
BRDA:94,6,1,0
BRDA:103,7,0,0
BRDA:113,8,0,0
BRDA:113,8,1,0
BRDA:125,9,0,0
BRDA:125,9,1,0
BRDA:135,10,0,0
BRDA:140,11,0,0
BRF:19
BRH:0
end_of_record
TN:
SF:src/services/orderService.ts
FN:25,(anonymous_0)
FN:140,(anonymous_1)
FN:159,(anonymous_2)
FN:184,(anonymous_3)
FN:218,(anonymous_4)
FN:235,(anonymous_5)
FN:237,(anonymous_6)
FNF:7
FNH:0
FNDA:0,(anonymous_0)
FNDA:0,(anonymous_1)
FNDA:0,(anonymous_2)
FNDA:0,(anonymous_3)
FNDA:0,(anonymous_4)
FNDA:0,(anonymous_5)
FNDA:0,(anonymous_6)
DA:1,1
DA:25,1
DA:31,0
DA:32,0
DA:36,0
DA:37,0
DA:42,0
DA:43,0
DA:46,0
DA:47,0
DA:52,0
DA:53,0
DA:55,0
DA:56,0
DA:61,0
DA:62,0
DA:63,0
DA:65,0
DA:74,0
DA:85,0
DA:86,0
DA:88,0
DA:100,0
DA:104,0
DA:126,0
DA:127,0
DA:138,0
DA:140,0
DA:159,1
DA:160,0
DA:177,0
DA:178,0
DA:182,0
DA:184,0
DA:218,1
DA:219,0
DA:235,0
DA:237,0
LF:38
LH:4
BRDA:31,0,0,0
BRDA:42,1,0,0
BRDA:46,2,0,0
BRDA:85,3,0,0
BRDA:85,3,1,0
BRDA:177,4,0,0
BRDA:199,5,0,0
BRDA:199,5,1,0
BRDA:252,6,0,0
BRDA:252,6,1,0
BRF:10
BRH:0
end_of_record
TN:
SF:src/services/productsService.ts
FN:3,(anonymous_0)
FN:32,(anonymous_1)
FN:35,(anonymous_2)
FN:47,(anonymous_3)
FN:69,(anonymous_4)
FN:81,(anonymous_5)
FNF:6
FNH:0
FNDA:0,(anonymous_0)
FNDA:0,(anonymous_1)
FNDA:0,(anonymous_2)
FNDA:0,(anonymous_3)
FNDA:0,(anonymous_4)
FNDA:0,(anonymous_5)
DA:1,1
DA:3,1
DA:4,0
DA:6,0
DA:7,0
DA:8,0
DA:9,0
DA:10,0
DA:12,0
DA:14,0
DA:32,0
DA:34,0
DA:35,0
DA:39,0
DA:47,1
DA:48,0
DA:64,0
DA:68,0
DA:69,0
DA:73,0
DA:81,1
DA:82,0
LF:22
LH:4
BRDA:3,0,0,0
BRDA:4,1,0,0
BRDA:4,2,0,0
BRDA:7,3,0,0
BRDA:8,4,0,0
BRDA:9,5,0,0
BRDA:34,6,0,0
BRDA:34,6,1,0
BRDA:64,7,0,0
BRDA:68,8,0,0
BRDA:68,8,1,0
BRF:11
BRH:0
end_of_record
TN:
SF:src/services/reviewService.ts
FN:3,(anonymous_0)
FN:41,(anonymous_1)
FN:102,(anonymous_2)
FN:108,(anonymous_3)
FNF:4
FNH:0
FNDA:0,(anonymous_0)
FNDA:0,(anonymous_1)
FNDA:0,(anonymous_2)
FNDA:0,(anonymous_3)
DA:1,1
DA:3,1
DA:11,0
DA:41,1
DA:48,0
DA:51,0
DA:54,0
DA:59,0
DA:77,0
DA:86,0
DA:94,0
DA:102,0
DA:103,0
DA:108,0
DA:125,0
LF:15
LH:3
BRDA:18,0,0,0
BRDA:18,0,1,0
BRDA:44,1,0,0
BRDA:45,2,0,0
BRDA:46,3,0,0
BRDA:47,4,0,0
BRDA:112,5,0,0
BRDA:112,5,1,0
BRDA:113,6,0,0
BRDA:113,6,1,0
BRDA:115,7,0,0
BRDA:115,7,1,0
BRDA:116,8,0,0
BRDA:116,8,1,0
BRDA:117,9,0,0
BRDA:117,9,1,0
BRDA:131,10,0,0
BRDA:131,10,1,0
BRF:18
BRH:0
end_of_record
